INFO - 2025-05-26 14:31:46 --> Used the default controller.
INFO - 2025-05-26 14:31:46 --> Session: Class initialized using 'CodeIgniter\Session\Handlers\FileHandler' driver.
WARNING - 2025-05-26 14:31:46 --> Session: Sessions is enabled, and one exists.Please don't $session->start();
INFO - 2025-05-26 14:32:14 --> Session: Class initialized using 'CodeIgniter\Session\Handlers\FileHandler' driver.
WARNING - 2025-05-26 14:32:14 --> Session: Sessions is enabled, and one exists.Please don't $session->start();
CRITICAL - 2025-05-26 14:32:14 --> Trying to access array offset on value of type null
#0 /Users/redhorivai/Documents/sribertech/aplikasi pendaftaran dan pengumuman siswa/app/Controllers/Login.php(37): CodeIgniter\Debug\Exceptions->errorHandler(8, 'Trying to acces...', '/Users/redhoriv...', 37, Array)
#1 /Users/redhorivai/Documents/sribertech/aplikasi pendaftaran dan pengumuman siswa/system/CodeIgniter.php(918): App\Controllers\Login->get_login()
#2 /Users/redhorivai/Documents/sribertech/aplikasi pendaftaran dan pengumuman siswa/system/CodeIgniter.php(404): CodeIgniter\CodeIgniter->runController(Object(App\Controllers\Login))
#3 /Users/redhorivai/Documents/sribertech/aplikasi pendaftaran dan pengumuman siswa/system/CodeIgniter.php(312): CodeIgniter\CodeIgniter->handleRequest(NULL, Object(Config\Cache), false)
#4 /Users/redhorivai/Documents/sribertech/aplikasi pendaftaran dan pengumuman siswa/public/index.php(45): CodeIgniter\CodeIgniter->run()
#5 /Users/redhorivai/Documents/sribertech/aplikasi pendaftaran dan pengumuman siswa/system/Commands/Server/rewrite.php(34): require_once('/Users/redhoriv...')
#6 {main}
INFO - 2025-05-26 14:32:16 --> Session: Class initialized using 'CodeIgniter\Session\Handlers\FileHandler' driver.
WARNING - 2025-05-26 14:32:16 --> Session: Sessions is enabled, and one exists.Please don't $session->start();
INFO - 2025-05-26 14:32:18 --> Session: Class initialized using 'CodeIgniter\Session\Handlers\FileHandler' driver.
WARNING - 2025-05-26 14:32:18 --> Session: Sessions is enabled, and one exists.Please don't $session->start();
INFO - 2025-05-26 14:32:21 --> Session: Class initialized using 'CodeIgniter\Session\Handlers\FileHandler' driver.
WARNING - 2025-05-26 14:32:21 --> Session: Sessions is enabled, and one exists.Please don't $session->start();
INFO - 2025-05-26 14:32:22 --> Session: Class initialized using 'CodeIgniter\Session\Handlers\FileHandler' driver.
WARNING - 2025-05-26 14:32:22 --> Session: Sessions is enabled, and one exists.Please don't $session->start();
INFO - 2025-05-26 14:32:24 --> Session: Class initialized using 'CodeIgniter\Session\Handlers\FileHandler' driver.
WARNING - 2025-05-26 14:32:24 --> Session: Sessions is enabled, and one exists.Please don't $session->start();
INFO - 2025-05-26 14:32:26 --> Session: Class initialized using 'CodeIgniter\Session\Handlers\FileHandler' driver.
WARNING - 2025-05-26 14:32:26 --> Session: Sessions is enabled, and one exists.Please don't $session->start();
INFO - 2025-05-26 14:32:27 --> Session: Class initialized using 'CodeIgniter\Session\Handlers\FileHandler' driver.
WARNING - 2025-05-26 14:32:27 --> Session: Sessions is enabled, and one exists.Please don't $session->start();
INFO - 2025-05-26 15:01:06 --> Session: Class initialized using 'CodeIgniter\Session\Handlers\FileHandler' driver.
WARNING - 2025-05-26 15:01:06 --> Session: Sessions is enabled, and one exists.Please don't $session->start();
INFO - 2025-05-26 15:01:07 --> Session: Class initialized using 'CodeIgniter\Session\Handlers\FileHandler' driver.
WARNING - 2025-05-26 15:01:07 --> Session: Sessions is enabled, and one exists.Please don't $session->start();
INFO - 2025-05-26 15:01:09 --> Session: Class initialized using 'CodeIgniter\Session\Handlers\FileHandler' driver.
WARNING - 2025-05-26 15:01:09 --> Session: Sessions is enabled, and one exists.Please don't $session->start();
INFO - 2025-05-26 15:01:17 --> Session: Class initialized using 'CodeIgniter\Session\Handlers\FileHandler' driver.
WARNING - 2025-05-26 15:01:17 --> Session: Sessions is enabled, and one exists.Please don't $session->start();
INFO - 2025-05-26 15:01:18 --> Session: Class initialized using 'CodeIgniter\Session\Handlers\FileHandler' driver.
WARNING - 2025-05-26 15:01:18 --> Session: Sessions is enabled, and one exists.Please don't $session->start();
INFO - 2025-05-26 15:01:19 --> Session: Class initialized using 'CodeIgniter\Session\Handlers\FileHandler' driver.
WARNING - 2025-05-26 15:01:19 --> Session: Sessions is enabled, and one exists.Please don't $session->start();
INFO - 2025-05-26 15:01:20 --> Session: Class initialized using 'CodeIgniter\Session\Handlers\FileHandler' driver.
WARNING - 2025-05-26 15:01:20 --> Session: Sessions is enabled, and one exists.Please don't $session->start();
INFO - 2025-05-26 15:01:21 --> Session: Class initialized using 'CodeIgniter\Session\Handlers\FileHandler' driver.
WARNING - 2025-05-26 15:01:21 --> Session: Sessions is enabled, and one exists.Please don't $session->start();
INFO - 2025-05-26 15:01:21 --> Session: Class initialized using 'CodeIgniter\Session\Handlers\FileHandler' driver.
WARNING - 2025-05-26 15:01:21 --> Session: Sessions is enabled, and one exists.Please don't $session->start();
INFO - 2025-05-26 15:01:22 --> Session: Class initialized using 'CodeIgniter\Session\Handlers\FileHandler' driver.
WARNING - 2025-05-26 15:01:22 --> Session: Sessions is enabled, and one exists.Please don't $session->start();
INFO - 2025-05-26 15:01:34 --> Session: Class initialized using 'CodeIgniter\Session\Handlers\FileHandler' driver.
WARNING - 2025-05-26 15:01:34 --> Session: Sessions is enabled, and one exists.Please don't $session->start();
INFO - 2025-05-26 15:01:36 --> Session: Class initialized using 'CodeIgniter\Session\Handlers\FileHandler' driver.
WARNING - 2025-05-26 15:01:36 --> Session: Sessions is enabled, and one exists.Please don't $session->start();
INFO - 2025-05-26 15:01:36 --> Session: Class initialized using 'CodeIgniter\Session\Handlers\FileHandler' driver.
WARNING - 2025-05-26 15:01:36 --> Session: Sessions is enabled, and one exists.Please don't $session->start();
INFO - 2025-05-26 15:01:37 --> Session: Class initialized using 'CodeIgniter\Session\Handlers\FileHandler' driver.
WARNING - 2025-05-26 15:01:37 --> Session: Sessions is enabled, and one exists.Please don't $session->start();
INFO - 2025-05-26 15:01:38 --> Session: Class initialized using 'CodeIgniter\Session\Handlers\FileHandler' driver.
WARNING - 2025-05-26 15:01:38 --> Session: Sessions is enabled, and one exists.Please don't $session->start();
INFO - 2025-05-26 15:01:42 --> Session: Class initialized using 'CodeIgniter\Session\Handlers\FileHandler' driver.
WARNING - 2025-05-26 15:01:42 --> Session: Sessions is enabled, and one exists.Please don't $session->start();
INFO - 2025-05-26 15:01:42 --> Session: Class initialized using 'CodeIgniter\Session\Handlers\FileHandler' driver.
WARNING - 2025-05-26 15:01:42 --> Session: Sessions is enabled, and one exists.Please don't $session->start();
INFO - 2025-05-26 15:01:45 --> Session: Class initialized using 'CodeIgniter\Session\Handlers\FileHandler' driver.
WARNING - 2025-05-26 15:01:45 --> Session: Sessions is enabled, and one exists.Please don't $session->start();
INFO - 2025-05-26 15:01:45 --> Session: Class initialized using 'CodeIgniter\Session\Handlers\FileHandler' driver.
WARNING - 2025-05-26 15:01:45 --> Session: Sessions is enabled, and one exists.Please don't $session->start();
INFO - 2025-05-26 15:01:46 --> Session: Class initialized using 'CodeIgniter\Session\Handlers\FileHandler' driver.
WARNING - 2025-05-26 15:01:46 --> Session: Sessions is enabled, and one exists.Please don't $session->start();
INFO - 2025-05-26 15:01:47 --> Session: Class initialized using 'CodeIgniter\Session\Handlers\FileHandler' driver.
WARNING - 2025-05-26 15:01:47 --> Session: Sessions is enabled, and one exists.Please don't $session->start();
INFO - 2025-05-26 15:01:48 --> Session: Class initialized using 'CodeIgniter\Session\Handlers\FileHandler' driver.
WARNING - 2025-05-26 15:01:48 --> Session: Sessions is enabled, and one exists.Please don't $session->start();
INFO - 2025-05-26 15:01:49 --> Session: Class initialized using 'CodeIgniter\Session\Handlers\FileHandler' driver.
WARNING - 2025-05-26 15:01:49 --> Session: Sessions is enabled, and one exists.Please don't $session->start();
INFO - 2025-05-26 15:01:55 --> Session: Class initialized using 'CodeIgniter\Session\Handlers\FileHandler' driver.
WARNING - 2025-05-26 15:01:55 --> Session: Sessions is enabled, and one exists.Please don't $session->start();
INFO - 2025-05-26 15:01:55 --> Session: Class initialized using 'CodeIgniter\Session\Handlers\FileHandler' driver.
WARNING - 2025-05-26 15:01:55 --> Session: Sessions is enabled, and one exists.Please don't $session->start();
INFO - 2025-05-26 15:01:57 --> Session: Class initialized using 'CodeIgniter\Session\Handlers\FileHandler' driver.
WARNING - 2025-05-26 15:01:57 --> Session: Sessions is enabled, and one exists.Please don't $session->start();
INFO - 2025-05-26 15:05:26 --> Session: Class initialized using 'CodeIgniter\Session\Handlers\FileHandler' driver.
WARNING - 2025-05-26 15:05:26 --> Session: Sessions is enabled, and one exists.Please don't $session->start();
INFO - 2025-05-26 15:05:27 --> Session: Class initialized using 'CodeIgniter\Session\Handlers\FileHandler' driver.
WARNING - 2025-05-26 15:05:27 --> Session: Sessions is enabled, and one exists.Please don't $session->start();
INFO - 2025-05-26 15:05:32 --> Session: Class initialized using 'CodeIgniter\Session\Handlers\FileHandler' driver.
WARNING - 2025-05-26 15:05:32 --> Session: Sessions is enabled, and one exists.Please don't $session->start();
INFO - 2025-05-26 15:05:32 --> Session: Class initialized using 'CodeIgniter\Session\Handlers\FileHandler' driver.
WARNING - 2025-05-26 15:05:32 --> Session: Sessions is enabled, and one exists.Please don't $session->start();
INFO - 2025-05-26 15:05:33 --> Session: Class initialized using 'CodeIgniter\Session\Handlers\FileHandler' driver.
WARNING - 2025-05-26 15:05:33 --> Session: Sessions is enabled, and one exists.Please don't $session->start();
INFO - 2025-05-26 15:05:34 --> Session: Class initialized using 'CodeIgniter\Session\Handlers\FileHandler' driver.
WARNING - 2025-05-26 15:05:34 --> Session: Sessions is enabled, and one exists.Please don't $session->start();
INFO - 2025-05-26 15:05:35 --> Session: Class initialized using 'CodeIgniter\Session\Handlers\FileHandler' driver.
WARNING - 2025-05-26 15:05:35 --> Session: Sessions is enabled, and one exists.Please don't $session->start();
INFO - 2025-05-26 15:05:36 --> Session: Class initialized using 'CodeIgniter\Session\Handlers\FileHandler' driver.
WARNING - 2025-05-26 15:05:36 --> Session: Sessions is enabled, and one exists.Please don't $session->start();
INFO - 2025-05-26 15:05:37 --> Session: Class initialized using 'CodeIgniter\Session\Handlers\FileHandler' driver.
WARNING - 2025-05-26 15:05:37 --> Session: Sessions is enabled, and one exists.Please don't $session->start();
INFO - 2025-05-26 15:06:54 --> Session: Class initialized using 'CodeIgniter\Session\Handlers\FileHandler' driver.
WARNING - 2025-05-26 15:06:54 --> Session: Sessions is enabled, and one exists.Please don't $session->start();
INFO - 2025-05-26 15:08:09 --> Session: Class initialized using 'CodeIgniter\Session\Handlers\FileHandler' driver.
WARNING - 2025-05-26 15:08:09 --> Session: Sessions is enabled, and one exists.Please don't $session->start();
INFO - 2025-05-26 15:08:51 --> Session: Class initialized using 'CodeIgniter\Session\Handlers\FileHandler' driver.
WARNING - 2025-05-26 15:08:51 --> Session: Sessions is enabled, and one exists.Please don't $session->start();
INFO - 2025-05-26 15:09:05 --> Session: Class initialized using 'CodeIgniter\Session\Handlers\FileHandler' driver.
WARNING - 2025-05-26 15:09:05 --> Session: Sessions is enabled, and one exists.Please don't $session->start();
INFO - 2025-05-26 15:09:59 --> Session: Class initialized using 'CodeIgniter\Session\Handlers\FileHandler' driver.
WARNING - 2025-05-26 15:09:59 --> Session: Sessions is enabled, and one exists.Please don't $session->start();
INFO - 2025-05-26 15:10:19 --> Session: Class initialized using 'CodeIgniter\Session\Handlers\FileHandler' driver.
WARNING - 2025-05-26 15:10:19 --> Session: Sessions is enabled, and one exists.Please don't $session->start();
INFO - 2025-05-26 15:10:37 --> Session: Class initialized using 'CodeIgniter\Session\Handlers\FileHandler' driver.
WARNING - 2025-05-26 15:10:37 --> Session: Sessions is enabled, and one exists.Please don't $session->start();
INFO - 2025-05-26 15:11:03 --> Session: Class initialized using 'CodeIgniter\Session\Handlers\FileHandler' driver.
WARNING - 2025-05-26 15:11:03 --> Session: Sessions is enabled, and one exists.Please don't $session->start();
INFO - 2025-05-26 15:11:47 --> Session: Class initialized using 'CodeIgniter\Session\Handlers\FileHandler' driver.
WARNING - 2025-05-26 15:11:47 --> Session: Sessions is enabled, and one exists.Please don't $session->start();
INFO - 2025-05-26 15:11:58 --> Session: Class initialized using 'CodeIgniter\Session\Handlers\FileHandler' driver.
WARNING - 2025-05-26 15:11:58 --> Session: Sessions is enabled, and one exists.Please don't $session->start();
INFO - 2025-05-26 15:14:48 --> Session: Class initialized using 'CodeIgniter\Session\Handlers\FileHandler' driver.
WARNING - 2025-05-26 15:14:48 --> Session: Sessions is enabled, and one exists.Please don't $session->start();
INFO - 2025-05-26 15:15:25 --> Session: Class initialized using 'CodeIgniter\Session\Handlers\FileHandler' driver.
WARNING - 2025-05-26 15:15:25 --> Session: Sessions is enabled, and one exists.Please don't $session->start();
INFO - 2025-05-26 15:16:14 --> Session: Class initialized using 'CodeIgniter\Session\Handlers\FileHandler' driver.
WARNING - 2025-05-26 15:16:14 --> Session: Sessions is enabled, and one exists.Please don't $session->start();
INFO - 2025-05-26 15:16:47 --> Session: Class initialized using 'CodeIgniter\Session\Handlers\FileHandler' driver.
WARNING - 2025-05-26 15:16:47 --> Session: Sessions is enabled, and one exists.Please don't $session->start();
INFO - 2025-05-26 15:17:07 --> Session: Class initialized using 'CodeIgniter\Session\Handlers\FileHandler' driver.
WARNING - 2025-05-26 15:17:07 --> Session: Sessions is enabled, and one exists.Please don't $session->start();
INFO - 2025-05-26 15:19:08 --> Session: Class initialized using 'CodeIgniter\Session\Handlers\FileHandler' driver.
WARNING - 2025-05-26 15:19:08 --> Session: Sessions is enabled, and one exists.Please don't $session->start();
INFO - 2025-05-26 15:20:54 --> Session: Class initialized using 'CodeIgniter\Session\Handlers\FileHandler' driver.
WARNING - 2025-05-26 15:20:54 --> Session: Sessions is enabled, and one exists.Please don't $session->start();
INFO - 2025-05-26 15:21:26 --> Session: Class initialized using 'CodeIgniter\Session\Handlers\FileHandler' driver.
WARNING - 2025-05-26 15:21:26 --> Session: Sessions is enabled, and one exists.Please don't $session->start();
INFO - 2025-05-26 15:21:36 --> Session: Class initialized using 'CodeIgniter\Session\Handlers\FileHandler' driver.
WARNING - 2025-05-26 15:21:36 --> Session: Sessions is enabled, and one exists.Please don't $session->start();
INFO - 2025-05-26 15:21:53 --> Session: Class initialized using 'CodeIgniter\Session\Handlers\FileHandler' driver.
WARNING - 2025-05-26 15:21:53 --> Session: Sessions is enabled, and one exists.Please don't $session->start();
INFO - 2025-05-26 15:22:29 --> Session: Class initialized using 'CodeIgniter\Session\Handlers\FileHandler' driver.
WARNING - 2025-05-26 15:22:29 --> Session: Sessions is enabled, and one exists.Please don't $session->start();
INFO - 2025-05-26 15:25:16 --> Session: Class initialized using 'CodeIgniter\Session\Handlers\FileHandler' driver.
WARNING - 2025-05-26 15:25:16 --> Session: Sessions is enabled, and one exists.Please don't $session->start();
INFO - 2025-05-26 15:30:57 --> Session: Class initialized using 'CodeIgniter\Session\Handlers\FileHandler' driver.
WARNING - 2025-05-26 15:30:57 --> Session: Sessions is enabled, and one exists.Please don't $session->start();
INFO - 2025-05-26 15:31:29 --> Session: Class initialized using 'CodeIgniter\Session\Handlers\FileHandler' driver.
WARNING - 2025-05-26 15:31:29 --> Session: Sessions is enabled, and one exists.Please don't $session->start();
INFO - 2025-05-26 15:43:14 --> Session: Class initialized using 'CodeIgniter\Session\Handlers\FileHandler' driver.
WARNING - 2025-05-26 15:43:14 --> Session: Sessions is enabled, and one exists.Please don't $session->start();
INFO - 2025-05-26 15:43:16 --> Session: Class initialized using 'CodeIgniter\Session\Handlers\FileHandler' driver.
WARNING - 2025-05-26 15:43:16 --> Session: Sessions is enabled, and one exists.Please don't $session->start();
INFO - 2025-05-26 15:45:06 --> Session: Class initialized using 'CodeIgniter\Session\Handlers\FileHandler' driver.
WARNING - 2025-05-26 15:45:06 --> Session: Sessions is enabled, and one exists.Please don't $session->start();
INFO - 2025-05-26 15:45:08 --> Session: Class initialized using 'CodeIgniter\Session\Handlers\FileHandler' driver.
WARNING - 2025-05-26 15:45:08 --> Session: Sessions is enabled, and one exists.Please don't $session->start();
INFO - 2025-05-26 15:45:29 --> Session: Class initialized using 'CodeIgniter\Session\Handlers\FileHandler' driver.
WARNING - 2025-05-26 15:45:29 --> Session: Sessions is enabled, and one exists.Please don't $session->start();
INFO - 2025-05-26 15:45:31 --> Session: Class initialized using 'CodeIgniter\Session\Handlers\FileHandler' driver.
WARNING - 2025-05-26 15:45:31 --> Session: Sessions is enabled, and one exists.Please don't $session->start();
INFO - 2025-05-26 15:45:48 --> Session: Class initialized using 'CodeIgniter\Session\Handlers\FileHandler' driver.
WARNING - 2025-05-26 15:45:48 --> Session: Sessions is enabled, and one exists.Please don't $session->start();
INFO - 2025-05-26 15:45:49 --> Session: Class initialized using 'CodeIgniter\Session\Handlers\FileHandler' driver.
WARNING - 2025-05-26 15:45:49 --> Session: Sessions is enabled, and one exists.Please don't $session->start();
INFO - 2025-05-26 15:46:07 --> Session: Class initialized using 'CodeIgniter\Session\Handlers\FileHandler' driver.
WARNING - 2025-05-26 15:46:07 --> Session: Sessions is enabled, and one exists.Please don't $session->start();
INFO - 2025-05-26 15:46:09 --> Session: Class initialized using 'CodeIgniter\Session\Handlers\FileHandler' driver.
WARNING - 2025-05-26 15:46:09 --> Session: Sessions is enabled, and one exists.Please don't $session->start();
INFO - 2025-05-26 16:11:29 --> Session: Class initialized using 'CodeIgniter\Session\Handlers\FileHandler' driver.
WARNING - 2025-05-26 16:11:29 --> Session: Sessions is enabled, and one exists.Please don't $session->start();
INFO - 2025-05-26 16:11:29 --> Session: Class initialized using 'CodeIgniter\Session\Handlers\FileHandler' driver.
WARNING - 2025-05-26 16:11:29 --> Session: Sessions is enabled, and one exists.Please don't $session->start();
INFO - 2025-05-26 16:11:54 --> Session: Class initialized using 'CodeIgniter\Session\Handlers\FileHandler' driver.
WARNING - 2025-05-26 16:11:54 --> Session: Sessions is enabled, and one exists.Please don't $session->start();
INFO - 2025-05-26 16:11:55 --> Session: Class initialized using 'CodeIgniter\Session\Handlers\FileHandler' driver.
WARNING - 2025-05-26 16:11:55 --> Session: Sessions is enabled, and one exists.Please don't $session->start();
INFO - 2025-05-26 16:12:09 --> Session: Class initialized using 'CodeIgniter\Session\Handlers\FileHandler' driver.
WARNING - 2025-05-26 16:12:09 --> Session: Sessions is enabled, and one exists.Please don't $session->start();
INFO - 2025-05-26 16:12:10 --> Session: Class initialized using 'CodeIgniter\Session\Handlers\FileHandler' driver.
WARNING - 2025-05-26 16:12:10 --> Session: Sessions is enabled, and one exists.Please don't $session->start();
INFO - 2025-05-26 16:12:37 --> Session: Class initialized using 'CodeIgniter\Session\Handlers\FileHandler' driver.
WARNING - 2025-05-26 16:12:37 --> Session: Sessions is enabled, and one exists.Please don't $session->start();
INFO - 2025-05-26 16:12:37 --> Session: Class initialized using 'CodeIgniter\Session\Handlers\FileHandler' driver.
WARNING - 2025-05-26 16:12:37 --> Session: Sessions is enabled, and one exists.Please don't $session->start();
INFO - 2025-05-26 16:13:02 --> Session: Class initialized using 'CodeIgniter\Session\Handlers\FileHandler' driver.
WARNING - 2025-05-26 16:13:02 --> Session: Sessions is enabled, and one exists.Please don't $session->start();
INFO - 2025-05-26 16:13:03 --> Session: Class initialized using 'CodeIgniter\Session\Handlers\FileHandler' driver.
WARNING - 2025-05-26 16:13:03 --> Session: Sessions is enabled, and one exists.Please don't $session->start();
INFO - 2025-05-26 16:13:16 --> Session: Class initialized using 'CodeIgniter\Session\Handlers\FileHandler' driver.
WARNING - 2025-05-26 16:13:16 --> Session: Sessions is enabled, and one exists.Please don't $session->start();
INFO - 2025-05-26 16:13:17 --> Session: Class initialized using 'CodeIgniter\Session\Handlers\FileHandler' driver.
WARNING - 2025-05-26 16:13:17 --> Session: Sessions is enabled, and one exists.Please don't $session->start();
INFO - 2025-05-26 16:14:15 --> Session: Class initialized using 'CodeIgniter\Session\Handlers\FileHandler' driver.
WARNING - 2025-05-26 16:14:15 --> Session: Sessions is enabled, and one exists.Please don't $session->start();
INFO - 2025-05-26 16:14:16 --> Session: Class initialized using 'CodeIgniter\Session\Handlers\FileHandler' driver.
WARNING - 2025-05-26 16:14:16 --> Session: Sessions is enabled, and one exists.Please don't $session->start();
INFO - 2025-05-26 16:14:25 --> Session: Class initialized using 'CodeIgniter\Session\Handlers\FileHandler' driver.
WARNING - 2025-05-26 16:14:25 --> Session: Sessions is enabled, and one exists.Please don't $session->start();
INFO - 2025-05-26 16:14:25 --> Session: Class initialized using 'CodeIgniter\Session\Handlers\FileHandler' driver.
WARNING - 2025-05-26 16:14:25 --> Session: Sessions is enabled, and one exists.Please don't $session->start();
INFO - 2025-05-26 16:14:43 --> Session: Class initialized using 'CodeIgniter\Session\Handlers\FileHandler' driver.
WARNING - 2025-05-26 16:14:43 --> Session: Sessions is enabled, and one exists.Please don't $session->start();
INFO - 2025-05-26 16:14:43 --> Session: Class initialized using 'CodeIgniter\Session\Handlers\FileHandler' driver.
WARNING - 2025-05-26 16:14:43 --> Session: Sessions is enabled, and one exists.Please don't $session->start();
INFO - 2025-05-26 16:15:01 --> Session: Class initialized using 'CodeIgniter\Session\Handlers\FileHandler' driver.
WARNING - 2025-05-26 16:15:01 --> Session: Sessions is enabled, and one exists.Please don't $session->start();
INFO - 2025-05-26 16:15:03 --> Session: Class initialized using 'CodeIgniter\Session\Handlers\FileHandler' driver.
WARNING - 2025-05-26 16:15:03 --> Session: Sessions is enabled, and one exists.Please don't $session->start();
INFO - 2025-05-26 16:15:15 --> Session: Class initialized using 'CodeIgniter\Session\Handlers\FileHandler' driver.
WARNING - 2025-05-26 16:15:15 --> Session: Sessions is enabled, and one exists.Please don't $session->start();
INFO - 2025-05-26 16:15:17 --> Session: Class initialized using 'CodeIgniter\Session\Handlers\FileHandler' driver.
WARNING - 2025-05-26 16:15:17 --> Session: Sessions is enabled, and one exists.Please don't $session->start();
INFO - 2025-05-26 16:15:34 --> Session: Class initialized using 'CodeIgniter\Session\Handlers\FileHandler' driver.
WARNING - 2025-05-26 16:15:34 --> Session: Sessions is enabled, and one exists.Please don't $session->start();
INFO - 2025-05-26 16:15:34 --> Session: Class initialized using 'CodeIgniter\Session\Handlers\FileHandler' driver.
WARNING - 2025-05-26 16:15:34 --> Session: Sessions is enabled, and one exists.Please don't $session->start();
INFO - 2025-05-26 16:15:53 --> Session: Class initialized using 'CodeIgniter\Session\Handlers\FileHandler' driver.
WARNING - 2025-05-26 16:15:53 --> Session: Sessions is enabled, and one exists.Please don't $session->start();
INFO - 2025-05-26 16:15:54 --> Session: Class initialized using 'CodeIgniter\Session\Handlers\FileHandler' driver.
WARNING - 2025-05-26 16:15:54 --> Session: Sessions is enabled, and one exists.Please don't $session->start();
INFO - 2025-05-26 16:18:23 --> Session: Class initialized using 'CodeIgniter\Session\Handlers\FileHandler' driver.
WARNING - 2025-05-26 16:18:23 --> Session: Sessions is enabled, and one exists.Please don't $session->start();
INFO - 2025-05-26 16:18:23 --> Session: Class initialized using 'CodeIgniter\Session\Handlers\FileHandler' driver.
WARNING - 2025-05-26 16:18:23 --> Session: Sessions is enabled, and one exists.Please don't $session->start();
INFO - 2025-05-26 16:19:10 --> Session: Class initialized using 'CodeIgniter\Session\Handlers\FileHandler' driver.
WARNING - 2025-05-26 16:19:10 --> Session: Sessions is enabled, and one exists.Please don't $session->start();
INFO - 2025-05-26 16:19:11 --> Session: Class initialized using 'CodeIgniter\Session\Handlers\FileHandler' driver.
WARNING - 2025-05-26 16:19:11 --> Session: Sessions is enabled, and one exists.Please don't $session->start();
INFO - 2025-05-26 16:19:21 --> Session: Class initialized using 'CodeIgniter\Session\Handlers\FileHandler' driver.
WARNING - 2025-05-26 16:19:21 --> Session: Sessions is enabled, and one exists.Please don't $session->start();
INFO - 2025-05-26 16:19:22 --> Session: Class initialized using 'CodeIgniter\Session\Handlers\FileHandler' driver.
WARNING - 2025-05-26 16:19:22 --> Session: Sessions is enabled, and one exists.Please don't $session->start();
INFO - 2025-05-26 16:19:32 --> Session: Class initialized using 'CodeIgniter\Session\Handlers\FileHandler' driver.
WARNING - 2025-05-26 16:19:32 --> Session: Sessions is enabled, and one exists.Please don't $session->start();
INFO - 2025-05-26 16:19:33 --> Session: Class initialized using 'CodeIgniter\Session\Handlers\FileHandler' driver.
WARNING - 2025-05-26 16:19:33 --> Session: Sessions is enabled, and one exists.Please don't $session->start();
INFO - 2025-05-26 16:19:40 --> Session: Class initialized using 'CodeIgniter\Session\Handlers\FileHandler' driver.
WARNING - 2025-05-26 16:19:40 --> Session: Sessions is enabled, and one exists.Please don't $session->start();
INFO - 2025-05-26 16:19:41 --> Session: Class initialized using 'CodeIgniter\Session\Handlers\FileHandler' driver.
WARNING - 2025-05-26 16:19:41 --> Session: Sessions is enabled, and one exists.Please don't $session->start();
INFO - 2025-05-26 16:20:11 --> Session: Class initialized using 'CodeIgniter\Session\Handlers\FileHandler' driver.
WARNING - 2025-05-26 16:20:11 --> Session: Sessions is enabled, and one exists.Please don't $session->start();
INFO - 2025-05-26 16:20:12 --> Session: Class initialized using 'CodeIgniter\Session\Handlers\FileHandler' driver.
WARNING - 2025-05-26 16:20:12 --> Session: Sessions is enabled, and one exists.Please don't $session->start();
INFO - 2025-05-26 16:20:29 --> Session: Class initialized using 'CodeIgniter\Session\Handlers\FileHandler' driver.
WARNING - 2025-05-26 16:20:29 --> Session: Sessions is enabled, and one exists.Please don't $session->start();
INFO - 2025-05-26 16:20:31 --> Session: Class initialized using 'CodeIgniter\Session\Handlers\FileHandler' driver.
WARNING - 2025-05-26 16:20:31 --> Session: Sessions is enabled, and one exists.Please don't $session->start();
INFO - 2025-05-26 16:21:00 --> Session: Class initialized using 'CodeIgniter\Session\Handlers\FileHandler' driver.
WARNING - 2025-05-26 16:21:00 --> Session: Sessions is enabled, and one exists.Please don't $session->start();
INFO - 2025-05-26 16:21:01 --> Session: Class initialized using 'CodeIgniter\Session\Handlers\FileHandler' driver.
WARNING - 2025-05-26 16:21:01 --> Session: Sessions is enabled, and one exists.Please don't $session->start();
INFO - 2025-05-26 16:21:30 --> Session: Class initialized using 'CodeIgniter\Session\Handlers\FileHandler' driver.
WARNING - 2025-05-26 16:21:30 --> Session: Sessions is enabled, and one exists.Please don't $session->start();
INFO - 2025-05-26 16:21:31 --> Session: Class initialized using 'CodeIgniter\Session\Handlers\FileHandler' driver.
WARNING - 2025-05-26 16:21:31 --> Session: Sessions is enabled, and one exists.Please don't $session->start();
INFO - 2025-05-26 16:21:57 --> Session: Class initialized using 'CodeIgniter\Session\Handlers\FileHandler' driver.
WARNING - 2025-05-26 16:21:57 --> Session: Sessions is enabled, and one exists.Please don't $session->start();
INFO - 2025-05-26 16:21:59 --> Session: Class initialized using 'CodeIgniter\Session\Handlers\FileHandler' driver.
WARNING - 2025-05-26 16:21:59 --> Session: Sessions is enabled, and one exists.Please don't $session->start();
INFO - 2025-05-26 16:22:08 --> Session: Class initialized using 'CodeIgniter\Session\Handlers\FileHandler' driver.
WARNING - 2025-05-26 16:22:08 --> Session: Sessions is enabled, and one exists.Please don't $session->start();
INFO - 2025-05-26 16:22:10 --> Session: Class initialized using 'CodeIgniter\Session\Handlers\FileHandler' driver.
WARNING - 2025-05-26 16:22:10 --> Session: Sessions is enabled, and one exists.Please don't $session->start();
INFO - 2025-05-26 16:22:33 --> Session: Class initialized using 'CodeIgniter\Session\Handlers\FileHandler' driver.
WARNING - 2025-05-26 16:22:33 --> Session: Sessions is enabled, and one exists.Please don't $session->start();
INFO - 2025-05-26 16:22:34 --> Session: Class initialized using 'CodeIgniter\Session\Handlers\FileHandler' driver.
WARNING - 2025-05-26 16:22:34 --> Session: Sessions is enabled, and one exists.Please don't $session->start();
INFO - 2025-05-26 16:41:18 --> Session: Class initialized using 'CodeIgniter\Session\Handlers\FileHandler' driver.
WARNING - 2025-05-26 16:41:18 --> Session: Sessions is enabled, and one exists.Please don't $session->start();
INFO - 2025-05-26 16:41:19 --> Session: Class initialized using 'CodeIgniter\Session\Handlers\FileHandler' driver.
WARNING - 2025-05-26 16:41:19 --> Session: Sessions is enabled, and one exists.Please don't $session->start();
INFO - 2025-05-26 16:41:20 --> Session: Class initialized using 'CodeIgniter\Session\Handlers\FileHandler' driver.
WARNING - 2025-05-26 16:41:20 --> Session: Sessions is enabled, and one exists.Please don't $session->start();
ERROR - 2025-05-26 16:41:20 --> mysqli_sql_exception: Unknown column 'siswa.kelas_id' in 'ON' in /Users/redhorivai/Documents/sribertech/aplikasi pendaftaran dan pengumuman siswa/system/Database/MySQLi/Connection.php:331
Stack trace:
#0 /Users/redhorivai/Documents/sribertech/aplikasi pendaftaran dan pengumuman siswa/system/Database/MySQLi/Connection.php(331): mysqli->query('SELECT `siswa`....')
#1 /Users/redhorivai/Documents/sribertech/aplikasi pendaftaran dan pengumuman siswa/system/Database/BaseConnection.php(741): CodeIgniter\Database\MySQLi\Connection->execute('SELECT `siswa`....')
#2 /Users/redhorivai/Documents/sribertech/aplikasi pendaftaran dan pengumuman siswa/system/Database/BaseConnection.php(669): CodeIgniter\Database\BaseConnection->simpleQuery('SELECT `siswa`....')
#3 /Users/redhorivai/Documents/sribertech/aplikasi pendaftaran dan pengumuman siswa/system/Database/BaseBuilder.php(1860): CodeIgniter\Database\BaseConnection->query('SELECT `siswa`....', Array, false)
#4 /Users/redhorivai/Documents/sribertech/aplikasi pendaftaran dan pengumuman siswa/app/Models/SiswaModel.php(61): CodeIgniter\Database\BaseBuilder->get()
#5 /Users/redhorivai/Documents/sribertech/aplikasi pendaftaran dan pengumuman siswa/app/Controllers/Siswa.php(43): App\Models\SiswaModel->get_datatables('')
#6 /Users/redhorivai/Documents/sribertech/aplikasi pendaftaran dan pengumuman siswa/system/CodeIgniter.php(918): App\Controllers\Siswa->getData()
#7 /Users/redhorivai/Documents/sribertech/aplikasi pendaftaran dan pengumuman siswa/system/CodeIgniter.php(404): CodeIgniter\CodeIgniter->runController(Object(App\Controllers\Siswa))
#8 /Users/redhorivai/Documents/sribertech/aplikasi pendaftaran dan pengumuman siswa/system/CodeIgniter.php(312): CodeIgniter\CodeIgniter->handleRequest(NULL, Object(Config\Cache), false)
#9 /Users/redhorivai/Documents/sribertech/aplikasi pendaftaran dan pengumuman siswa/public/index.php(45): CodeIgniter\CodeIgniter->run()
#10 /Users/redhorivai/Documents/sribertech/aplikasi pendaftaran dan pengumuman siswa/system/Commands/Server/rewrite.php(34): require_once('/Users/redhoriv...')
#11 {main}
CRITICAL - 2025-05-26 16:41:20 --> Unknown column 'siswa.kelas_id' in 'ON'
#0 /Users/redhorivai/Documents/sribertech/aplikasi pendaftaran dan pengumuman siswa/system/Database/MySQLi/Connection.php(331): mysqli->query('SELECT `siswa`....')
#1 /Users/redhorivai/Documents/sribertech/aplikasi pendaftaran dan pengumuman siswa/system/Database/BaseConnection.php(741): CodeIgniter\Database\MySQLi\Connection->execute('SELECT `siswa`....')
#2 /Users/redhorivai/Documents/sribertech/aplikasi pendaftaran dan pengumuman siswa/system/Database/BaseConnection.php(669): CodeIgniter\Database\BaseConnection->simpleQuery('SELECT `siswa`....')
#3 /Users/redhorivai/Documents/sribertech/aplikasi pendaftaran dan pengumuman siswa/system/Database/BaseBuilder.php(1860): CodeIgniter\Database\BaseConnection->query('SELECT `siswa`....', Array, false)
#4 /Users/redhorivai/Documents/sribertech/aplikasi pendaftaran dan pengumuman siswa/app/Models/SiswaModel.php(61): CodeIgniter\Database\BaseBuilder->get()
#5 /Users/redhorivai/Documents/sribertech/aplikasi pendaftaran dan pengumuman siswa/app/Controllers/Siswa.php(43): App\Models\SiswaModel->get_datatables('')
#6 /Users/redhorivai/Documents/sribertech/aplikasi pendaftaran dan pengumuman siswa/system/CodeIgniter.php(918): App\Controllers\Siswa->getData()
#7 /Users/redhorivai/Documents/sribertech/aplikasi pendaftaran dan pengumuman siswa/system/CodeIgniter.php(404): CodeIgniter\CodeIgniter->runController(Object(App\Controllers\Siswa))
#8 /Users/redhorivai/Documents/sribertech/aplikasi pendaftaran dan pengumuman siswa/system/CodeIgniter.php(312): CodeIgniter\CodeIgniter->handleRequest(NULL, Object(Config\Cache), false)
#9 /Users/redhorivai/Documents/sribertech/aplikasi pendaftaran dan pengumuman siswa/public/index.php(45): CodeIgniter\CodeIgniter->run()
#10 /Users/redhorivai/Documents/sribertech/aplikasi pendaftaran dan pengumuman siswa/system/Commands/Server/rewrite.php(34): require_once('/Users/redhoriv...')
#11 {main}
INFO - 2025-05-26 21:18:10 --> Used the default controller.
INFO - 2025-05-26 21:18:10 --> Session: Class initialized using 'CodeIgniter\Session\Handlers\FileHandler' driver.
WARNING - 2025-05-26 21:18:10 --> Session: Sessions is enabled, and one exists.Please don't $session->start();
INFO - 2025-05-26 21:19:36 --> Session: Class initialized using 'CodeIgniter\Session\Handlers\FileHandler' driver.
WARNING - 2025-05-26 21:19:36 --> Session: Sessions is enabled, and one exists.Please don't $session->start();
INFO - 2025-05-26 21:19:38 --> Session: Class initialized using 'CodeIgniter\Session\Handlers\FileHandler' driver.
WARNING - 2025-05-26 21:19:38 --> Session: Sessions is enabled, and one exists.Please don't $session->start();
INFO - 2025-05-26 21:19:40 --> Session: Class initialized using 'CodeIgniter\Session\Handlers\FileHandler' driver.
WARNING - 2025-05-26 21:19:40 --> Session: Sessions is enabled, and one exists.Please don't $session->start();
INFO - 2025-05-26 21:19:40 --> Session: Class initialized using 'CodeIgniter\Session\Handlers\FileHandler' driver.
WARNING - 2025-05-26 21:19:40 --> Session: Sessions is enabled, and one exists.Please don't $session->start();
INFO - 2025-05-26 21:19:41 --> Session: Class initialized using 'CodeIgniter\Session\Handlers\FileHandler' driver.
WARNING - 2025-05-26 21:19:41 --> Session: Sessions is enabled, and one exists.Please don't $session->start();
CRITICAL - 2025-05-26 21:19:41 --> Call to undefined method App\Models\KelasModel::getPengguna
#0 /Users/redhorivai/Documents/sribertech/aplikasi pendaftaran dan pengumuman siswa/app/Controllers/Siswa.php(43): CodeIgniter\Model->__call('getPengguna', Array)
#1 /Users/redhorivai/Documents/sribertech/aplikasi pendaftaran dan pengumuman siswa/system/CodeIgniter.php(918): App\Controllers\Siswa->getData()
#2 /Users/redhorivai/Documents/sribertech/aplikasi pendaftaran dan pengumuman siswa/system/CodeIgniter.php(404): CodeIgniter\CodeIgniter->runController(Object(App\Controllers\Siswa))
#3 /Users/redhorivai/Documents/sribertech/aplikasi pendaftaran dan pengumuman siswa/system/CodeIgniter.php(312): CodeIgniter\CodeIgniter->handleRequest(NULL, Object(Config\Cache), false)
#4 /Users/redhorivai/Documents/sribertech/aplikasi pendaftaran dan pengumuman siswa/public/index.php(45): CodeIgniter\CodeIgniter->run()
#5 /Users/redhorivai/Documents/sribertech/aplikasi pendaftaran dan pengumuman siswa/system/Commands/Server/rewrite.php(34): require_once('/Users/redhoriv...')
#6 {main}
INFO - 2025-05-26 21:19:49 --> Session: Class initialized using 'CodeIgniter\Session\Handlers\FileHandler' driver.
WARNING - 2025-05-26 21:19:49 --> Session: Sessions is enabled, and one exists.Please don't $session->start();
CRITICAL - 2025-05-26 21:19:49 --> Call to undefined method App\Models\KelasModel::getPengguna
#0 /Users/redhorivai/Documents/sribertech/aplikasi pendaftaran dan pengumuman siswa/app/Controllers/Siswa.php(43): CodeIgniter\Model->__call('getPengguna', Array)
#1 /Users/redhorivai/Documents/sribertech/aplikasi pendaftaran dan pengumuman siswa/system/CodeIgniter.php(918): App\Controllers\Siswa->getData()
#2 /Users/redhorivai/Documents/sribertech/aplikasi pendaftaran dan pengumuman siswa/system/CodeIgniter.php(404): CodeIgniter\CodeIgniter->runController(Object(App\Controllers\Siswa))
#3 /Users/redhorivai/Documents/sribertech/aplikasi pendaftaran dan pengumuman siswa/system/CodeIgniter.php(312): CodeIgniter\CodeIgniter->handleRequest(NULL, Object(Config\Cache), false)
#4 /Users/redhorivai/Documents/sribertech/aplikasi pendaftaran dan pengumuman siswa/public/index.php(45): CodeIgniter\CodeIgniter->run()
#5 /Users/redhorivai/Documents/sribertech/aplikasi pendaftaran dan pengumuman siswa/system/Commands/Server/rewrite.php(34): require_once('/Users/redhoriv...')
#6 {main}
INFO - 2025-05-26 21:20:17 --> Session: Class initialized using 'CodeIgniter\Session\Handlers\FileHandler' driver.
WARNING - 2025-05-26 21:20:17 --> Session: Sessions is enabled, and one exists.Please don't $session->start();
ERROR - 2025-05-26 21:20:17 --> mysqli_sql_exception: Unknown column 'id_kelas' in 'WHERE' in /Users/redhorivai/Documents/sribertech/aplikasi pendaftaran dan pengumuman siswa/system/Database/MySQLi/Connection.php:331
Stack trace:
#0 /Users/redhorivai/Documents/sribertech/aplikasi pendaftaran dan pengumuman siswa/system/Database/MySQLi/Connection.php(331): mysqli->query('SELECT *\nFROM `...')
#1 /Users/redhorivai/Documents/sribertech/aplikasi pendaftaran dan pengumuman siswa/system/Database/BaseConnection.php(741): CodeIgniter\Database\MySQLi\Connection->execute('SELECT *\nFROM `...')
#2 /Users/redhorivai/Documents/sribertech/aplikasi pendaftaran dan pengumuman siswa/system/Database/BaseConnection.php(669): CodeIgniter\Database\BaseConnection->simpleQuery('SELECT *\nFROM `...')
#3 /Users/redhorivai/Documents/sribertech/aplikasi pendaftaran dan pengumuman siswa/system/Database/BaseBuilder.php(1860): CodeIgniter\Database\BaseConnection->query('SELECT *\nFROM `...', Array, false)
#4 /Users/redhorivai/Documents/sribertech/aplikasi pendaftaran dan pengumuman siswa/app/Models/SiswaModel.php(20): CodeIgniter\Database\BaseBuilder->get()
#5 /Users/redhorivai/Documents/sribertech/aplikasi pendaftaran dan pengumuman siswa/app/Controllers/Siswa.php(43): App\Models\SiswaModel->getKelasSiswa(NULL)
#6 /Users/redhorivai/Documents/sribertech/aplikasi pendaftaran dan pengumuman siswa/system/CodeIgniter.php(918): App\Controllers\Siswa->getData()
#7 /Users/redhorivai/Documents/sribertech/aplikasi pendaftaran dan pengumuman siswa/system/CodeIgniter.php(404): CodeIgniter\CodeIgniter->runController(Object(App\Controllers\Siswa))
#8 /Users/redhorivai/Documents/sribertech/aplikasi pendaftaran dan pengumuman siswa/system/CodeIgniter.php(312): CodeIgniter\CodeIgniter->handleRequest(NULL, Object(Config\Cache), false)
#9 /Users/redhorivai/Documents/sribertech/aplikasi pendaftaran dan pengumuman siswa/public/index.php(45): CodeIgniter\CodeIgniter->run()
#10 /Users/redhorivai/Documents/sribertech/aplikasi pendaftaran dan pengumuman siswa/system/Commands/Server/rewrite.php(34): require_once('/Users/redhoriv...')
#11 {main}
CRITICAL - 2025-05-26 21:20:17 --> Unknown column 'id_kelas' in 'WHERE'
#0 /Users/redhorivai/Documents/sribertech/aplikasi pendaftaran dan pengumuman siswa/system/Database/MySQLi/Connection.php(331): mysqli->query('SELECT *\nFROM `...')
#1 /Users/redhorivai/Documents/sribertech/aplikasi pendaftaran dan pengumuman siswa/system/Database/BaseConnection.php(741): CodeIgniter\Database\MySQLi\Connection->execute('SELECT *\nFROM `...')
#2 /Users/redhorivai/Documents/sribertech/aplikasi pendaftaran dan pengumuman siswa/system/Database/BaseConnection.php(669): CodeIgniter\Database\BaseConnection->simpleQuery('SELECT *\nFROM `...')
#3 /Users/redhorivai/Documents/sribertech/aplikasi pendaftaran dan pengumuman siswa/system/Database/BaseBuilder.php(1860): CodeIgniter\Database\BaseConnection->query('SELECT *\nFROM `...', Array, false)
#4 /Users/redhorivai/Documents/sribertech/aplikasi pendaftaran dan pengumuman siswa/app/Models/SiswaModel.php(20): CodeIgniter\Database\BaseBuilder->get()
#5 /Users/redhorivai/Documents/sribertech/aplikasi pendaftaran dan pengumuman siswa/app/Controllers/Siswa.php(43): App\Models\SiswaModel->getKelasSiswa(NULL)
#6 /Users/redhorivai/Documents/sribertech/aplikasi pendaftaran dan pengumuman siswa/system/CodeIgniter.php(918): App\Controllers\Siswa->getData()
#7 /Users/redhorivai/Documents/sribertech/aplikasi pendaftaran dan pengumuman siswa/system/CodeIgniter.php(404): CodeIgniter\CodeIgniter->runController(Object(App\Controllers\Siswa))
#8 /Users/redhorivai/Documents/sribertech/aplikasi pendaftaran dan pengumuman siswa/system/CodeIgniter.php(312): CodeIgniter\CodeIgniter->handleRequest(NULL, Object(Config\Cache), false)
#9 /Users/redhorivai/Documents/sribertech/aplikasi pendaftaran dan pengumuman siswa/public/index.php(45): CodeIgniter\CodeIgniter->run()
#10 /Users/redhorivai/Documents/sribertech/aplikasi pendaftaran dan pengumuman siswa/system/Commands/Server/rewrite.php(34): require_once('/Users/redhoriv...')
#11 {main}
INFO - 2025-05-26 21:20:44 --> Session: Class initialized using 'CodeIgniter\Session\Handlers\FileHandler' driver.
WARNING - 2025-05-26 21:20:44 --> Session: Sessions is enabled, and one exists.Please don't $session->start();
INFO - 2025-05-26 21:20:45 --> Session: Class initialized using 'CodeIgniter\Session\Handlers\FileHandler' driver.
WARNING - 2025-05-26 21:20:45 --> Session: Sessions is enabled, and one exists.Please don't $session->start();
INFO - 2025-05-26 21:20:45 --> Session: Class initialized using 'CodeIgniter\Session\Handlers\FileHandler' driver.
WARNING - 2025-05-26 21:20:45 --> Session: Sessions is enabled, and one exists.Please don't $session->start();
ERROR - 2025-05-26 21:20:45 --> mysqli_sql_exception: Unknown column 'id_kelas' in 'WHERE' in /Users/redhorivai/Documents/sribertech/aplikasi pendaftaran dan pengumuman siswa/system/Database/MySQLi/Connection.php:331
Stack trace:
#0 /Users/redhorivai/Documents/sribertech/aplikasi pendaftaran dan pengumuman siswa/system/Database/MySQLi/Connection.php(331): mysqli->query('SELECT *\nFROM `...')
#1 /Users/redhorivai/Documents/sribertech/aplikasi pendaftaran dan pengumuman siswa/system/Database/BaseConnection.php(741): CodeIgniter\Database\MySQLi\Connection->execute('SELECT *\nFROM `...')
#2 /Users/redhorivai/Documents/sribertech/aplikasi pendaftaran dan pengumuman siswa/system/Database/BaseConnection.php(669): CodeIgniter\Database\BaseConnection->simpleQuery('SELECT *\nFROM `...')
#3 /Users/redhorivai/Documents/sribertech/aplikasi pendaftaran dan pengumuman siswa/system/Database/BaseBuilder.php(1860): CodeIgniter\Database\BaseConnection->query('SELECT *\nFROM `...', Array, false)
#4 /Users/redhorivai/Documents/sribertech/aplikasi pendaftaran dan pengumuman siswa/app/Models/SiswaModel.php(20): CodeIgniter\Database\BaseBuilder->get()
#5 /Users/redhorivai/Documents/sribertech/aplikasi pendaftaran dan pengumuman siswa/app/Controllers/Siswa.php(43): App\Models\SiswaModel->getKelasSiswa('')
#6 /Users/redhorivai/Documents/sribertech/aplikasi pendaftaran dan pengumuman siswa/system/CodeIgniter.php(918): App\Controllers\Siswa->getData()
#7 /Users/redhorivai/Documents/sribertech/aplikasi pendaftaran dan pengumuman siswa/system/CodeIgniter.php(404): CodeIgniter\CodeIgniter->runController(Object(App\Controllers\Siswa))
#8 /Users/redhorivai/Documents/sribertech/aplikasi pendaftaran dan pengumuman siswa/system/CodeIgniter.php(312): CodeIgniter\CodeIgniter->handleRequest(NULL, Object(Config\Cache), false)
#9 /Users/redhorivai/Documents/sribertech/aplikasi pendaftaran dan pengumuman siswa/public/index.php(45): CodeIgniter\CodeIgniter->run()
#10 /Users/redhorivai/Documents/sribertech/aplikasi pendaftaran dan pengumuman siswa/system/Commands/Server/rewrite.php(34): require_once('/Users/redhoriv...')
#11 {main}
CRITICAL - 2025-05-26 21:20:45 --> Unknown column 'id_kelas' in 'WHERE'
#0 /Users/redhorivai/Documents/sribertech/aplikasi pendaftaran dan pengumuman siswa/system/Database/MySQLi/Connection.php(331): mysqli->query('SELECT *\nFROM `...')
#1 /Users/redhorivai/Documents/sribertech/aplikasi pendaftaran dan pengumuman siswa/system/Database/BaseConnection.php(741): CodeIgniter\Database\MySQLi\Connection->execute('SELECT *\nFROM `...')
#2 /Users/redhorivai/Documents/sribertech/aplikasi pendaftaran dan pengumuman siswa/system/Database/BaseConnection.php(669): CodeIgniter\Database\BaseConnection->simpleQuery('SELECT *\nFROM `...')
#3 /Users/redhorivai/Documents/sribertech/aplikasi pendaftaran dan pengumuman siswa/system/Database/BaseBuilder.php(1860): CodeIgniter\Database\BaseConnection->query('SELECT *\nFROM `...', Array, false)
#4 /Users/redhorivai/Documents/sribertech/aplikasi pendaftaran dan pengumuman siswa/app/Models/SiswaModel.php(20): CodeIgniter\Database\BaseBuilder->get()
#5 /Users/redhorivai/Documents/sribertech/aplikasi pendaftaran dan pengumuman siswa/app/Controllers/Siswa.php(43): App\Models\SiswaModel->getKelasSiswa('')
#6 /Users/redhorivai/Documents/sribertech/aplikasi pendaftaran dan pengumuman siswa/system/CodeIgniter.php(918): App\Controllers\Siswa->getData()
#7 /Users/redhorivai/Documents/sribertech/aplikasi pendaftaran dan pengumuman siswa/system/CodeIgniter.php(404): CodeIgniter\CodeIgniter->runController(Object(App\Controllers\Siswa))
#8 /Users/redhorivai/Documents/sribertech/aplikasi pendaftaran dan pengumuman siswa/system/CodeIgniter.php(312): CodeIgniter\CodeIgniter->handleRequest(NULL, Object(Config\Cache), false)
#9 /Users/redhorivai/Documents/sribertech/aplikasi pendaftaran dan pengumuman siswa/public/index.php(45): CodeIgniter\CodeIgniter->run()
#10 /Users/redhorivai/Documents/sribertech/aplikasi pendaftaran dan pengumuman siswa/system/Commands/Server/rewrite.php(34): require_once('/Users/redhoriv...')
#11 {main}
INFO - 2025-05-26 21:20:48 --> Session: Class initialized using 'CodeIgniter\Session\Handlers\FileHandler' driver.
WARNING - 2025-05-26 21:20:48 --> Session: Sessions is enabled, and one exists.Please don't $session->start();
ERROR - 2025-05-26 21:20:48 --> mysqli_sql_exception: Unknown column 'id_kelas' in 'WHERE' in /Users/redhorivai/Documents/sribertech/aplikasi pendaftaran dan pengumuman siswa/system/Database/MySQLi/Connection.php:331
Stack trace:
#0 /Users/redhorivai/Documents/sribertech/aplikasi pendaftaran dan pengumuman siswa/system/Database/MySQLi/Connection.php(331): mysqli->query('SELECT *\nFROM `...')
#1 /Users/redhorivai/Documents/sribertech/aplikasi pendaftaran dan pengumuman siswa/system/Database/BaseConnection.php(741): CodeIgniter\Database\MySQLi\Connection->execute('SELECT *\nFROM `...')
#2 /Users/redhorivai/Documents/sribertech/aplikasi pendaftaran dan pengumuman siswa/system/Database/BaseConnection.php(669): CodeIgniter\Database\BaseConnection->simpleQuery('SELECT *\nFROM `...')
#3 /Users/redhorivai/Documents/sribertech/aplikasi pendaftaran dan pengumuman siswa/system/Database/BaseBuilder.php(1860): CodeIgniter\Database\BaseConnection->query('SELECT *\nFROM `...', Array, false)
#4 /Users/redhorivai/Documents/sribertech/aplikasi pendaftaran dan pengumuman siswa/app/Models/SiswaModel.php(20): CodeIgniter\Database\BaseBuilder->get()
#5 /Users/redhorivai/Documents/sribertech/aplikasi pendaftaran dan pengumuman siswa/app/Controllers/Siswa.php(43): App\Models\SiswaModel->getKelasSiswa('1')
#6 /Users/redhorivai/Documents/sribertech/aplikasi pendaftaran dan pengumuman siswa/system/CodeIgniter.php(918): App\Controllers\Siswa->getData()
#7 /Users/redhorivai/Documents/sribertech/aplikasi pendaftaran dan pengumuman siswa/system/CodeIgniter.php(404): CodeIgniter\CodeIgniter->runController(Object(App\Controllers\Siswa))
#8 /Users/redhorivai/Documents/sribertech/aplikasi pendaftaran dan pengumuman siswa/system/CodeIgniter.php(312): CodeIgniter\CodeIgniter->handleRequest(NULL, Object(Config\Cache), false)
#9 /Users/redhorivai/Documents/sribertech/aplikasi pendaftaran dan pengumuman siswa/public/index.php(45): CodeIgniter\CodeIgniter->run()
#10 /Users/redhorivai/Documents/sribertech/aplikasi pendaftaran dan pengumuman siswa/system/Commands/Server/rewrite.php(34): require_once('/Users/redhoriv...')
#11 {main}
CRITICAL - 2025-05-26 21:20:48 --> Unknown column 'id_kelas' in 'WHERE'
#0 /Users/redhorivai/Documents/sribertech/aplikasi pendaftaran dan pengumuman siswa/system/Database/MySQLi/Connection.php(331): mysqli->query('SELECT *\nFROM `...')
#1 /Users/redhorivai/Documents/sribertech/aplikasi pendaftaran dan pengumuman siswa/system/Database/BaseConnection.php(741): CodeIgniter\Database\MySQLi\Connection->execute('SELECT *\nFROM `...')
#2 /Users/redhorivai/Documents/sribertech/aplikasi pendaftaran dan pengumuman siswa/system/Database/BaseConnection.php(669): CodeIgniter\Database\BaseConnection->simpleQuery('SELECT *\nFROM `...')
#3 /Users/redhorivai/Documents/sribertech/aplikasi pendaftaran dan pengumuman siswa/system/Database/BaseBuilder.php(1860): CodeIgniter\Database\BaseConnection->query('SELECT *\nFROM `...', Array, false)
#4 /Users/redhorivai/Documents/sribertech/aplikasi pendaftaran dan pengumuman siswa/app/Models/SiswaModel.php(20): CodeIgniter\Database\BaseBuilder->get()
#5 /Users/redhorivai/Documents/sribertech/aplikasi pendaftaran dan pengumuman siswa/app/Controllers/Siswa.php(43): App\Models\SiswaModel->getKelasSiswa('1')
#6 /Users/redhorivai/Documents/sribertech/aplikasi pendaftaran dan pengumuman siswa/system/CodeIgniter.php(918): App\Controllers\Siswa->getData()
#7 /Users/redhorivai/Documents/sribertech/aplikasi pendaftaran dan pengumuman siswa/system/CodeIgniter.php(404): CodeIgniter\CodeIgniter->runController(Object(App\Controllers\Siswa))
#8 /Users/redhorivai/Documents/sribertech/aplikasi pendaftaran dan pengumuman siswa/system/CodeIgniter.php(312): CodeIgniter\CodeIgniter->handleRequest(NULL, Object(Config\Cache), false)
#9 /Users/redhorivai/Documents/sribertech/aplikasi pendaftaran dan pengumuman siswa/public/index.php(45): CodeIgniter\CodeIgniter->run()
#10 /Users/redhorivai/Documents/sribertech/aplikasi pendaftaran dan pengumuman siswa/system/Commands/Server/rewrite.php(34): require_once('/Users/redhoriv...')
#11 {main}
INFO - 2025-05-26 21:21:39 --> Session: Class initialized using 'CodeIgniter\Session\Handlers\FileHandler' driver.
WARNING - 2025-05-26 21:21:39 --> Session: Sessions is enabled, and one exists.Please don't $session->start();
ERROR - 2025-05-26 21:21:39 --> mysqli_sql_exception: Unknown column 'id_kelas' in 'WHERE' in /Users/redhorivai/Documents/sribertech/aplikasi pendaftaran dan pengumuman siswa/system/Database/MySQLi/Connection.php:331
Stack trace:
#0 /Users/redhorivai/Documents/sribertech/aplikasi pendaftaran dan pengumuman siswa/system/Database/MySQLi/Connection.php(331): mysqli->query('SELECT *\nFROM `...')
#1 /Users/redhorivai/Documents/sribertech/aplikasi pendaftaran dan pengumuman siswa/system/Database/BaseConnection.php(741): CodeIgniter\Database\MySQLi\Connection->execute('SELECT *\nFROM `...')
#2 /Users/redhorivai/Documents/sribertech/aplikasi pendaftaran dan pengumuman siswa/system/Database/BaseConnection.php(669): CodeIgniter\Database\BaseConnection->simpleQuery('SELECT *\nFROM `...')
#3 /Users/redhorivai/Documents/sribertech/aplikasi pendaftaran dan pengumuman siswa/system/Database/BaseBuilder.php(1860): CodeIgniter\Database\BaseConnection->query('SELECT *\nFROM `...', Array, false)
#4 /Users/redhorivai/Documents/sribertech/aplikasi pendaftaran dan pengumuman siswa/app/Models/SiswaModel.php(20): CodeIgniter\Database\BaseBuilder->get()
#5 /Users/redhorivai/Documents/sribertech/aplikasi pendaftaran dan pengumuman siswa/app/Controllers/Siswa.php(43): App\Models\SiswaModel->getKelasSiswa('13')
#6 /Users/redhorivai/Documents/sribertech/aplikasi pendaftaran dan pengumuman siswa/system/CodeIgniter.php(918): App\Controllers\Siswa->getData()
#7 /Users/redhorivai/Documents/sribertech/aplikasi pendaftaran dan pengumuman siswa/system/CodeIgniter.php(404): CodeIgniter\CodeIgniter->runController(Object(App\Controllers\Siswa))
#8 /Users/redhorivai/Documents/sribertech/aplikasi pendaftaran dan pengumuman siswa/system/CodeIgniter.php(312): CodeIgniter\CodeIgniter->handleRequest(NULL, Object(Config\Cache), false)
#9 /Users/redhorivai/Documents/sribertech/aplikasi pendaftaran dan pengumuman siswa/public/index.php(45): CodeIgniter\CodeIgniter->run()
#10 /Users/redhorivai/Documents/sribertech/aplikasi pendaftaran dan pengumuman siswa/system/Commands/Server/rewrite.php(34): require_once('/Users/redhoriv...')
#11 {main}
CRITICAL - 2025-05-26 21:21:39 --> Unknown column 'id_kelas' in 'WHERE'
#0 /Users/redhorivai/Documents/sribertech/aplikasi pendaftaran dan pengumuman siswa/system/Database/MySQLi/Connection.php(331): mysqli->query('SELECT *\nFROM `...')
#1 /Users/redhorivai/Documents/sribertech/aplikasi pendaftaran dan pengumuman siswa/system/Database/BaseConnection.php(741): CodeIgniter\Database\MySQLi\Connection->execute('SELECT *\nFROM `...')
#2 /Users/redhorivai/Documents/sribertech/aplikasi pendaftaran dan pengumuman siswa/system/Database/BaseConnection.php(669): CodeIgniter\Database\BaseConnection->simpleQuery('SELECT *\nFROM `...')
#3 /Users/redhorivai/Documents/sribertech/aplikasi pendaftaran dan pengumuman siswa/system/Database/BaseBuilder.php(1860): CodeIgniter\Database\BaseConnection->query('SELECT *\nFROM `...', Array, false)
#4 /Users/redhorivai/Documents/sribertech/aplikasi pendaftaran dan pengumuman siswa/app/Models/SiswaModel.php(20): CodeIgniter\Database\BaseBuilder->get()
#5 /Users/redhorivai/Documents/sribertech/aplikasi pendaftaran dan pengumuman siswa/app/Controllers/Siswa.php(43): App\Models\SiswaModel->getKelasSiswa('13')
#6 /Users/redhorivai/Documents/sribertech/aplikasi pendaftaran dan pengumuman siswa/system/CodeIgniter.php(918): App\Controllers\Siswa->getData()
#7 /Users/redhorivai/Documents/sribertech/aplikasi pendaftaran dan pengumuman siswa/system/CodeIgniter.php(404): CodeIgniter\CodeIgniter->runController(Object(App\Controllers\Siswa))
#8 /Users/redhorivai/Documents/sribertech/aplikasi pendaftaran dan pengumuman siswa/system/CodeIgniter.php(312): CodeIgniter\CodeIgniter->handleRequest(NULL, Object(Config\Cache), false)
#9 /Users/redhorivai/Documents/sribertech/aplikasi pendaftaran dan pengumuman siswa/public/index.php(45): CodeIgniter\CodeIgniter->run()
#10 /Users/redhorivai/Documents/sribertech/aplikasi pendaftaran dan pengumuman siswa/system/Commands/Server/rewrite.php(34): require_once('/Users/redhoriv...')
#11 {main}
INFO - 2025-05-26 21:22:33 --> Session: Class initialized using 'CodeIgniter\Session\Handlers\FileHandler' driver.
WARNING - 2025-05-26 21:22:33 --> Session: Sessions is enabled, and one exists.Please don't $session->start();
INFO - 2025-05-26 21:22:35 --> Session: Class initialized using 'CodeIgniter\Session\Handlers\FileHandler' driver.
WARNING - 2025-05-26 21:22:35 --> Session: Sessions is enabled, and one exists.Please don't $session->start();
INFO - 2025-05-26 21:22:35 --> Session: Class initialized using 'CodeIgniter\Session\Handlers\FileHandler' driver.
WARNING - 2025-05-26 21:22:35 --> Session: Sessions is enabled, and one exists.Please don't $session->start();
CRITICAL - 2025-05-26 21:22:35 --> Undefined variable: res
#0 /Users/redhorivai/Documents/sribertech/aplikasi pendaftaran dan pengumuman siswa/app/Controllers/Siswa.php(46): CodeIgniter\Debug\Exceptions->errorHandler(8, 'Undefined varia...', '/Users/redhoriv...', 46, Array)
#1 /Users/redhorivai/Documents/sribertech/aplikasi pendaftaran dan pengumuman siswa/system/CodeIgniter.php(918): App\Controllers\Siswa->getData()
#2 /Users/redhorivai/Documents/sribertech/aplikasi pendaftaran dan pengumuman siswa/system/CodeIgniter.php(404): CodeIgniter\CodeIgniter->runController(Object(App\Controllers\Siswa))
#3 /Users/redhorivai/Documents/sribertech/aplikasi pendaftaran dan pengumuman siswa/system/CodeIgniter.php(312): CodeIgniter\CodeIgniter->handleRequest(NULL, Object(Config\Cache), false)
#4 /Users/redhorivai/Documents/sribertech/aplikasi pendaftaran dan pengumuman siswa/public/index.php(45): CodeIgniter\CodeIgniter->run()
#5 /Users/redhorivai/Documents/sribertech/aplikasi pendaftaran dan pengumuman siswa/system/Commands/Server/rewrite.php(34): require_once('/Users/redhoriv...')
#6 {main}
INFO - 2025-05-26 21:22:39 --> Session: Class initialized using 'CodeIgniter\Session\Handlers\FileHandler' driver.
WARNING - 2025-05-26 21:22:39 --> Session: Sessions is enabled, and one exists.Please don't $session->start();
CRITICAL - 2025-05-26 21:22:39 --> Undefined variable: res
#0 /Users/redhorivai/Documents/sribertech/aplikasi pendaftaran dan pengumuman siswa/app/Controllers/Siswa.php(46): CodeIgniter\Debug\Exceptions->errorHandler(8, 'Undefined varia...', '/Users/redhoriv...', 46, Array)
#1 /Users/redhorivai/Documents/sribertech/aplikasi pendaftaran dan pengumuman siswa/system/CodeIgniter.php(918): App\Controllers\Siswa->getData()
#2 /Users/redhorivai/Documents/sribertech/aplikasi pendaftaran dan pengumuman siswa/system/CodeIgniter.php(404): CodeIgniter\CodeIgniter->runController(Object(App\Controllers\Siswa))
#3 /Users/redhorivai/Documents/sribertech/aplikasi pendaftaran dan pengumuman siswa/system/CodeIgniter.php(312): CodeIgniter\CodeIgniter->handleRequest(NULL, Object(Config\Cache), false)
#4 /Users/redhorivai/Documents/sribertech/aplikasi pendaftaran dan pengumuman siswa/public/index.php(45): CodeIgniter\CodeIgniter->run()
#5 /Users/redhorivai/Documents/sribertech/aplikasi pendaftaran dan pengumuman siswa/system/Commands/Server/rewrite.php(34): require_once('/Users/redhoriv...')
#6 {main}
CRITICAL - 2025-05-26 21:23:08 --> syntax error, unexpected end of file, expecting function (T_FUNCTION) or const (T_CONST)
#0 /Users/redhorivai/Documents/sribertech/aplikasi pendaftaran dan pengumuman siswa/system/Autoloader/Autoloader.php(296): CodeIgniter\Autoloader\Autoloader->requireFile('/Users/redhoriv...')
#1 /Users/redhorivai/Documents/sribertech/aplikasi pendaftaran dan pengumuman siswa/system/Autoloader/Autoloader.php(258): CodeIgniter\Autoloader\Autoloader->loadInNamespace('App\\Controllers...')
#2 [internal function]: CodeIgniter\Autoloader\Autoloader->loadClass('App\\Controllers...')
#3 [internal function]: spl_autoload_call('App\\Controllers...')
#4 /Users/redhorivai/Documents/sribertech/aplikasi pendaftaran dan pengumuman siswa/system/CodeIgniter.php(869): class_exists('\\App\\Controller...', true)
#5 /Users/redhorivai/Documents/sribertech/aplikasi pendaftaran dan pengumuman siswa/system/CodeIgniter.php(394): CodeIgniter\CodeIgniter->startController()
#6 /Users/redhorivai/Documents/sribertech/aplikasi pendaftaran dan pengumuman siswa/system/CodeIgniter.php(312): CodeIgniter\CodeIgniter->handleRequest(NULL, Object(Config\Cache), false)
#7 /Users/redhorivai/Documents/sribertech/aplikasi pendaftaran dan pengumuman siswa/public/index.php(45): CodeIgniter\CodeIgniter->run()
#8 /Users/redhorivai/Documents/sribertech/aplikasi pendaftaran dan pengumuman siswa/system/Commands/Server/rewrite.php(34): require_once('/Users/redhoriv...')
#9 {main}
INFO - 2025-05-26 21:23:15 --> Session: Class initialized using 'CodeIgniter\Session\Handlers\FileHandler' driver.
WARNING - 2025-05-26 21:23:15 --> Session: Sessions is enabled, and one exists.Please don't $session->start();
INFO - 2025-05-26 21:23:17 --> Session: Class initialized using 'CodeIgniter\Session\Handlers\FileHandler' driver.
WARNING - 2025-05-26 21:23:17 --> Session: Sessions is enabled, and one exists.Please don't $session->start();
INFO - 2025-05-26 21:23:17 --> Session: Class initialized using 'CodeIgniter\Session\Handlers\FileHandler' driver.
WARNING - 2025-05-26 21:23:17 --> Session: Sessions is enabled, and one exists.Please don't $session->start();
INFO - 2025-05-26 21:23:22 --> Session: Class initialized using 'CodeIgniter\Session\Handlers\FileHandler' driver.
WARNING - 2025-05-26 21:23:22 --> Session: Sessions is enabled, and one exists.Please don't $session->start();
INFO - 2025-05-26 21:23:27 --> Session: Class initialized using 'CodeIgniter\Session\Handlers\FileHandler' driver.
WARNING - 2025-05-26 21:23:27 --> Session: Sessions is enabled, and one exists.Please don't $session->start();
INFO - 2025-05-26 21:23:51 --> Session: Class initialized using 'CodeIgniter\Session\Handlers\FileHandler' driver.
WARNING - 2025-05-26 21:23:51 --> Session: Sessions is enabled, and one exists.Please don't $session->start();
INFO - 2025-05-26 21:23:52 --> Session: Class initialized using 'CodeIgniter\Session\Handlers\FileHandler' driver.
WARNING - 2025-05-26 21:23:52 --> Session: Sessions is enabled, and one exists.Please don't $session->start();
INFO - 2025-05-26 21:23:52 --> Session: Class initialized using 'CodeIgniter\Session\Handlers\FileHandler' driver.
WARNING - 2025-05-26 21:23:52 --> Session: Sessions is enabled, and one exists.Please don't $session->start();
INFO - 2025-05-26 21:23:55 --> Session: Class initialized using 'CodeIgniter\Session\Handlers\FileHandler' driver.
WARNING - 2025-05-26 21:23:55 --> Session: Sessions is enabled, and one exists.Please don't $session->start();
INFO - 2025-05-26 21:23:59 --> Session: Class initialized using 'CodeIgniter\Session\Handlers\FileHandler' driver.
WARNING - 2025-05-26 21:23:59 --> Session: Sessions is enabled, and one exists.Please don't $session->start();
INFO - 2025-05-26 21:24:14 --> Session: Class initialized using 'CodeIgniter\Session\Handlers\FileHandler' driver.
WARNING - 2025-05-26 21:24:14 --> Session: Sessions is enabled, and one exists.Please don't $session->start();
INFO - 2025-05-26 21:24:15 --> Session: Class initialized using 'CodeIgniter\Session\Handlers\FileHandler' driver.
WARNING - 2025-05-26 21:24:15 --> Session: Sessions is enabled, and one exists.Please don't $session->start();
INFO - 2025-05-26 21:24:15 --> Session: Class initialized using 'CodeIgniter\Session\Handlers\FileHandler' driver.
WARNING - 2025-05-26 21:24:15 --> Session: Sessions is enabled, and one exists.Please don't $session->start();
CRITICAL - 2025-05-26 21:24:15 --> Call to undefined method App\Models\SiswaModel::getKelasSiswa
#0 /Users/redhorivai/Documents/sribertech/aplikasi pendaftaran dan pengumuman siswa/app/Controllers/Siswa.php(43): CodeIgniter\Model->__call('getKelasSiswa', Array)
#1 /Users/redhorivai/Documents/sribertech/aplikasi pendaftaran dan pengumuman siswa/system/CodeIgniter.php(918): App\Controllers\Siswa->getData()
#2 /Users/redhorivai/Documents/sribertech/aplikasi pendaftaran dan pengumuman siswa/system/CodeIgniter.php(404): CodeIgniter\CodeIgniter->runController(Object(App\Controllers\Siswa))
#3 /Users/redhorivai/Documents/sribertech/aplikasi pendaftaran dan pengumuman siswa/system/CodeIgniter.php(312): CodeIgniter\CodeIgniter->handleRequest(NULL, Object(Config\Cache), false)
#4 /Users/redhorivai/Documents/sribertech/aplikasi pendaftaran dan pengumuman siswa/public/index.php(45): CodeIgniter\CodeIgniter->run()
#5 /Users/redhorivai/Documents/sribertech/aplikasi pendaftaran dan pengumuman siswa/system/Commands/Server/rewrite.php(34): require_once('/Users/redhoriv...')
#6 {main}
INFO - 2025-05-26 21:24:52 --> Session: Class initialized using 'CodeIgniter\Session\Handlers\FileHandler' driver.
WARNING - 2025-05-26 21:24:52 --> Session: Sessions is enabled, and one exists.Please don't $session->start();
INFO - 2025-05-26 21:24:53 --> Session: Class initialized using 'CodeIgniter\Session\Handlers\FileHandler' driver.
WARNING - 2025-05-26 21:24:53 --> Session: Sessions is enabled, and one exists.Please don't $session->start();
ERROR - 2025-05-26 21:24:53 --> mysqli_sql_exception: Unknown column 'id_kelas' in 'WHERE' in /Users/redhorivai/Documents/sribertech/aplikasi pendaftaran dan pengumuman siswa/system/Database/MySQLi/Connection.php:331
Stack trace:
#0 /Users/redhorivai/Documents/sribertech/aplikasi pendaftaran dan pengumuman siswa/system/Database/MySQLi/Connection.php(331): mysqli->query('SELECT *\nFROM `...')
#1 /Users/redhorivai/Documents/sribertech/aplikasi pendaftaran dan pengumuman siswa/system/Database/BaseConnection.php(741): CodeIgniter\Database\MySQLi\Connection->execute('SELECT *\nFROM `...')
#2 /Users/redhorivai/Documents/sribertech/aplikasi pendaftaran dan pengumuman siswa/system/Database/BaseConnection.php(669): CodeIgniter\Database\BaseConnection->simpleQuery('SELECT *\nFROM `...')
#3 /Users/redhorivai/Documents/sribertech/aplikasi pendaftaran dan pengumuman siswa/system/Database/BaseBuilder.php(1860): CodeIgniter\Database\BaseConnection->query('SELECT *\nFROM `...', Array, false)
#4 /Users/redhorivai/Documents/sribertech/aplikasi pendaftaran dan pengumuman siswa/app/Models/SiswaModel.php(20): CodeIgniter\Database\BaseBuilder->get()
#5 /Users/redhorivai/Documents/sribertech/aplikasi pendaftaran dan pengumuman siswa/app/Controllers/Siswa.php(43): App\Models\SiswaModel->getKelasSiswa('')
#6 /Users/redhorivai/Documents/sribertech/aplikasi pendaftaran dan pengumuman siswa/system/CodeIgniter.php(918): App\Controllers\Siswa->getData()
#7 /Users/redhorivai/Documents/sribertech/aplikasi pendaftaran dan pengumuman siswa/system/CodeIgniter.php(404): CodeIgniter\CodeIgniter->runController(Object(App\Controllers\Siswa))
#8 /Users/redhorivai/Documents/sribertech/aplikasi pendaftaran dan pengumuman siswa/system/CodeIgniter.php(312): CodeIgniter\CodeIgniter->handleRequest(NULL, Object(Config\Cache), false)
#9 /Users/redhorivai/Documents/sribertech/aplikasi pendaftaran dan pengumuman siswa/public/index.php(45): CodeIgniter\CodeIgniter->run()
#10 /Users/redhorivai/Documents/sribertech/aplikasi pendaftaran dan pengumuman siswa/system/Commands/Server/rewrite.php(34): require_once('/Users/redhoriv...')
#11 {main}
CRITICAL - 2025-05-26 21:24:53 --> Unknown column 'id_kelas' in 'WHERE'
#0 /Users/redhorivai/Documents/sribertech/aplikasi pendaftaran dan pengumuman siswa/system/Database/MySQLi/Connection.php(331): mysqli->query('SELECT *\nFROM `...')
#1 /Users/redhorivai/Documents/sribertech/aplikasi pendaftaran dan pengumuman siswa/system/Database/BaseConnection.php(741): CodeIgniter\Database\MySQLi\Connection->execute('SELECT *\nFROM `...')
#2 /Users/redhorivai/Documents/sribertech/aplikasi pendaftaran dan pengumuman siswa/system/Database/BaseConnection.php(669): CodeIgniter\Database\BaseConnection->simpleQuery('SELECT *\nFROM `...')
#3 /Users/redhorivai/Documents/sribertech/aplikasi pendaftaran dan pengumuman siswa/system/Database/BaseBuilder.php(1860): CodeIgniter\Database\BaseConnection->query('SELECT *\nFROM `...', Array, false)
#4 /Users/redhorivai/Documents/sribertech/aplikasi pendaftaran dan pengumuman siswa/app/Models/SiswaModel.php(20): CodeIgniter\Database\BaseBuilder->get()
#5 /Users/redhorivai/Documents/sribertech/aplikasi pendaftaran dan pengumuman siswa/app/Controllers/Siswa.php(43): App\Models\SiswaModel->getKelasSiswa('')
#6 /Users/redhorivai/Documents/sribertech/aplikasi pendaftaran dan pengumuman siswa/system/CodeIgniter.php(918): App\Controllers\Siswa->getData()
#7 /Users/redhorivai/Documents/sribertech/aplikasi pendaftaran dan pengumuman siswa/system/CodeIgniter.php(404): CodeIgniter\CodeIgniter->runController(Object(App\Controllers\Siswa))
#8 /Users/redhorivai/Documents/sribertech/aplikasi pendaftaran dan pengumuman siswa/system/CodeIgniter.php(312): CodeIgniter\CodeIgniter->handleRequest(NULL, Object(Config\Cache), false)
#9 /Users/redhorivai/Documents/sribertech/aplikasi pendaftaran dan pengumuman siswa/public/index.php(45): CodeIgniter\CodeIgniter->run()
#10 /Users/redhorivai/Documents/sribertech/aplikasi pendaftaran dan pengumuman siswa/system/Commands/Server/rewrite.php(34): require_once('/Users/redhoriv...')
#11 {main}
INFO - 2025-05-26 21:24:53 --> Session: Class initialized using 'CodeIgniter\Session\Handlers\FileHandler' driver.
WARNING - 2025-05-26 21:24:53 --> Session: Sessions is enabled, and one exists.Please don't $session->start();
INFO - 2025-05-26 21:24:57 --> Session: Class initialized using 'CodeIgniter\Session\Handlers\FileHandler' driver.
WARNING - 2025-05-26 21:24:57 --> Session: Sessions is enabled, and one exists.Please don't $session->start();
ERROR - 2025-05-26 21:24:57 --> mysqli_sql_exception: Unknown column 'id_kelas' in 'WHERE' in /Users/redhorivai/Documents/sribertech/aplikasi pendaftaran dan pengumuman siswa/system/Database/MySQLi/Connection.php:331
Stack trace:
#0 /Users/redhorivai/Documents/sribertech/aplikasi pendaftaran dan pengumuman siswa/system/Database/MySQLi/Connection.php(331): mysqli->query('SELECT *\nFROM `...')
#1 /Users/redhorivai/Documents/sribertech/aplikasi pendaftaran dan pengumuman siswa/system/Database/BaseConnection.php(741): CodeIgniter\Database\MySQLi\Connection->execute('SELECT *\nFROM `...')
#2 /Users/redhorivai/Documents/sribertech/aplikasi pendaftaran dan pengumuman siswa/system/Database/BaseConnection.php(669): CodeIgniter\Database\BaseConnection->simpleQuery('SELECT *\nFROM `...')
#3 /Users/redhorivai/Documents/sribertech/aplikasi pendaftaran dan pengumuman siswa/system/Database/BaseBuilder.php(1860): CodeIgniter\Database\BaseConnection->query('SELECT *\nFROM `...', Array, false)
#4 /Users/redhorivai/Documents/sribertech/aplikasi pendaftaran dan pengumuman siswa/app/Models/SiswaModel.php(20): CodeIgniter\Database\BaseBuilder->get()
#5 /Users/redhorivai/Documents/sribertech/aplikasi pendaftaran dan pengumuman siswa/app/Controllers/Siswa.php(43): App\Models\SiswaModel->getKelasSiswa('2')
#6 /Users/redhorivai/Documents/sribertech/aplikasi pendaftaran dan pengumuman siswa/system/CodeIgniter.php(918): App\Controllers\Siswa->getData()
#7 /Users/redhorivai/Documents/sribertech/aplikasi pendaftaran dan pengumuman siswa/system/CodeIgniter.php(404): CodeIgniter\CodeIgniter->runController(Object(App\Controllers\Siswa))
#8 /Users/redhorivai/Documents/sribertech/aplikasi pendaftaran dan pengumuman siswa/system/CodeIgniter.php(312): CodeIgniter\CodeIgniter->handleRequest(NULL, Object(Config\Cache), false)
#9 /Users/redhorivai/Documents/sribertech/aplikasi pendaftaran dan pengumuman siswa/public/index.php(45): CodeIgniter\CodeIgniter->run()
#10 /Users/redhorivai/Documents/sribertech/aplikasi pendaftaran dan pengumuman siswa/system/Commands/Server/rewrite.php(34): require_once('/Users/redhoriv...')
#11 {main}
CRITICAL - 2025-05-26 21:24:57 --> Unknown column 'id_kelas' in 'WHERE'
#0 /Users/redhorivai/Documents/sribertech/aplikasi pendaftaran dan pengumuman siswa/system/Database/MySQLi/Connection.php(331): mysqli->query('SELECT *\nFROM `...')
#1 /Users/redhorivai/Documents/sribertech/aplikasi pendaftaran dan pengumuman siswa/system/Database/BaseConnection.php(741): CodeIgniter\Database\MySQLi\Connection->execute('SELECT *\nFROM `...')
#2 /Users/redhorivai/Documents/sribertech/aplikasi pendaftaran dan pengumuman siswa/system/Database/BaseConnection.php(669): CodeIgniter\Database\BaseConnection->simpleQuery('SELECT *\nFROM `...')
#3 /Users/redhorivai/Documents/sribertech/aplikasi pendaftaran dan pengumuman siswa/system/Database/BaseBuilder.php(1860): CodeIgniter\Database\BaseConnection->query('SELECT *\nFROM `...', Array, false)
#4 /Users/redhorivai/Documents/sribertech/aplikasi pendaftaran dan pengumuman siswa/app/Models/SiswaModel.php(20): CodeIgniter\Database\BaseBuilder->get()
#5 /Users/redhorivai/Documents/sribertech/aplikasi pendaftaran dan pengumuman siswa/app/Controllers/Siswa.php(43): App\Models\SiswaModel->getKelasSiswa('2')
#6 /Users/redhorivai/Documents/sribertech/aplikasi pendaftaran dan pengumuman siswa/system/CodeIgniter.php(918): App\Controllers\Siswa->getData()
#7 /Users/redhorivai/Documents/sribertech/aplikasi pendaftaran dan pengumuman siswa/system/CodeIgniter.php(404): CodeIgniter\CodeIgniter->runController(Object(App\Controllers\Siswa))
#8 /Users/redhorivai/Documents/sribertech/aplikasi pendaftaran dan pengumuman siswa/system/CodeIgniter.php(312): CodeIgniter\CodeIgniter->handleRequest(NULL, Object(Config\Cache), false)
#9 /Users/redhorivai/Documents/sribertech/aplikasi pendaftaran dan pengumuman siswa/public/index.php(45): CodeIgniter\CodeIgniter->run()
#10 /Users/redhorivai/Documents/sribertech/aplikasi pendaftaran dan pengumuman siswa/system/Commands/Server/rewrite.php(34): require_once('/Users/redhoriv...')
#11 {main}
INFO - 2025-05-26 21:25:22 --> Session: Class initialized using 'CodeIgniter\Session\Handlers\FileHandler' driver.
WARNING - 2025-05-26 21:25:22 --> Session: Sessions is enabled, and one exists.Please don't $session->start();
INFO - 2025-05-26 21:25:23 --> Session: Class initialized using 'CodeIgniter\Session\Handlers\FileHandler' driver.
WARNING - 2025-05-26 21:25:23 --> Session: Sessions is enabled, and one exists.Please don't $session->start();
INFO - 2025-05-26 21:25:23 --> Session: Class initialized using 'CodeIgniter\Session\Handlers\FileHandler' driver.
WARNING - 2025-05-26 21:25:23 --> Session: Sessions is enabled, and one exists.Please don't $session->start();
INFO - 2025-05-26 21:25:26 --> Session: Class initialized using 'CodeIgniter\Session\Handlers\FileHandler' driver.
WARNING - 2025-05-26 21:25:26 --> Session: Sessions is enabled, and one exists.Please don't $session->start();
INFO - 2025-05-26 21:25:36 --> Session: Class initialized using 'CodeIgniter\Session\Handlers\FileHandler' driver.
WARNING - 2025-05-26 21:25:36 --> Session: Sessions is enabled, and one exists.Please don't $session->start();
INFO - 2025-05-26 21:25:37 --> Session: Class initialized using 'CodeIgniter\Session\Handlers\FileHandler' driver.
WARNING - 2025-05-26 21:25:37 --> Session: Sessions is enabled, and one exists.Please don't $session->start();
INFO - 2025-05-26 21:25:37 --> Session: Class initialized using 'CodeIgniter\Session\Handlers\FileHandler' driver.
WARNING - 2025-05-26 21:25:37 --> Session: Sessions is enabled, and one exists.Please don't $session->start();
INFO - 2025-05-26 21:25:44 --> Session: Class initialized using 'CodeIgniter\Session\Handlers\FileHandler' driver.
WARNING - 2025-05-26 21:25:44 --> Session: Sessions is enabled, and one exists.Please don't $session->start();
CRITICAL - 2025-05-26 21:25:44 --> Undefined property: stdClass::$levnikel
#0 /Users/redhorivai/Documents/sribertech/aplikasi pendaftaran dan pengumuman siswa/app/Controllers/Siswa.php(53): CodeIgniter\Debug\Exceptions->errorHandler(8, 'Undefined prope...', '/Users/redhoriv...', 53, Array)
#1 /Users/redhorivai/Documents/sribertech/aplikasi pendaftaran dan pengumuman siswa/system/CodeIgniter.php(918): App\Controllers\Siswa->getData()
#2 /Users/redhorivai/Documents/sribertech/aplikasi pendaftaran dan pengumuman siswa/system/CodeIgniter.php(404): CodeIgniter\CodeIgniter->runController(Object(App\Controllers\Siswa))
#3 /Users/redhorivai/Documents/sribertech/aplikasi pendaftaran dan pengumuman siswa/system/CodeIgniter.php(312): CodeIgniter\CodeIgniter->handleRequest(NULL, Object(Config\Cache), false)
#4 /Users/redhorivai/Documents/sribertech/aplikasi pendaftaran dan pengumuman siswa/public/index.php(45): CodeIgniter\CodeIgniter->run()
#5 /Users/redhorivai/Documents/sribertech/aplikasi pendaftaran dan pengumuman siswa/system/Commands/Server/rewrite.php(34): require_once('/Users/redhoriv...')
#6 {main}
INFO - 2025-05-26 21:25:56 --> Session: Class initialized using 'CodeIgniter\Session\Handlers\FileHandler' driver.
WARNING - 2025-05-26 21:25:56 --> Session: Sessions is enabled, and one exists.Please don't $session->start();
INFO - 2025-05-26 21:28:02 --> Session: Class initialized using 'CodeIgniter\Session\Handlers\FileHandler' driver.
WARNING - 2025-05-26 21:28:02 --> Session: Sessions is enabled, and one exists.Please don't $session->start();
INFO - 2025-05-26 21:28:03 --> Session: Class initialized using 'CodeIgniter\Session\Handlers\FileHandler' driver.
WARNING - 2025-05-26 21:28:03 --> Session: Sessions is enabled, and one exists.Please don't $session->start();
INFO - 2025-05-26 21:28:03 --> Session: Class initialized using 'CodeIgniter\Session\Handlers\FileHandler' driver.
WARNING - 2025-05-26 21:28:03 --> Session: Sessions is enabled, and one exists.Please don't $session->start();
ERROR - 2025-05-26 21:28:03 --> mysqli_sql_exception: Unknown column 'siswa.kelas_id' in 'ON' in /Users/redhorivai/Documents/sribertech/aplikasi pendaftaran dan pengumuman siswa/system/Database/MySQLi/Connection.php:331
Stack trace:
#0 /Users/redhorivai/Documents/sribertech/aplikasi pendaftaran dan pengumuman siswa/system/Database/MySQLi/Connection.php(331): mysqli->query('SELECT `siswa`....')
#1 /Users/redhorivai/Documents/sribertech/aplikasi pendaftaran dan pengumuman siswa/system/Database/BaseConnection.php(741): CodeIgniter\Database\MySQLi\Connection->execute('SELECT `siswa`....')
#2 /Users/redhorivai/Documents/sribertech/aplikasi pendaftaran dan pengumuman siswa/system/Database/BaseConnection.php(669): CodeIgniter\Database\BaseConnection->simpleQuery('SELECT `siswa`....')
#3 /Users/redhorivai/Documents/sribertech/aplikasi pendaftaran dan pengumuman siswa/system/Database/BaseBuilder.php(1860): CodeIgniter\Database\BaseConnection->query('SELECT `siswa`....', Array, false)
#4 /Users/redhorivai/Documents/sribertech/aplikasi pendaftaran dan pengumuman siswa/app/Models/SiswaModel.php(66): CodeIgniter\Database\BaseBuilder->get()
#5 /Users/redhorivai/Documents/sribertech/aplikasi pendaftaran dan pengumuman siswa/app/Controllers/Siswa.php(43): App\Models\SiswaModel->get_datatables('')
#6 /Users/redhorivai/Documents/sribertech/aplikasi pendaftaran dan pengumuman siswa/system/CodeIgniter.php(918): App\Controllers\Siswa->getData()
#7 /Users/redhorivai/Documents/sribertech/aplikasi pendaftaran dan pengumuman siswa/system/CodeIgniter.php(404): CodeIgniter\CodeIgniter->runController(Object(App\Controllers\Siswa))
#8 /Users/redhorivai/Documents/sribertech/aplikasi pendaftaran dan pengumuman siswa/system/CodeIgniter.php(312): CodeIgniter\CodeIgniter->handleRequest(NULL, Object(Config\Cache), false)
#9 /Users/redhorivai/Documents/sribertech/aplikasi pendaftaran dan pengumuman siswa/public/index.php(45): CodeIgniter\CodeIgniter->run()
#10 /Users/redhorivai/Documents/sribertech/aplikasi pendaftaran dan pengumuman siswa/system/Commands/Server/rewrite.php(34): require_once('/Users/redhoriv...')
#11 {main}
CRITICAL - 2025-05-26 21:28:03 --> Unknown column 'siswa.kelas_id' in 'ON'
#0 /Users/redhorivai/Documents/sribertech/aplikasi pendaftaran dan pengumuman siswa/system/Database/MySQLi/Connection.php(331): mysqli->query('SELECT `siswa`....')
#1 /Users/redhorivai/Documents/sribertech/aplikasi pendaftaran dan pengumuman siswa/system/Database/BaseConnection.php(741): CodeIgniter\Database\MySQLi\Connection->execute('SELECT `siswa`....')
#2 /Users/redhorivai/Documents/sribertech/aplikasi pendaftaran dan pengumuman siswa/system/Database/BaseConnection.php(669): CodeIgniter\Database\BaseConnection->simpleQuery('SELECT `siswa`....')
#3 /Users/redhorivai/Documents/sribertech/aplikasi pendaftaran dan pengumuman siswa/system/Database/BaseBuilder.php(1860): CodeIgniter\Database\BaseConnection->query('SELECT `siswa`....', Array, false)
#4 /Users/redhorivai/Documents/sribertech/aplikasi pendaftaran dan pengumuman siswa/app/Models/SiswaModel.php(66): CodeIgniter\Database\BaseBuilder->get()
#5 /Users/redhorivai/Documents/sribertech/aplikasi pendaftaran dan pengumuman siswa/app/Controllers/Siswa.php(43): App\Models\SiswaModel->get_datatables('')
#6 /Users/redhorivai/Documents/sribertech/aplikasi pendaftaran dan pengumuman siswa/system/CodeIgniter.php(918): App\Controllers\Siswa->getData()
#7 /Users/redhorivai/Documents/sribertech/aplikasi pendaftaran dan pengumuman siswa/system/CodeIgniter.php(404): CodeIgniter\CodeIgniter->runController(Object(App\Controllers\Siswa))
#8 /Users/redhorivai/Documents/sribertech/aplikasi pendaftaran dan pengumuman siswa/system/CodeIgniter.php(312): CodeIgniter\CodeIgniter->handleRequest(NULL, Object(Config\Cache), false)
#9 /Users/redhorivai/Documents/sribertech/aplikasi pendaftaran dan pengumuman siswa/public/index.php(45): CodeIgniter\CodeIgniter->run()
#10 /Users/redhorivai/Documents/sribertech/aplikasi pendaftaran dan pengumuman siswa/system/Commands/Server/rewrite.php(34): require_once('/Users/redhoriv...')
#11 {main}
INFO - 2025-05-26 22:03:34 --> Session: Class initialized using 'CodeIgniter\Session\Handlers\FileHandler' driver.
WARNING - 2025-05-26 22:03:34 --> Session: Sessions is enabled, and one exists.Please don't $session->start();
INFO - 2025-05-26 22:03:36 --> Session: Class initialized using 'CodeIgniter\Session\Handlers\FileHandler' driver.
WARNING - 2025-05-26 22:03:36 --> Session: Sessions is enabled, and one exists.Please don't $session->start();
INFO - 2025-05-26 22:03:36 --> Session: Class initialized using 'CodeIgniter\Session\Handlers\FileHandler' driver.
WARNING - 2025-05-26 22:03:36 --> Session: Sessions is enabled, and one exists.Please don't $session->start();
CRITICAL - 2025-05-26 22:03:36 --> Undefined property: stdClass::$nama
#0 /Users/redhorivai/Documents/sribertech/aplikasi pendaftaran dan pengumuman siswa/app/Controllers/Siswa.php(52): CodeIgniter\Debug\Exceptions->errorHandler(8, 'Undefined prope...', '/Users/redhoriv...', 52, Array)
#1 /Users/redhorivai/Documents/sribertech/aplikasi pendaftaran dan pengumuman siswa/system/CodeIgniter.php(918): App\Controllers\Siswa->getData()
#2 /Users/redhorivai/Documents/sribertech/aplikasi pendaftaran dan pengumuman siswa/system/CodeIgniter.php(404): CodeIgniter\CodeIgniter->runController(Object(App\Controllers\Siswa))
#3 /Users/redhorivai/Documents/sribertech/aplikasi pendaftaran dan pengumuman siswa/system/CodeIgniter.php(312): CodeIgniter\CodeIgniter->handleRequest(NULL, Object(Config\Cache), false)
#4 /Users/redhorivai/Documents/sribertech/aplikasi pendaftaran dan pengumuman siswa/public/index.php(45): CodeIgniter\CodeIgniter->run()
#5 /Users/redhorivai/Documents/sribertech/aplikasi pendaftaran dan pengumuman siswa/system/Commands/Server/rewrite.php(34): require_once('/Users/redhoriv...')
#6 {main}
INFO - 2025-05-26 22:03:54 --> Session: Class initialized using 'CodeIgniter\Session\Handlers\FileHandler' driver.
WARNING - 2025-05-26 22:03:54 --> Session: Sessions is enabled, and one exists.Please don't $session->start();
INFO - 2025-05-26 22:03:55 --> Session: Class initialized using 'CodeIgniter\Session\Handlers\FileHandler' driver.
WARNING - 2025-05-26 22:03:55 --> Session: Sessions is enabled, and one exists.Please don't $session->start();
INFO - 2025-05-26 22:03:55 --> Session: Class initialized using 'CodeIgniter\Session\Handlers\FileHandler' driver.
WARNING - 2025-05-26 22:03:55 --> Session: Sessions is enabled, and one exists.Please don't $session->start();
INFO - 2025-05-26 22:04:47 --> Session: Class initialized using 'CodeIgniter\Session\Handlers\FileHandler' driver.
WARNING - 2025-05-26 22:04:47 --> Session: Sessions is enabled, and one exists.Please don't $session->start();
INFO - 2025-05-26 22:04:49 --> Session: Class initialized using 'CodeIgniter\Session\Handlers\FileHandler' driver.
WARNING - 2025-05-26 22:04:49 --> Session: Sessions is enabled, and one exists.Please don't $session->start();
INFO - 2025-05-26 22:04:49 --> Session: Class initialized using 'CodeIgniter\Session\Handlers\FileHandler' driver.
WARNING - 2025-05-26 22:04:49 --> Session: Sessions is enabled, and one exists.Please don't $session->start();
INFO - 2025-05-26 22:04:53 --> Session: Class initialized using 'CodeIgniter\Session\Handlers\FileHandler' driver.
WARNING - 2025-05-26 22:04:53 --> Session: Sessions is enabled, and one exists.Please don't $session->start();
INFO - 2025-05-26 22:04:55 --> Session: Class initialized using 'CodeIgniter\Session\Handlers\FileHandler' driver.
WARNING - 2025-05-26 22:04:55 --> Session: Sessions is enabled, and one exists.Please don't $session->start();
INFO - 2025-05-26 22:05:32 --> Session: Class initialized using 'CodeIgniter\Session\Handlers\FileHandler' driver.
WARNING - 2025-05-26 22:05:32 --> Session: Sessions is enabled, and one exists.Please don't $session->start();
INFO - 2025-05-26 22:05:33 --> Session: Class initialized using 'CodeIgniter\Session\Handlers\FileHandler' driver.
WARNING - 2025-05-26 22:05:33 --> Session: Sessions is enabled, and one exists.Please don't $session->start();
INFO - 2025-05-26 22:05:33 --> Session: Class initialized using 'CodeIgniter\Session\Handlers\FileHandler' driver.
WARNING - 2025-05-26 22:05:33 --> Session: Sessions is enabled, and one exists.Please don't $session->start();
INFO - 2025-05-26 22:05:34 --> Session: Class initialized using 'CodeIgniter\Session\Handlers\FileHandler' driver.
WARNING - 2025-05-26 22:05:34 --> Session: Sessions is enabled, and one exists.Please don't $session->start();
INFO - 2025-05-26 22:05:36 --> Session: Class initialized using 'CodeIgniter\Session\Handlers\FileHandler' driver.
WARNING - 2025-05-26 22:05:36 --> Session: Sessions is enabled, and one exists.Please don't $session->start();
INFO - 2025-05-26 22:05:36 --> Session: Class initialized using 'CodeIgniter\Session\Handlers\FileHandler' driver.
WARNING - 2025-05-26 22:05:36 --> Session: Sessions is enabled, and one exists.Please don't $session->start();
INFO - 2025-05-26 22:05:36 --> Session: Class initialized using 'CodeIgniter\Session\Handlers\FileHandler' driver.
WARNING - 2025-05-26 22:05:36 --> Session: Sessions is enabled, and one exists.Please don't $session->start();
INFO - 2025-05-26 22:08:28 --> Session: Class initialized using 'CodeIgniter\Session\Handlers\FileHandler' driver.
WARNING - 2025-05-26 22:08:28 --> Session: Sessions is enabled, and one exists.Please don't $session->start();
