INFO - 2025-05-30 00:30:29 --> Session: Class initialized using 'CodeIgniter\Session\Handlers\FileHandler' driver.
WARNING - 2025-05-30 00:30:29 --> Session: Sessions is enabled, and one exists.Please don't $session->start();
INFO - 2025-05-30 00:30:34 --> Session: Class initialized using 'CodeIgniter\Session\Handlers\FileHandler' driver.
WARNING - 2025-05-30 00:30:34 --> Session: Sessions is enabled, and one exists.Please don't $session->start();
INFO - 2025-05-30 00:30:36 --> Session: Class initialized using 'CodeIgniter\Session\Handlers\FileHandler' driver.
WARNING - 2025-05-30 00:30:36 --> Session: Sessions is enabled, and one exists.Please don't $session->start();
INFO - 2025-05-30 00:30:38 --> Session: Class initialized using 'CodeIgniter\Session\Handlers\FileHandler' driver.
WARNING - 2025-05-30 00:30:38 --> Session: Sessions is enabled, and one exists.Please don't $session->start();
INFO - 2025-05-30 00:30:39 --> Session: Class initialized using 'CodeIgniter\Session\Handlers\FileHandler' driver.
WARNING - 2025-05-30 00:30:39 --> Session: Sessions is enabled, and one exists.Please don't $session->start();
INFO - 2025-05-30 00:31:03 --> Session: Class initialized using 'CodeIgniter\Session\Handlers\FileHandler' driver.
WARNING - 2025-05-30 00:31:03 --> Session: Sessions is enabled, and one exists.Please don't $session->start();
INFO - 2025-05-30 00:31:03 --> Session: Class initialized using 'CodeIgniter\Session\Handlers\FileHandler' driver.
WARNING - 2025-05-30 00:31:03 --> Session: Sessions is enabled, and one exists.Please don't $session->start();
INFO - 2025-05-30 00:31:03 --> Session: Class initialized using 'CodeIgniter\Session\Handlers\FileHandler' driver.
WARNING - 2025-05-30 00:31:03 --> Session: Sessions is enabled, and one exists.Please don't $session->start();
INFO - 2025-05-30 00:31:16 --> Session: Class initialized using 'CodeIgniter\Session\Handlers\FileHandler' driver.
WARNING - 2025-05-30 00:31:16 --> Session: Sessions is enabled, and one exists.Please don't $session->start();
INFO - 2025-05-30 00:31:16 --> Session: Class initialized using 'CodeIgniter\Session\Handlers\FileHandler' driver.
WARNING - 2025-05-30 00:31:16 --> Session: Sessions is enabled, and one exists.Please don't $session->start();
INFO - 2025-05-30 00:31:16 --> Session: Class initialized using 'CodeIgniter\Session\Handlers\FileHandler' driver.
WARNING - 2025-05-30 00:31:16 --> Session: Sessions is enabled, and one exists.Please don't $session->start();
INFO - 2025-05-30 00:31:42 --> Session: Class initialized using 'CodeIgniter\Session\Handlers\FileHandler' driver.
WARNING - 2025-05-30 00:31:42 --> Session: Sessions is enabled, and one exists.Please don't $session->start();
INFO - 2025-05-30 00:31:43 --> Session: Class initialized using 'CodeIgniter\Session\Handlers\FileHandler' driver.
WARNING - 2025-05-30 00:31:43 --> Session: Sessions is enabled, and one exists.Please don't $session->start();
INFO - 2025-05-30 00:31:43 --> Session: Class initialized using 'CodeIgniter\Session\Handlers\FileHandler' driver.
WARNING - 2025-05-30 00:31:43 --> Session: Sessions is enabled, and one exists.Please don't $session->start();
INFO - 2025-05-30 00:31:44 --> Session: Class initialized using 'CodeIgniter\Session\Handlers\FileHandler' driver.
WARNING - 2025-05-30 00:31:44 --> Session: Sessions is enabled, and one exists.Please don't $session->start();
INFO - 2025-05-30 00:31:44 --> Session: Class initialized using 'CodeIgniter\Session\Handlers\FileHandler' driver.
WARNING - 2025-05-30 00:31:44 --> Session: Sessions is enabled, and one exists.Please don't $session->start();
INFO - 2025-05-30 00:31:45 --> Session: Class initialized using 'CodeIgniter\Session\Handlers\FileHandler' driver.
WARNING - 2025-05-30 00:31:45 --> Session: Sessions is enabled, and one exists.Please don't $session->start();
INFO - 2025-05-30 00:31:45 --> Session: Class initialized using 'CodeIgniter\Session\Handlers\FileHandler' driver.
WARNING - 2025-05-30 00:31:45 --> Session: Sessions is enabled, and one exists.Please don't $session->start();
INFO - 2025-05-30 00:31:45 --> Session: Class initialized using 'CodeIgniter\Session\Handlers\FileHandler' driver.
WARNING - 2025-05-30 00:31:45 --> Session: Sessions is enabled, and one exists.Please don't $session->start();
INFO - 2025-05-30 00:32:05 --> Session: Class initialized using 'CodeIgniter\Session\Handlers\FileHandler' driver.
WARNING - 2025-05-30 00:32:05 --> Session: Sessions is enabled, and one exists.Please don't $session->start();
INFO - 2025-05-30 00:32:06 --> Session: Class initialized using 'CodeIgniter\Session\Handlers\FileHandler' driver.
WARNING - 2025-05-30 00:32:06 --> Session: Sessions is enabled, and one exists.Please don't $session->start();
INFO - 2025-05-30 00:32:07 --> Session: Class initialized using 'CodeIgniter\Session\Handlers\FileHandler' driver.
WARNING - 2025-05-30 00:32:07 --> Session: Sessions is enabled, and one exists.Please don't $session->start();
INFO - 2025-05-30 00:32:07 --> Session: Class initialized using 'CodeIgniter\Session\Handlers\FileHandler' driver.
WARNING - 2025-05-30 00:32:07 --> Session: Sessions is enabled, and one exists.Please don't $session->start();
INFO - 2025-05-30 00:32:07 --> Session: Class initialized using 'CodeIgniter\Session\Handlers\FileHandler' driver.
WARNING - 2025-05-30 00:32:07 --> Session: Sessions is enabled, and one exists.Please don't $session->start();
INFO - 2025-05-30 00:57:19 --> Session: Class initialized using 'CodeIgniter\Session\Handlers\FileHandler' driver.
WARNING - 2025-05-30 00:57:19 --> Session: Sessions is enabled, and one exists.Please don't $session->start();
INFO - 2025-05-30 00:57:37 --> Session: Class initialized using 'CodeIgniter\Session\Handlers\FileHandler' driver.
WARNING - 2025-05-30 00:57:37 --> Session: Sessions is enabled, and one exists.Please don't $session->start();
INFO - 2025-05-30 00:57:38 --> Session: Class initialized using 'CodeIgniter\Session\Handlers\FileHandler' driver.
WARNING - 2025-05-30 00:57:38 --> Session: Sessions is enabled, and one exists.Please don't $session->start();
INFO - 2025-05-30 00:57:39 --> Session: Class initialized using 'CodeIgniter\Session\Handlers\FileHandler' driver.
WARNING - 2025-05-30 00:57:39 --> Session: Sessions is enabled, and one exists.Please don't $session->start();
INFO - 2025-05-30 00:57:39 --> Session: Class initialized using 'CodeIgniter\Session\Handlers\FileHandler' driver.
WARNING - 2025-05-30 00:57:39 --> Session: Sessions is enabled, and one exists.Please don't $session->start();
INFO - 2025-05-30 00:57:50 --> Session: Class initialized using 'CodeIgniter\Session\Handlers\FileHandler' driver.
WARNING - 2025-05-30 00:57:50 --> Session: Sessions is enabled, and one exists.Please don't $session->start();
INFO - 2025-05-30 00:57:50 --> Session: Class initialized using 'CodeIgniter\Session\Handlers\FileHandler' driver.
WARNING - 2025-05-30 00:57:50 --> Session: Sessions is enabled, and one exists.Please don't $session->start();
INFO - 2025-05-30 00:57:58 --> Session: Class initialized using 'CodeIgniter\Session\Handlers\FileHandler' driver.
WARNING - 2025-05-30 00:57:58 --> Session: Sessions is enabled, and one exists.Please don't $session->start();
INFO - 2025-05-30 00:57:58 --> Session: Class initialized using 'CodeIgniter\Session\Handlers\FileHandler' driver.
WARNING - 2025-05-30 00:57:58 --> Session: Sessions is enabled, and one exists.Please don't $session->start();
INFO - 2025-05-30 00:57:58 --> Session: Class initialized using 'CodeIgniter\Session\Handlers\FileHandler' driver.
WARNING - 2025-05-30 00:57:58 --> Session: Sessions is enabled, and one exists.Please don't $session->start();
INFO - 2025-05-30 00:58:00 --> Session: Class initialized using 'CodeIgniter\Session\Handlers\FileHandler' driver.
WARNING - 2025-05-30 00:58:00 --> Session: Sessions is enabled, and one exists.Please don't $session->start();
INFO - 2025-05-30 00:58:00 --> Session: Class initialized using 'CodeIgniter\Session\Handlers\FileHandler' driver.
WARNING - 2025-05-30 00:58:00 --> Session: Sessions is enabled, and one exists.Please don't $session->start();
INFO - 2025-05-30 00:58:01 --> Session: Class initialized using 'CodeIgniter\Session\Handlers\FileHandler' driver.
WARNING - 2025-05-30 00:58:01 --> Session: Sessions is enabled, and one exists.Please don't $session->start();
INFO - 2025-05-30 00:58:02 --> Session: Class initialized using 'CodeIgniter\Session\Handlers\FileHandler' driver.
WARNING - 2025-05-30 00:58:02 --> Session: Sessions is enabled, and one exists.Please don't $session->start();
INFO - 2025-05-30 00:58:02 --> Session: Class initialized using 'CodeIgniter\Session\Handlers\FileHandler' driver.
WARNING - 2025-05-30 00:58:02 --> Session: Sessions is enabled, and one exists.Please don't $session->start();
INFO - 2025-05-30 00:58:03 --> Session: Class initialized using 'CodeIgniter\Session\Handlers\FileHandler' driver.
WARNING - 2025-05-30 00:58:03 --> Session: Sessions is enabled, and one exists.Please don't $session->start();
INFO - 2025-05-30 00:58:03 --> Session: Class initialized using 'CodeIgniter\Session\Handlers\FileHandler' driver.
WARNING - 2025-05-30 00:58:03 --> Session: Sessions is enabled, and one exists.Please don't $session->start();
INFO - 2025-05-30 00:58:03 --> Session: Class initialized using 'CodeIgniter\Session\Handlers\FileHandler' driver.
WARNING - 2025-05-30 00:58:03 --> Session: Sessions is enabled, and one exists.Please don't $session->start();
INFO - 2025-05-30 00:58:04 --> Session: Class initialized using 'CodeIgniter\Session\Handlers\FileHandler' driver.
WARNING - 2025-05-30 00:58:04 --> Session: Sessions is enabled, and one exists.Please don't $session->start();
INFO - 2025-05-30 00:58:05 --> Session: Class initialized using 'CodeIgniter\Session\Handlers\FileHandler' driver.
WARNING - 2025-05-30 00:58:05 --> Session: Sessions is enabled, and one exists.Please don't $session->start();
INFO - 2025-05-30 00:58:06 --> Session: Class initialized using 'CodeIgniter\Session\Handlers\FileHandler' driver.
WARNING - 2025-05-30 00:58:06 --> Session: Sessions is enabled, and one exists.Please don't $session->start();
INFO - 2025-05-30 00:58:06 --> Session: Class initialized using 'CodeIgniter\Session\Handlers\FileHandler' driver.
WARNING - 2025-05-30 00:58:06 --> Session: Sessions is enabled, and one exists.Please don't $session->start();
INFO - 2025-05-30 00:58:06 --> Session: Class initialized using 'CodeIgniter\Session\Handlers\FileHandler' driver.
WARNING - 2025-05-30 00:58:06 --> Session: Sessions is enabled, and one exists.Please don't $session->start();
INFO - 2025-05-30 00:58:14 --> Session: Class initialized using 'CodeIgniter\Session\Handlers\FileHandler' driver.
WARNING - 2025-05-30 00:58:14 --> Session: Sessions is enabled, and one exists.Please don't $session->start();
INFO - 2025-05-30 00:58:14 --> Session: Class initialized using 'CodeIgniter\Session\Handlers\FileHandler' driver.
WARNING - 2025-05-30 00:58:14 --> Session: Sessions is enabled, and one exists.Please don't $session->start();
INFO - 2025-05-30 00:58:15 --> Session: Class initialized using 'CodeIgniter\Session\Handlers\FileHandler' driver.
WARNING - 2025-05-30 00:58:15 --> Session: Sessions is enabled, and one exists.Please don't $session->start();
INFO - 2025-05-30 00:58:16 --> Session: Class initialized using 'CodeIgniter\Session\Handlers\FileHandler' driver.
WARNING - 2025-05-30 00:58:16 --> Session: Sessions is enabled, and one exists.Please don't $session->start();
INFO - 2025-05-30 00:58:17 --> Session: Class initialized using 'CodeIgniter\Session\Handlers\FileHandler' driver.
WARNING - 2025-05-30 00:58:17 --> Session: Sessions is enabled, and one exists.Please don't $session->start();
INFO - 2025-05-30 00:58:17 --> Session: Class initialized using 'CodeIgniter\Session\Handlers\FileHandler' driver.
WARNING - 2025-05-30 00:58:17 --> Session: Sessions is enabled, and one exists.Please don't $session->start();
INFO - 2025-05-30 00:58:18 --> Session: Class initialized using 'CodeIgniter\Session\Handlers\FileHandler' driver.
WARNING - 2025-05-30 00:58:18 --> Session: Sessions is enabled, and one exists.Please don't $session->start();
INFO - 2025-05-30 00:58:19 --> Session: Class initialized using 'CodeIgniter\Session\Handlers\FileHandler' driver.
WARNING - 2025-05-30 00:58:19 --> Session: Sessions is enabled, and one exists.Please don't $session->start();
INFO - 2025-05-30 00:58:20 --> Session: Class initialized using 'CodeIgniter\Session\Handlers\FileHandler' driver.
WARNING - 2025-05-30 00:58:20 --> Session: Sessions is enabled, and one exists.Please don't $session->start();
INFO - 2025-05-30 00:58:20 --> Session: Class initialized using 'CodeIgniter\Session\Handlers\FileHandler' driver.
WARNING - 2025-05-30 00:58:20 --> Session: Sessions is enabled, and one exists.Please don't $session->start();
INFO - 2025-05-30 01:00:02 --> Session: Class initialized using 'CodeIgniter\Session\Handlers\FileHandler' driver.
WARNING - 2025-05-30 01:00:02 --> Session: Sessions is enabled, and one exists.Please don't $session->start();
INFO - 2025-05-30 01:00:03 --> Session: Class initialized using 'CodeIgniter\Session\Handlers\FileHandler' driver.
WARNING - 2025-05-30 01:00:03 --> Session: Sessions is enabled, and one exists.Please don't $session->start();
INFO - 2025-05-30 01:00:55 --> Session: Class initialized using 'CodeIgniter\Session\Handlers\FileHandler' driver.
WARNING - 2025-05-30 01:00:55 --> Session: Sessions is enabled, and one exists.Please don't $session->start();
INFO - 2025-05-30 01:00:56 --> Session: Class initialized using 'CodeIgniter\Session\Handlers\FileHandler' driver.
WARNING - 2025-05-30 01:00:56 --> Session: Sessions is enabled, and one exists.Please don't $session->start();
INFO - 2025-05-30 01:00:59 --> Session: Class initialized using 'CodeIgniter\Session\Handlers\FileHandler' driver.
WARNING - 2025-05-30 01:00:59 --> Session: Sessions is enabled, and one exists.Please don't $session->start();
INFO - 2025-05-30 01:01:00 --> Session: Class initialized using 'CodeIgniter\Session\Handlers\FileHandler' driver.
WARNING - 2025-05-30 01:01:00 --> Session: Sessions is enabled, and one exists.Please don't $session->start();
INFO - 2025-05-30 01:03:42 --> Session: Class initialized using 'CodeIgniter\Session\Handlers\FileHandler' driver.
WARNING - 2025-05-30 01:03:42 --> Session: Sessions is enabled, and one exists.Please don't $session->start();
INFO - 2025-05-30 01:03:43 --> Session: Class initialized using 'CodeIgniter\Session\Handlers\FileHandler' driver.
WARNING - 2025-05-30 01:03:43 --> Session: Sessions is enabled, and one exists.Please don't $session->start();
INFO - 2025-05-30 01:04:01 --> Session: Class initialized using 'CodeIgniter\Session\Handlers\FileHandler' driver.
WARNING - 2025-05-30 01:04:01 --> Session: Sessions is enabled, and one exists.Please don't $session->start();
INFO - 2025-05-30 01:04:01 --> Session: Class initialized using 'CodeIgniter\Session\Handlers\FileHandler' driver.
WARNING - 2025-05-30 01:04:01 --> Session: Sessions is enabled, and one exists.Please don't $session->start();
INFO - 2025-05-30 01:04:25 --> Session: Class initialized using 'CodeIgniter\Session\Handlers\FileHandler' driver.
WARNING - 2025-05-30 01:04:25 --> Session: Sessions is enabled, and one exists.Please don't $session->start();
INFO - 2025-05-30 01:04:26 --> Session: Class initialized using 'CodeIgniter\Session\Handlers\FileHandler' driver.
WARNING - 2025-05-30 01:04:26 --> Session: Sessions is enabled, and one exists.Please don't $session->start();
INFO - 2025-05-30 01:04:36 --> Session: Class initialized using 'CodeIgniter\Session\Handlers\FileHandler' driver.
WARNING - 2025-05-30 01:04:36 --> Session: Sessions is enabled, and one exists.Please don't $session->start();
INFO - 2025-05-30 01:04:36 --> Session: Class initialized using 'CodeIgniter\Session\Handlers\FileHandler' driver.
WARNING - 2025-05-30 01:04:36 --> Session: Sessions is enabled, and one exists.Please don't $session->start();
INFO - 2025-05-30 01:04:53 --> Session: Class initialized using 'CodeIgniter\Session\Handlers\FileHandler' driver.
WARNING - 2025-05-30 01:04:53 --> Session: Sessions is enabled, and one exists.Please don't $session->start();
INFO - 2025-05-30 01:04:54 --> Session: Class initialized using 'CodeIgniter\Session\Handlers\FileHandler' driver.
WARNING - 2025-05-30 01:04:54 --> Session: Sessions is enabled, and one exists.Please don't $session->start();
INFO - 2025-05-30 01:05:33 --> Session: Class initialized using 'CodeIgniter\Session\Handlers\FileHandler' driver.
WARNING - 2025-05-30 01:05:33 --> Session: Sessions is enabled, and one exists.Please don't $session->start();
INFO - 2025-05-30 01:05:34 --> Session: Class initialized using 'CodeIgniter\Session\Handlers\FileHandler' driver.
WARNING - 2025-05-30 01:05:34 --> Session: Sessions is enabled, and one exists.Please don't $session->start();
INFO - 2025-05-30 01:06:28 --> Session: Class initialized using 'CodeIgniter\Session\Handlers\FileHandler' driver.
WARNING - 2025-05-30 01:06:28 --> Session: Sessions is enabled, and one exists.Please don't $session->start();
INFO - 2025-05-30 01:06:29 --> Session: Class initialized using 'CodeIgniter\Session\Handlers\FileHandler' driver.
WARNING - 2025-05-30 01:06:29 --> Session: Sessions is enabled, and one exists.Please don't $session->start();
INFO - 2025-05-30 01:07:56 --> Session: Class initialized using 'CodeIgniter\Session\Handlers\FileHandler' driver.
WARNING - 2025-05-30 01:07:56 --> Session: Sessions is enabled, and one exists.Please don't $session->start();
INFO - 2025-05-30 01:07:56 --> Session: Class initialized using 'CodeIgniter\Session\Handlers\FileHandler' driver.
WARNING - 2025-05-30 01:07:56 --> Session: Sessions is enabled, and one exists.Please don't $session->start();
INFO - 2025-05-30 01:08:48 --> Session: Class initialized using 'CodeIgniter\Session\Handlers\FileHandler' driver.
WARNING - 2025-05-30 01:08:48 --> Session: Sessions is enabled, and one exists.Please don't $session->start();
INFO - 2025-05-30 01:08:48 --> Session: Class initialized using 'CodeIgniter\Session\Handlers\FileHandler' driver.
WARNING - 2025-05-30 01:08:48 --> Session: Sessions is enabled, and one exists.Please don't $session->start();
INFO - 2025-05-30 01:09:17 --> Session: Class initialized using 'CodeIgniter\Session\Handlers\FileHandler' driver.
WARNING - 2025-05-30 01:09:17 --> Session: Sessions is enabled, and one exists.Please don't $session->start();
INFO - 2025-05-30 01:09:17 --> Session: Class initialized using 'CodeIgniter\Session\Handlers\FileHandler' driver.
WARNING - 2025-05-30 01:09:17 --> Session: Sessions is enabled, and one exists.Please don't $session->start();
INFO - 2025-05-30 01:09:24 --> Session: Class initialized using 'CodeIgniter\Session\Handlers\FileHandler' driver.
WARNING - 2025-05-30 01:09:24 --> Session: Sessions is enabled, and one exists.Please don't $session->start();
INFO - 2025-05-30 01:09:25 --> Session: Class initialized using 'CodeIgniter\Session\Handlers\FileHandler' driver.
WARNING - 2025-05-30 01:09:25 --> Session: Sessions is enabled, and one exists.Please don't $session->start();
INFO - 2025-05-30 01:10:20 --> Session: Class initialized using 'CodeIgniter\Session\Handlers\FileHandler' driver.
WARNING - 2025-05-30 01:10:20 --> Session: Sessions is enabled, and one exists.Please don't $session->start();
INFO - 2025-05-30 01:10:22 --> Session: Class initialized using 'CodeIgniter\Session\Handlers\FileHandler' driver.
WARNING - 2025-05-30 01:10:22 --> Session: Sessions is enabled, and one exists.Please don't $session->start();
INFO - 2025-05-30 06:21:23 --> Session: Class initialized using 'CodeIgniter\Session\Handlers\FileHandler' driver.
WARNING - 2025-05-30 06:21:23 --> Session: Sessions is enabled, and one exists.Please don't $session->start();
INFO - 2025-05-30 06:21:23 --> Session: Class initialized using 'CodeIgniter\Session\Handlers\FileHandler' driver.
WARNING - 2025-05-30 06:21:23 --> Session: Sessions is enabled, and one exists.Please don't $session->start();
INFO - 2025-05-30 06:21:29 --> Session: Class initialized using 'CodeIgniter\Session\Handlers\FileHandler' driver.
WARNING - 2025-05-30 06:21:29 --> Session: Sessions is enabled, and one exists.Please don't $session->start();
INFO - 2025-05-30 06:21:31 --> Session: Class initialized using 'CodeIgniter\Session\Handlers\FileHandler' driver.
WARNING - 2025-05-30 06:21:31 --> Session: Sessions is enabled, and one exists.Please don't $session->start();
INFO - 2025-05-30 06:29:56 --> Session: Class initialized using 'CodeIgniter\Session\Handlers\FileHandler' driver.
WARNING - 2025-05-30 06:29:56 --> Session: Sessions is enabled, and one exists.Please don't $session->start();
INFO - 2025-05-30 06:35:05 --> Session: Class initialized using 'CodeIgniter\Session\Handlers\FileHandler' driver.
WARNING - 2025-05-30 06:35:05 --> Session: Sessions is enabled, and one exists.Please don't $session->start();
INFO - 2025-05-30 06:35:05 --> Session: Class initialized using 'CodeIgniter\Session\Handlers\FileHandler' driver.
WARNING - 2025-05-30 06:35:05 --> Session: Sessions is enabled, and one exists.Please don't $session->start();
INFO - 2025-05-30 06:35:06 --> Session: Class initialized using 'CodeIgniter\Session\Handlers\FileHandler' driver.
WARNING - 2025-05-30 06:35:06 --> Session: Sessions is enabled, and one exists.Please don't $session->start();
INFO - 2025-05-30 06:35:07 --> Session: Class initialized using 'CodeIgniter\Session\Handlers\FileHandler' driver.
WARNING - 2025-05-30 06:35:07 --> Session: Sessions is enabled, and one exists.Please don't $session->start();
INFO - 2025-05-30 06:35:07 --> Session: Class initialized using 'CodeIgniter\Session\Handlers\FileHandler' driver.
WARNING - 2025-05-30 06:35:07 --> Session: Sessions is enabled, and one exists.Please don't $session->start();
INFO - 2025-05-30 06:35:08 --> Session: Class initialized using 'CodeIgniter\Session\Handlers\FileHandler' driver.
WARNING - 2025-05-30 06:35:08 --> Session: Sessions is enabled, and one exists.Please don't $session->start();
INFO - 2025-05-30 06:35:08 --> Session: Class initialized using 'CodeIgniter\Session\Handlers\FileHandler' driver.
WARNING - 2025-05-30 06:35:08 --> Session: Sessions is enabled, and one exists.Please don't $session->start();
INFO - 2025-05-30 06:35:09 --> Session: Class initialized using 'CodeIgniter\Session\Handlers\FileHandler' driver.
WARNING - 2025-05-30 06:35:09 --> Session: Sessions is enabled, and one exists.Please don't $session->start();
INFO - 2025-05-30 06:35:10 --> Session: Class initialized using 'CodeIgniter\Session\Handlers\FileHandler' driver.
WARNING - 2025-05-30 06:35:10 --> Session: Sessions is enabled, and one exists.Please don't $session->start();
INFO - 2025-05-30 06:35:11 --> Session: Class initialized using 'CodeIgniter\Session\Handlers\FileHandler' driver.
WARNING - 2025-05-30 06:35:11 --> Session: Sessions is enabled, and one exists.Please don't $session->start();
INFO - 2025-05-30 06:35:14 --> Session: Class initialized using 'CodeIgniter\Session\Handlers\FileHandler' driver.
WARNING - 2025-05-30 06:35:14 --> Session: Sessions is enabled, and one exists.Please don't $session->start();
INFO - 2025-05-30 06:35:15 --> Session: Class initialized using 'CodeIgniter\Session\Handlers\FileHandler' driver.
WARNING - 2025-05-30 06:35:15 --> Session: Sessions is enabled, and one exists.Please don't $session->start();
INFO - 2025-05-30 06:35:17 --> Session: Class initialized using 'CodeIgniter\Session\Handlers\FileHandler' driver.
WARNING - 2025-05-30 06:35:17 --> Session: Sessions is enabled, and one exists.Please don't $session->start();
INFO - 2025-05-30 06:35:17 --> Session: Class initialized using 'CodeIgniter\Session\Handlers\FileHandler' driver.
WARNING - 2025-05-30 06:35:17 --> Session: Sessions is enabled, and one exists.Please don't $session->start();
INFO - 2025-05-30 06:35:17 --> Session: Class initialized using 'CodeIgniter\Session\Handlers\FileHandler' driver.
WARNING - 2025-05-30 06:35:17 --> Session: Sessions is enabled, and one exists.Please don't $session->start();
INFO - 2025-05-30 06:35:19 --> Session: Class initialized using 'CodeIgniter\Session\Handlers\FileHandler' driver.
WARNING - 2025-05-30 06:35:19 --> Session: Sessions is enabled, and one exists.Please don't $session->start();
INFO - 2025-05-30 06:35:20 --> Session: Class initialized using 'CodeIgniter\Session\Handlers\FileHandler' driver.
WARNING - 2025-05-30 06:35:20 --> Session: Sessions is enabled, and one exists.Please don't $session->start();
INFO - 2025-05-30 06:35:21 --> Session: Class initialized using 'CodeIgniter\Session\Handlers\FileHandler' driver.
WARNING - 2025-05-30 06:35:21 --> Session: Sessions is enabled, and one exists.Please don't $session->start();
INFO - 2025-05-30 06:35:21 --> Session: Class initialized using 'CodeIgniter\Session\Handlers\FileHandler' driver.
WARNING - 2025-05-30 06:35:21 --> Session: Sessions is enabled, and one exists.Please don't $session->start();
INFO - 2025-05-30 06:35:22 --> Session: Class initialized using 'CodeIgniter\Session\Handlers\FileHandler' driver.
WARNING - 2025-05-30 06:35:22 --> Session: Sessions is enabled, and one exists.Please don't $session->start();
INFO - 2025-05-30 06:35:25 --> Session: Class initialized using 'CodeIgniter\Session\Handlers\FileHandler' driver.
WARNING - 2025-05-30 06:35:25 --> Session: Sessions is enabled, and one exists.Please don't $session->start();
INFO - 2025-05-30 06:35:27 --> Session: Class initialized using 'CodeIgniter\Session\Handlers\FileHandler' driver.
WARNING - 2025-05-30 06:35:27 --> Session: Sessions is enabled, and one exists.Please don't $session->start();
INFO - 2025-05-30 06:36:44 --> Session: Class initialized using 'CodeIgniter\Session\Handlers\FileHandler' driver.
WARNING - 2025-05-30 06:36:44 --> Session: Sessions is enabled, and one exists.Please don't $session->start();
INFO - 2025-05-30 06:37:11 --> Session: Class initialized using 'CodeIgniter\Session\Handlers\FileHandler' driver.
WARNING - 2025-05-30 06:37:11 --> Session: Sessions is enabled, and one exists.Please don't $session->start();
INFO - 2025-05-30 06:37:11 --> Session: Class initialized using 'CodeIgniter\Session\Handlers\FileHandler' driver.
WARNING - 2025-05-30 06:37:11 --> Session: Sessions is enabled, and one exists.Please don't $session->start();
INFO - 2025-05-30 06:37:13 --> Session: Class initialized using 'CodeIgniter\Session\Handlers\FileHandler' driver.
WARNING - 2025-05-30 06:37:13 --> Session: Sessions is enabled, and one exists.Please don't $session->start();
INFO - 2025-05-30 06:37:13 --> Session: Class initialized using 'CodeIgniter\Session\Handlers\FileHandler' driver.
WARNING - 2025-05-30 06:37:13 --> Session: Sessions is enabled, and one exists.Please don't $session->start();
INFO - 2025-05-30 06:37:14 --> Session: Class initialized using 'CodeIgniter\Session\Handlers\FileHandler' driver.
WARNING - 2025-05-30 06:37:14 --> Session: Sessions is enabled, and one exists.Please don't $session->start();
INFO - 2025-05-30 06:37:14 --> Session: Class initialized using 'CodeIgniter\Session\Handlers\FileHandler' driver.
WARNING - 2025-05-30 06:37:14 --> Session: Sessions is enabled, and one exists.Please don't $session->start();
INFO - 2025-05-30 06:37:15 --> Session: Class initialized using 'CodeIgniter\Session\Handlers\FileHandler' driver.
WARNING - 2025-05-30 06:37:15 --> Session: Sessions is enabled, and one exists.Please don't $session->start();
INFO - 2025-05-30 06:37:16 --> Session: Class initialized using 'CodeIgniter\Session\Handlers\FileHandler' driver.
WARNING - 2025-05-30 06:37:16 --> Session: Sessions is enabled, and one exists.Please don't $session->start();
INFO - 2025-05-30 06:51:52 --> Session: Class initialized using 'CodeIgniter\Session\Handlers\FileHandler' driver.
WARNING - 2025-05-30 06:51:52 --> Session: Sessions is enabled, and one exists.Please don't $session->start();
INFO - 2025-05-30 06:51:53 --> Session: Class initialized using 'CodeIgniter\Session\Handlers\FileHandler' driver.
WARNING - 2025-05-30 06:51:53 --> Session: Sessions is enabled, and one exists.Please don't $session->start();
INFO - 2025-05-30 07:14:52 --> Session: Class initialized using 'CodeIgniter\Session\Handlers\FileHandler' driver.
WARNING - 2025-05-30 07:14:52 --> Session: Sessions is enabled, and one exists.Please don't $session->start();
INFO - 2025-05-30 07:14:53 --> Session: Class initialized using 'CodeIgniter\Session\Handlers\FileHandler' driver.
WARNING - 2025-05-30 07:14:53 --> Session: Sessions is enabled, and one exists.Please don't $session->start();
INFO - 2025-05-30 07:14:55 --> Session: Class initialized using 'CodeIgniter\Session\Handlers\FileHandler' driver.
WARNING - 2025-05-30 07:14:55 --> Session: Sessions is enabled, and one exists.Please don't $session->start();
INFO - 2025-05-30 07:14:56 --> Session: Class initialized using 'CodeIgniter\Session\Handlers\FileHandler' driver.
WARNING - 2025-05-30 07:14:56 --> Session: Sessions is enabled, and one exists.Please don't $session->start();
INFO - 2025-05-30 07:20:09 --> Session: Class initialized using 'CodeIgniter\Session\Handlers\FileHandler' driver.
WARNING - 2025-05-30 07:20:09 --> Session: Sessions is enabled, and one exists.Please don't $session->start();
INFO - 2025-05-30 07:20:11 --> Session: Class initialized using 'CodeIgniter\Session\Handlers\FileHandler' driver.
WARNING - 2025-05-30 07:20:11 --> Session: Sessions is enabled, and one exists.Please don't $session->start();
INFO - 2025-05-30 07:24:27 --> Session: Class initialized using 'CodeIgniter\Session\Handlers\FileHandler' driver.
WARNING - 2025-05-30 07:24:27 --> Session: Sessions is enabled, and one exists.Please don't $session->start();
INFO - 2025-05-30 07:24:28 --> Session: Class initialized using 'CodeIgniter\Session\Handlers\FileHandler' driver.
WARNING - 2025-05-30 07:24:28 --> Session: Sessions is enabled, and one exists.Please don't $session->start();
INFO - 2025-05-30 07:27:08 --> Session: Class initialized using 'CodeIgniter\Session\Handlers\FileHandler' driver.
WARNING - 2025-05-30 07:27:08 --> Session: Sessions is enabled, and one exists.Please don't $session->start();
INFO - 2025-05-30 07:27:09 --> Session: Class initialized using 'CodeIgniter\Session\Handlers\FileHandler' driver.
WARNING - 2025-05-30 07:27:09 --> Session: Sessions is enabled, and one exists.Please don't $session->start();
INFO - 2025-05-30 07:27:28 --> Session: Class initialized using 'CodeIgniter\Session\Handlers\FileHandler' driver.
WARNING - 2025-05-30 07:27:28 --> Session: Sessions is enabled, and one exists.Please don't $session->start();
INFO - 2025-05-30 07:27:29 --> Session: Class initialized using 'CodeIgniter\Session\Handlers\FileHandler' driver.
WARNING - 2025-05-30 07:27:29 --> Session: Sessions is enabled, and one exists.Please don't $session->start();
INFO - 2025-05-30 07:28:42 --> Session: Class initialized using 'CodeIgniter\Session\Handlers\FileHandler' driver.
WARNING - 2025-05-30 07:28:42 --> Session: Sessions is enabled, and one exists.Please don't $session->start();
INFO - 2025-05-30 07:28:43 --> Session: Class initialized using 'CodeIgniter\Session\Handlers\FileHandler' driver.
WARNING - 2025-05-30 07:28:43 --> Session: Sessions is enabled, and one exists.Please don't $session->start();
INFO - 2025-05-30 07:34:41 --> Session: Class initialized using 'CodeIgniter\Session\Handlers\FileHandler' driver.
WARNING - 2025-05-30 07:34:41 --> Session: Sessions is enabled, and one exists.Please don't $session->start();
INFO - 2025-05-30 07:34:42 --> Session: Class initialized using 'CodeIgniter\Session\Handlers\FileHandler' driver.
WARNING - 2025-05-30 07:34:42 --> Session: Sessions is enabled, and one exists.Please don't $session->start();
CRITICAL - 2025-05-30 07:34:42 --> Undefined property: stdClass::$thumb
#0 /Users/redhorivai/Documents/sribertech/aplikasi pendaftaran dan pengumuman siswa/app/Controllers/BeritaArtikel.php(47): CodeIgniter\Debug\Exceptions->errorHandler(8, 'Undefined prope...', '/Users/redhoriv...', 47, Array)
#1 /Users/redhorivai/Documents/sribertech/aplikasi pendaftaran dan pengumuman siswa/system/CodeIgniter.php(918): App\Controllers\BeritaArtikel->getData()
#2 /Users/redhorivai/Documents/sribertech/aplikasi pendaftaran dan pengumuman siswa/system/CodeIgniter.php(404): CodeIgniter\CodeIgniter->runController(Object(App\Controllers\BeritaArtikel))
#3 /Users/redhorivai/Documents/sribertech/aplikasi pendaftaran dan pengumuman siswa/system/CodeIgniter.php(312): CodeIgniter\CodeIgniter->handleRequest(NULL, Object(Config\Cache), false)
#4 /Users/redhorivai/Documents/sribertech/aplikasi pendaftaran dan pengumuman siswa/public/index.php(45): CodeIgniter\CodeIgniter->run()
#5 /Users/redhorivai/Documents/sribertech/aplikasi pendaftaran dan pengumuman siswa/system/Commands/Server/rewrite.php(34): require_once('/Users/redhoriv...')
#6 {main}
INFO - 2025-05-30 07:34:48 --> Session: Class initialized using 'CodeIgniter\Session\Handlers\FileHandler' driver.
WARNING - 2025-05-30 07:34:48 --> Session: Sessions is enabled, and one exists.Please don't $session->start();
CRITICAL - 2025-05-30 07:34:48 --> Undefined property: stdClass::$thumb
#0 /Users/redhorivai/Documents/sribertech/aplikasi pendaftaran dan pengumuman siswa/app/Controllers/BeritaArtikel.php(47): CodeIgniter\Debug\Exceptions->errorHandler(8, 'Undefined prope...', '/Users/redhoriv...', 47, Array)
#1 /Users/redhorivai/Documents/sribertech/aplikasi pendaftaran dan pengumuman siswa/system/CodeIgniter.php(918): App\Controllers\BeritaArtikel->getData()
#2 /Users/redhorivai/Documents/sribertech/aplikasi pendaftaran dan pengumuman siswa/system/CodeIgniter.php(404): CodeIgniter\CodeIgniter->runController(Object(App\Controllers\BeritaArtikel))
#3 /Users/redhorivai/Documents/sribertech/aplikasi pendaftaran dan pengumuman siswa/system/CodeIgniter.php(312): CodeIgniter\CodeIgniter->handleRequest(NULL, Object(Config\Cache), false)
#4 /Users/redhorivai/Documents/sribertech/aplikasi pendaftaran dan pengumuman siswa/public/index.php(45): CodeIgniter\CodeIgniter->run()
#5 /Users/redhorivai/Documents/sribertech/aplikasi pendaftaran dan pengumuman siswa/system/Commands/Server/rewrite.php(34): require_once('/Users/redhoriv...')
#6 {main}
INFO - 2025-05-30 07:34:57 --> Session: Class initialized using 'CodeIgniter\Session\Handlers\FileHandler' driver.
WARNING - 2025-05-30 07:34:57 --> Session: Sessions is enabled, and one exists.Please don't $session->start();
INFO - 2025-05-30 07:34:58 --> Session: Class initialized using 'CodeIgniter\Session\Handlers\FileHandler' driver.
WARNING - 2025-05-30 07:34:58 --> Session: Sessions is enabled, and one exists.Please don't $session->start();
INFO - 2025-05-30 07:36:38 --> Session: Class initialized using 'CodeIgniter\Session\Handlers\FileHandler' driver.
WARNING - 2025-05-30 07:36:38 --> Session: Sessions is enabled, and one exists.Please don't $session->start();
INFO - 2025-05-30 07:36:40 --> Session: Class initialized using 'CodeIgniter\Session\Handlers\FileHandler' driver.
WARNING - 2025-05-30 07:36:40 --> Session: Sessions is enabled, and one exists.Please don't $session->start();
INFO - 2025-05-30 07:37:34 --> Session: Class initialized using 'CodeIgniter\Session\Handlers\FileHandler' driver.
WARNING - 2025-05-30 07:37:34 --> Session: Sessions is enabled, and one exists.Please don't $session->start();
INFO - 2025-05-30 07:37:35 --> Session: Class initialized using 'CodeIgniter\Session\Handlers\FileHandler' driver.
WARNING - 2025-05-30 07:37:35 --> Session: Sessions is enabled, and one exists.Please don't $session->start();
INFO - 2025-05-30 07:37:43 --> Session: Class initialized using 'CodeIgniter\Session\Handlers\FileHandler' driver.
WARNING - 2025-05-30 07:37:43 --> Session: Sessions is enabled, and one exists.Please don't $session->start();
INFO - 2025-05-30 07:37:44 --> Session: Class initialized using 'CodeIgniter\Session\Handlers\FileHandler' driver.
WARNING - 2025-05-30 07:37:44 --> Session: Sessions is enabled, and one exists.Please don't $session->start();
INFO - 2025-05-30 07:37:55 --> Session: Class initialized using 'CodeIgniter\Session\Handlers\FileHandler' driver.
WARNING - 2025-05-30 07:37:55 --> Session: Sessions is enabled, and one exists.Please don't $session->start();
INFO - 2025-05-30 07:37:56 --> Session: Class initialized using 'CodeIgniter\Session\Handlers\FileHandler' driver.
WARNING - 2025-05-30 07:37:56 --> Session: Sessions is enabled, and one exists.Please don't $session->start();
INFO - 2025-05-30 07:38:02 --> Session: Class initialized using 'CodeIgniter\Session\Handlers\FileHandler' driver.
WARNING - 2025-05-30 07:38:02 --> Session: Sessions is enabled, and one exists.Please don't $session->start();
INFO - 2025-05-30 07:38:02 --> Session: Class initialized using 'CodeIgniter\Session\Handlers\FileHandler' driver.
WARNING - 2025-05-30 07:38:02 --> Session: Sessions is enabled, and one exists.Please don't $session->start();
INFO - 2025-05-30 07:38:06 --> Session: Class initialized using 'CodeIgniter\Session\Handlers\FileHandler' driver.
WARNING - 2025-05-30 07:38:06 --> Session: Sessions is enabled, and one exists.Please don't $session->start();
INFO - 2025-05-30 07:38:07 --> Session: Class initialized using 'CodeIgniter\Session\Handlers\FileHandler' driver.
WARNING - 2025-05-30 07:38:07 --> Session: Sessions is enabled, and one exists.Please don't $session->start();
INFO - 2025-05-30 07:38:12 --> Session: Class initialized using 'CodeIgniter\Session\Handlers\FileHandler' driver.
WARNING - 2025-05-30 07:38:12 --> Session: Sessions is enabled, and one exists.Please don't $session->start();
INFO - 2025-05-30 07:38:13 --> Session: Class initialized using 'CodeIgniter\Session\Handlers\FileHandler' driver.
WARNING - 2025-05-30 07:38:13 --> Session: Sessions is enabled, and one exists.Please don't $session->start();
INFO - 2025-05-30 07:38:20 --> Session: Class initialized using 'CodeIgniter\Session\Handlers\FileHandler' driver.
WARNING - 2025-05-30 07:38:20 --> Session: Sessions is enabled, and one exists.Please don't $session->start();
INFO - 2025-05-30 07:38:21 --> Session: Class initialized using 'CodeIgniter\Session\Handlers\FileHandler' driver.
WARNING - 2025-05-30 07:38:21 --> Session: Sessions is enabled, and one exists.Please don't $session->start();
INFO - 2025-05-30 07:38:25 --> Session: Class initialized using 'CodeIgniter\Session\Handlers\FileHandler' driver.
WARNING - 2025-05-30 07:38:25 --> Session: Sessions is enabled, and one exists.Please don't $session->start();
INFO - 2025-05-30 07:38:26 --> Session: Class initialized using 'CodeIgniter\Session\Handlers\FileHandler' driver.
WARNING - 2025-05-30 07:38:26 --> Session: Sessions is enabled, and one exists.Please don't $session->start();
INFO - 2025-05-30 07:38:31 --> Session: Class initialized using 'CodeIgniter\Session\Handlers\FileHandler' driver.
WARNING - 2025-05-30 07:38:31 --> Session: Sessions is enabled, and one exists.Please don't $session->start();
INFO - 2025-05-30 07:38:31 --> Session: Class initialized using 'CodeIgniter\Session\Handlers\FileHandler' driver.
WARNING - 2025-05-30 07:38:31 --> Session: Sessions is enabled, and one exists.Please don't $session->start();
INFO - 2025-05-30 07:38:35 --> Session: Class initialized using 'CodeIgniter\Session\Handlers\FileHandler' driver.
WARNING - 2025-05-30 07:38:35 --> Session: Sessions is enabled, and one exists.Please don't $session->start();
INFO - 2025-05-30 07:38:36 --> Session: Class initialized using 'CodeIgniter\Session\Handlers\FileHandler' driver.
WARNING - 2025-05-30 07:38:36 --> Session: Sessions is enabled, and one exists.Please don't $session->start();
INFO - 2025-05-30 07:39:32 --> Session: Class initialized using 'CodeIgniter\Session\Handlers\FileHandler' driver.
WARNING - 2025-05-30 07:39:32 --> Session: Sessions is enabled, and one exists.Please don't $session->start();
INFO - 2025-05-30 07:39:34 --> Session: Class initialized using 'CodeIgniter\Session\Handlers\FileHandler' driver.
WARNING - 2025-05-30 07:39:34 --> Session: Sessions is enabled, and one exists.Please don't $session->start();
INFO - 2025-05-30 07:39:56 --> Session: Class initialized using 'CodeIgniter\Session\Handlers\FileHandler' driver.
WARNING - 2025-05-30 07:39:56 --> Session: Sessions is enabled, and one exists.Please don't $session->start();
INFO - 2025-05-30 07:39:57 --> Session: Class initialized using 'CodeIgniter\Session\Handlers\FileHandler' driver.
WARNING - 2025-05-30 07:39:57 --> Session: Sessions is enabled, and one exists.Please don't $session->start();
INFO - 2025-05-30 07:40:11 --> Session: Class initialized using 'CodeIgniter\Session\Handlers\FileHandler' driver.
WARNING - 2025-05-30 07:40:11 --> Session: Sessions is enabled, and one exists.Please don't $session->start();
INFO - 2025-05-30 07:40:12 --> Session: Class initialized using 'CodeIgniter\Session\Handlers\FileHandler' driver.
WARNING - 2025-05-30 07:40:12 --> Session: Sessions is enabled, and one exists.Please don't $session->start();
INFO - 2025-05-30 07:42:27 --> Session: Class initialized using 'CodeIgniter\Session\Handlers\FileHandler' driver.
WARNING - 2025-05-30 07:42:27 --> Session: Sessions is enabled, and one exists.Please don't $session->start();
INFO - 2025-05-30 07:42:28 --> Session: Class initialized using 'CodeIgniter\Session\Handlers\FileHandler' driver.
WARNING - 2025-05-30 07:42:28 --> Session: Sessions is enabled, and one exists.Please don't $session->start();
INFO - 2025-05-30 07:44:56 --> Session: Class initialized using 'CodeIgniter\Session\Handlers\FileHandler' driver.
WARNING - 2025-05-30 07:44:56 --> Session: Sessions is enabled, and one exists.Please don't $session->start();
INFO - 2025-05-30 07:44:56 --> Session: Class initialized using 'CodeIgniter\Session\Handlers\FileHandler' driver.
WARNING - 2025-05-30 07:44:56 --> Session: Sessions is enabled, and one exists.Please don't $session->start();
INFO - 2025-05-30 07:45:13 --> Session: Class initialized using 'CodeIgniter\Session\Handlers\FileHandler' driver.
WARNING - 2025-05-30 07:45:13 --> Session: Sessions is enabled, and one exists.Please don't $session->start();
INFO - 2025-05-30 07:45:14 --> Session: Class initialized using 'CodeIgniter\Session\Handlers\FileHandler' driver.
WARNING - 2025-05-30 07:45:14 --> Session: Sessions is enabled, and one exists.Please don't $session->start();
INFO - 2025-05-30 11:47:58 --> Session: Class initialized using 'CodeIgniter\Session\Handlers\FileHandler' driver.
WARNING - 2025-05-30 11:47:58 --> Session: Sessions is enabled, and one exists.Please don't $session->start();
INFO - 2025-05-30 11:47:58 --> Session: Class initialized using 'CodeIgniter\Session\Handlers\FileHandler' driver.
WARNING - 2025-05-30 11:47:58 --> Session: Sessions is enabled, and one exists.Please don't $session->start();
INFO - 2025-05-30 11:48:03 --> Session: Class initialized using 'CodeIgniter\Session\Handlers\FileHandler' driver.
WARNING - 2025-05-30 11:48:03 --> Session: Sessions is enabled, and one exists.Please don't $session->start();
INFO - 2025-05-30 11:48:05 --> Session: Class initialized using 'CodeIgniter\Session\Handlers\FileHandler' driver.
WARNING - 2025-05-30 11:48:05 --> Session: Sessions is enabled, and one exists.Please don't $session->start();
INFO - 2025-05-30 11:48:08 --> Session: Class initialized using 'CodeIgniter\Session\Handlers\FileHandler' driver.
WARNING - 2025-05-30 11:48:08 --> Session: Sessions is enabled, and one exists.Please don't $session->start();
INFO - 2025-05-30 11:48:08 --> Session: Class initialized using 'CodeIgniter\Session\Handlers\FileHandler' driver.
WARNING - 2025-05-30 11:48:08 --> Session: Sessions is enabled, and one exists.Please don't $session->start();
INFO - 2025-05-30 12:26:31 --> Session: Class initialized using 'CodeIgniter\Session\Handlers\FileHandler' driver.
WARNING - 2025-05-30 12:26:31 --> Session: Sessions is enabled, and one exists.Please don't $session->start();
INFO - 2025-05-30 12:26:33 --> Session: Class initialized using 'CodeIgniter\Session\Handlers\FileHandler' driver.
WARNING - 2025-05-30 12:26:33 --> Session: Sessions is enabled, and one exists.Please don't $session->start();
INFO - 2025-05-30 12:27:43 --> Session: Class initialized using 'CodeIgniter\Session\Handlers\FileHandler' driver.
WARNING - 2025-05-30 12:27:43 --> Session: Sessions is enabled, and one exists.Please don't $session->start();
INFO - 2025-05-30 12:27:45 --> Session: Class initialized using 'CodeIgniter\Session\Handlers\FileHandler' driver.
WARNING - 2025-05-30 12:27:45 --> Session: Sessions is enabled, and one exists.Please don't $session->start();
INFO - 2025-05-30 12:29:24 --> Session: Class initialized using 'CodeIgniter\Session\Handlers\FileHandler' driver.
WARNING - 2025-05-30 12:29:24 --> Session: Sessions is enabled, and one exists.Please don't $session->start();
INFO - 2025-05-30 12:29:26 --> Session: Class initialized using 'CodeIgniter\Session\Handlers\FileHandler' driver.
WARNING - 2025-05-30 12:29:26 --> Session: Sessions is enabled, and one exists.Please don't $session->start();
INFO - 2025-05-30 12:29:47 --> Session: Class initialized using 'CodeIgniter\Session\Handlers\FileHandler' driver.
WARNING - 2025-05-30 12:29:47 --> Session: Sessions is enabled, and one exists.Please don't $session->start();
INFO - 2025-05-30 12:29:47 --> Session: Class initialized using 'CodeIgniter\Session\Handlers\FileHandler' driver.
WARNING - 2025-05-30 12:29:47 --> Session: Sessions is enabled, and one exists.Please don't $session->start();
INFO - 2025-05-30 12:30:29 --> Session: Class initialized using 'CodeIgniter\Session\Handlers\FileHandler' driver.
WARNING - 2025-05-30 12:30:29 --> Session: Sessions is enabled, and one exists.Please don't $session->start();
INFO - 2025-05-30 12:30:30 --> Session: Class initialized using 'CodeIgniter\Session\Handlers\FileHandler' driver.
WARNING - 2025-05-30 12:30:30 --> Session: Sessions is enabled, and one exists.Please don't $session->start();
INFO - 2025-05-30 12:33:25 --> Session: Class initialized using 'CodeIgniter\Session\Handlers\FileHandler' driver.
WARNING - 2025-05-30 12:33:25 --> Session: Sessions is enabled, and one exists.Please don't $session->start();
INFO - 2025-05-30 12:33:27 --> Session: Class initialized using 'CodeIgniter\Session\Handlers\FileHandler' driver.
WARNING - 2025-05-30 12:33:27 --> Session: Sessions is enabled, and one exists.Please don't $session->start();
INFO - 2025-05-30 12:34:32 --> Session: Class initialized using 'CodeIgniter\Session\Handlers\FileHandler' driver.
WARNING - 2025-05-30 12:34:32 --> Session: Sessions is enabled, and one exists.Please don't $session->start();
INFO - 2025-05-30 12:34:32 --> Session: Class initialized using 'CodeIgniter\Session\Handlers\FileHandler' driver.
WARNING - 2025-05-30 12:34:32 --> Session: Sessions is enabled, and one exists.Please don't $session->start();
INFO - 2025-05-30 12:36:50 --> Session: Class initialized using 'CodeIgniter\Session\Handlers\FileHandler' driver.
WARNING - 2025-05-30 12:36:50 --> Session: Sessions is enabled, and one exists.Please don't $session->start();
INFO - 2025-05-30 12:36:52 --> Session: Class initialized using 'CodeIgniter\Session\Handlers\FileHandler' driver.
WARNING - 2025-05-30 12:36:52 --> Session: Sessions is enabled, and one exists.Please don't $session->start();
INFO - 2025-05-30 12:37:14 --> Session: Class initialized using 'CodeIgniter\Session\Handlers\FileHandler' driver.
WARNING - 2025-05-30 12:37:14 --> Session: Sessions is enabled, and one exists.Please don't $session->start();
INFO - 2025-05-30 12:37:14 --> Session: Class initialized using 'CodeIgniter\Session\Handlers\FileHandler' driver.
WARNING - 2025-05-30 12:37:14 --> Session: Sessions is enabled, and one exists.Please don't $session->start();
INFO - 2025-05-30 12:40:47 --> Session: Class initialized using 'CodeIgniter\Session\Handlers\FileHandler' driver.
WARNING - 2025-05-30 12:40:47 --> Session: Sessions is enabled, and one exists.Please don't $session->start();
INFO - 2025-05-30 12:40:48 --> Session: Class initialized using 'CodeIgniter\Session\Handlers\FileHandler' driver.
WARNING - 2025-05-30 12:40:48 --> Session: Sessions is enabled, and one exists.Please don't $session->start();
INFO - 2025-05-30 12:40:58 --> Session: Class initialized using 'CodeIgniter\Session\Handlers\FileHandler' driver.
WARNING - 2025-05-30 12:40:58 --> Session: Sessions is enabled, and one exists.Please don't $session->start();
INFO - 2025-05-30 12:40:59 --> Session: Class initialized using 'CodeIgniter\Session\Handlers\FileHandler' driver.
WARNING - 2025-05-30 12:40:59 --> Session: Sessions is enabled, and one exists.Please don't $session->start();
INFO - 2025-05-30 12:41:34 --> Session: Class initialized using 'CodeIgniter\Session\Handlers\FileHandler' driver.
WARNING - 2025-05-30 12:41:34 --> Session: Sessions is enabled, and one exists.Please don't $session->start();
INFO - 2025-05-30 12:41:36 --> Session: Class initialized using 'CodeIgniter\Session\Handlers\FileHandler' driver.
WARNING - 2025-05-30 12:41:36 --> Session: Sessions is enabled, and one exists.Please don't $session->start();
INFO - 2025-05-30 12:42:02 --> Session: Class initialized using 'CodeIgniter\Session\Handlers\FileHandler' driver.
WARNING - 2025-05-30 12:42:02 --> Session: Sessions is enabled, and one exists.Please don't $session->start();
INFO - 2025-05-30 12:42:05 --> Session: Class initialized using 'CodeIgniter\Session\Handlers\FileHandler' driver.
WARNING - 2025-05-30 12:42:05 --> Session: Sessions is enabled, and one exists.Please don't $session->start();
INFO - 2025-05-30 12:42:15 --> Session: Class initialized using 'CodeIgniter\Session\Handlers\FileHandler' driver.
WARNING - 2025-05-30 12:42:15 --> Session: Sessions is enabled, and one exists.Please don't $session->start();
INFO - 2025-05-30 12:42:17 --> Session: Class initialized using 'CodeIgniter\Session\Handlers\FileHandler' driver.
WARNING - 2025-05-30 12:42:17 --> Session: Sessions is enabled, and one exists.Please don't $session->start();
INFO - 2025-05-30 12:42:50 --> Session: Class initialized using 'CodeIgniter\Session\Handlers\FileHandler' driver.
WARNING - 2025-05-30 12:42:50 --> Session: Sessions is enabled, and one exists.Please don't $session->start();
INFO - 2025-05-30 12:42:52 --> Session: Class initialized using 'CodeIgniter\Session\Handlers\FileHandler' driver.
WARNING - 2025-05-30 12:42:52 --> Session: Sessions is enabled, and one exists.Please don't $session->start();
INFO - 2025-05-30 12:43:03 --> Session: Class initialized using 'CodeIgniter\Session\Handlers\FileHandler' driver.
WARNING - 2025-05-30 12:43:03 --> Session: Sessions is enabled, and one exists.Please don't $session->start();
INFO - 2025-05-30 12:43:04 --> Session: Class initialized using 'CodeIgniter\Session\Handlers\FileHandler' driver.
WARNING - 2025-05-30 12:43:04 --> Session: Sessions is enabled, and one exists.Please don't $session->start();
INFO - 2025-05-30 12:43:10 --> Session: Class initialized using 'CodeIgniter\Session\Handlers\FileHandler' driver.
WARNING - 2025-05-30 12:43:10 --> Session: Sessions is enabled, and one exists.Please don't $session->start();
INFO - 2025-05-30 12:43:11 --> Session: Class initialized using 'CodeIgniter\Session\Handlers\FileHandler' driver.
WARNING - 2025-05-30 12:43:11 --> Session: Sessions is enabled, and one exists.Please don't $session->start();
INFO - 2025-05-30 13:28:05 --> Session: Class initialized using 'CodeIgniter\Session\Handlers\FileHandler' driver.
WARNING - 2025-05-30 13:28:05 --> Session: Sessions is enabled, and one exists.Please don't $session->start();
INFO - 2025-05-30 13:28:05 --> Session: Class initialized using 'CodeIgniter\Session\Handlers\FileHandler' driver.
WARNING - 2025-05-30 13:28:05 --> Session: Sessions is enabled, and one exists.Please don't $session->start();
INFO - 2025-05-30 13:28:15 --> Session: Class initialized using 'CodeIgniter\Session\Handlers\FileHandler' driver.
WARNING - 2025-05-30 13:28:15 --> Session: Sessions is enabled, and one exists.Please don't $session->start();
INFO - 2025-05-30 13:28:16 --> Session: Class initialized using 'CodeIgniter\Session\Handlers\FileHandler' driver.
WARNING - 2025-05-30 13:28:16 --> Session: Sessions is enabled, and one exists.Please don't $session->start();
INFO - 2025-05-30 13:28:21 --> Session: Class initialized using 'CodeIgniter\Session\Handlers\FileHandler' driver.
WARNING - 2025-05-30 13:28:21 --> Session: Sessions is enabled, and one exists.Please don't $session->start();
INFO - 2025-05-30 13:28:21 --> Session: Class initialized using 'CodeIgniter\Session\Handlers\FileHandler' driver.
WARNING - 2025-05-30 13:28:21 --> Session: Sessions is enabled, and one exists.Please don't $session->start();
INFO - 2025-05-30 15:08:42 --> Session: Class initialized using 'CodeIgniter\Session\Handlers\FileHandler' driver.
WARNING - 2025-05-30 15:08:42 --> Session: Sessions is enabled, and one exists.Please don't $session->start();
INFO - 2025-05-30 15:08:44 --> Session: Class initialized using 'CodeIgniter\Session\Handlers\FileHandler' driver.
WARNING - 2025-05-30 15:08:44 --> Session: Sessions is enabled, and one exists.Please don't $session->start();
INFO - 2025-05-30 15:08:50 --> Session: Class initialized using 'CodeIgniter\Session\Handlers\FileHandler' driver.
WARNING - 2025-05-30 15:08:50 --> Session: Sessions is enabled, and one exists.Please don't $session->start();
INFO - 2025-05-30 15:08:51 --> Session: Class initialized using 'CodeIgniter\Session\Handlers\FileHandler' driver.
WARNING - 2025-05-30 15:08:51 --> Session: Sessions is enabled, and one exists.Please don't $session->start();
INFO - 2025-05-30 19:33:44 --> Session: Class initialized using 'CodeIgniter\Session\Handlers\FileHandler' driver.
WARNING - 2025-05-30 19:33:44 --> Session: Sessions is enabled, and one exists.Please don't $session->start();
INFO - 2025-05-30 19:33:44 --> Session: Class initialized using 'CodeIgniter\Session\Handlers\FileHandler' driver.
WARNING - 2025-05-30 19:33:44 --> Session: Sessions is enabled, and one exists.Please don't $session->start();
INFO - 2025-05-30 19:33:48 --> Session: Class initialized using 'CodeIgniter\Session\Handlers\FileHandler' driver.
WARNING - 2025-05-30 19:33:48 --> Session: Sessions is enabled, and one exists.Please don't $session->start();
INFO - 2025-05-30 19:33:50 --> Session: Class initialized using 'CodeIgniter\Session\Handlers\FileHandler' driver.
WARNING - 2025-05-30 19:33:50 --> Session: Sessions is enabled, and one exists.Please don't $session->start();
INFO - 2025-05-30 19:33:54 --> Session: Class initialized using 'CodeIgniter\Session\Handlers\FileHandler' driver.
WARNING - 2025-05-30 19:33:54 --> Session: Sessions is enabled, and one exists.Please don't $session->start();
INFO - 2025-05-30 19:33:54 --> Session: Class initialized using 'CodeIgniter\Session\Handlers\FileHandler' driver.
WARNING - 2025-05-30 19:33:54 --> Session: Sessions is enabled, and one exists.Please don't $session->start();
INFO - 2025-05-30 19:34:36 --> Session: Class initialized using 'CodeIgniter\Session\Handlers\FileHandler' driver.
WARNING - 2025-05-30 19:34:36 --> Session: Sessions is enabled, and one exists.Please don't $session->start();
INFO - 2025-05-30 19:34:38 --> Session: Class initialized using 'CodeIgniter\Session\Handlers\FileHandler' driver.
WARNING - 2025-05-30 19:34:38 --> Session: Sessions is enabled, and one exists.Please don't $session->start();
INFO - 2025-05-30 19:34:41 --> Session: Class initialized using 'CodeIgniter\Session\Handlers\FileHandler' driver.
WARNING - 2025-05-30 19:34:41 --> Session: Sessions is enabled, and one exists.Please don't $session->start();
INFO - 2025-05-30 19:34:41 --> Session: Class initialized using 'CodeIgniter\Session\Handlers\FileHandler' driver.
WARNING - 2025-05-30 19:34:41 --> Session: Sessions is enabled, and one exists.Please don't $session->start();
INFO - 2025-05-30 19:35:16 --> Session: Class initialized using 'CodeIgniter\Session\Handlers\FileHandler' driver.
WARNING - 2025-05-30 19:35:16 --> Session: Sessions is enabled, and one exists.Please don't $session->start();
INFO - 2025-05-30 19:35:17 --> Session: Class initialized using 'CodeIgniter\Session\Handlers\FileHandler' driver.
WARNING - 2025-05-30 19:35:17 --> Session: Sessions is enabled, and one exists.Please don't $session->start();
INFO - 2025-05-30 19:35:19 --> Session: Class initialized using 'CodeIgniter\Session\Handlers\FileHandler' driver.
WARNING - 2025-05-30 19:35:19 --> Session: Sessions is enabled, and one exists.Please don't $session->start();
INFO - 2025-05-30 19:35:19 --> Session: Class initialized using 'CodeIgniter\Session\Handlers\FileHandler' driver.
WARNING - 2025-05-30 19:35:19 --> Session: Sessions is enabled, and one exists.Please don't $session->start();
INFO - 2025-05-30 19:35:52 --> Session: Class initialized using 'CodeIgniter\Session\Handlers\FileHandler' driver.
WARNING - 2025-05-30 19:35:52 --> Session: Sessions is enabled, and one exists.Please don't $session->start();
INFO - 2025-05-30 19:35:54 --> Session: Class initialized using 'CodeIgniter\Session\Handlers\FileHandler' driver.
WARNING - 2025-05-30 19:35:54 --> Session: Sessions is enabled, and one exists.Please don't $session->start();
INFO - 2025-05-30 19:36:02 --> Session: Class initialized using 'CodeIgniter\Session\Handlers\FileHandler' driver.
WARNING - 2025-05-30 19:36:02 --> Session: Sessions is enabled, and one exists.Please don't $session->start();
INFO - 2025-05-30 19:36:03 --> Session: Class initialized using 'CodeIgniter\Session\Handlers\FileHandler' driver.
WARNING - 2025-05-30 19:36:03 --> Session: Sessions is enabled, and one exists.Please don't $session->start();
INFO - 2025-05-30 19:36:03 --> Session: Class initialized using 'CodeIgniter\Session\Handlers\FileHandler' driver.
WARNING - 2025-05-30 19:36:03 --> Session: Sessions is enabled, and one exists.Please don't $session->start();
INFO - 2025-05-30 19:36:04 --> Session: Class initialized using 'CodeIgniter\Session\Handlers\FileHandler' driver.
WARNING - 2025-05-30 19:36:04 --> Session: Sessions is enabled, and one exists.Please don't $session->start();
INFO - 2025-05-30 19:36:05 --> Session: Class initialized using 'CodeIgniter\Session\Handlers\FileHandler' driver.
WARNING - 2025-05-30 19:36:05 --> Session: Sessions is enabled, and one exists.Please don't $session->start();
INFO - 2025-05-30 19:36:06 --> Session: Class initialized using 'CodeIgniter\Session\Handlers\FileHandler' driver.
WARNING - 2025-05-30 19:36:06 --> Session: Sessions is enabled, and one exists.Please don't $session->start();
INFO - 2025-05-30 19:36:06 --> Session: Class initialized using 'CodeIgniter\Session\Handlers\FileHandler' driver.
WARNING - 2025-05-30 19:36:06 --> Session: Sessions is enabled, and one exists.Please don't $session->start();
INFO - 2025-05-30 19:36:06 --> Session: Class initialized using 'CodeIgniter\Session\Handlers\FileHandler' driver.
WARNING - 2025-05-30 19:36:06 --> Session: Sessions is enabled, and one exists.Please don't $session->start();
INFO - 2025-05-30 19:36:08 --> Session: Class initialized using 'CodeIgniter\Session\Handlers\FileHandler' driver.
WARNING - 2025-05-30 19:36:08 --> Session: Sessions is enabled, and one exists.Please don't $session->start();
INFO - 2025-05-30 19:36:08 --> Session: Class initialized using 'CodeIgniter\Session\Handlers\FileHandler' driver.
WARNING - 2025-05-30 19:36:08 --> Session: Sessions is enabled, and one exists.Please don't $session->start();
INFO - 2025-05-30 19:36:10 --> Session: Class initialized using 'CodeIgniter\Session\Handlers\FileHandler' driver.
WARNING - 2025-05-30 19:36:10 --> Session: Sessions is enabled, and one exists.Please don't $session->start();
INFO - 2025-05-30 19:36:10 --> Session: Class initialized using 'CodeIgniter\Session\Handlers\FileHandler' driver.
WARNING - 2025-05-30 19:36:10 --> Session: Sessions is enabled, and one exists.Please don't $session->start();
INFO - 2025-05-30 19:36:11 --> Session: Class initialized using 'CodeIgniter\Session\Handlers\FileHandler' driver.
WARNING - 2025-05-30 19:36:11 --> Session: Sessions is enabled, and one exists.Please don't $session->start();
INFO - 2025-05-30 19:36:12 --> Session: Class initialized using 'CodeIgniter\Session\Handlers\FileHandler' driver.
WARNING - 2025-05-30 19:36:12 --> Session: Sessions is enabled, and one exists.Please don't $session->start();
INFO - 2025-05-30 19:36:13 --> Session: Class initialized using 'CodeIgniter\Session\Handlers\FileHandler' driver.
WARNING - 2025-05-30 19:36:13 --> Session: Sessions is enabled, and one exists.Please don't $session->start();
INFO - 2025-05-30 19:36:13 --> Session: Class initialized using 'CodeIgniter\Session\Handlers\FileHandler' driver.
WARNING - 2025-05-30 19:36:13 --> Session: Sessions is enabled, and one exists.Please don't $session->start();
INFO - 2025-05-30 19:36:14 --> Session: Class initialized using 'CodeIgniter\Session\Handlers\FileHandler' driver.
WARNING - 2025-05-30 19:36:14 --> Session: Sessions is enabled, and one exists.Please don't $session->start();
INFO - 2025-05-30 19:36:15 --> Session: Class initialized using 'CodeIgniter\Session\Handlers\FileHandler' driver.
WARNING - 2025-05-30 19:36:15 --> Session: Sessions is enabled, and one exists.Please don't $session->start();
INFO - 2025-05-30 19:36:16 --> Session: Class initialized using 'CodeIgniter\Session\Handlers\FileHandler' driver.
WARNING - 2025-05-30 19:36:16 --> Session: Sessions is enabled, and one exists.Please don't $session->start();
INFO - 2025-05-30 19:36:17 --> Session: Class initialized using 'CodeIgniter\Session\Handlers\FileHandler' driver.
WARNING - 2025-05-30 19:36:17 --> Session: Sessions is enabled, and one exists.Please don't $session->start();
INFO - 2025-05-30 19:36:39 --> Session: Class initialized using 'CodeIgniter\Session\Handlers\FileHandler' driver.
WARNING - 2025-05-30 19:36:39 --> Session: Sessions is enabled, and one exists.Please don't $session->start();
INFO - 2025-05-30 19:40:29 --> Session: Class initialized using 'CodeIgniter\Session\Handlers\FileHandler' driver.
WARNING - 2025-05-30 19:40:29 --> Session: Sessions is enabled, and one exists.Please don't $session->start();
INFO - 2025-05-30 19:40:31 --> Session: Class initialized using 'CodeIgniter\Session\Handlers\FileHandler' driver.
WARNING - 2025-05-30 19:40:31 --> Session: Sessions is enabled, and one exists.Please don't $session->start();
INFO - 2025-05-30 19:40:32 --> Session: Class initialized using 'CodeIgniter\Session\Handlers\FileHandler' driver.
WARNING - 2025-05-30 19:40:32 --> Session: Sessions is enabled, and one exists.Please don't $session->start();
INFO - 2025-05-30 19:40:38 --> Session: Class initialized using 'CodeIgniter\Session\Handlers\FileHandler' driver.
WARNING - 2025-05-30 19:40:38 --> Session: Sessions is enabled, and one exists.Please don't $session->start();
INFO - 2025-05-30 19:42:40 --> Session: Class initialized using 'CodeIgniter\Session\Handlers\FileHandler' driver.
WARNING - 2025-05-30 19:42:40 --> Session: Sessions is enabled, and one exists.Please don't $session->start();
INFO - 2025-05-30 19:42:41 --> Session: Class initialized using 'CodeIgniter\Session\Handlers\FileHandler' driver.
WARNING - 2025-05-30 19:42:41 --> Session: Sessions is enabled, and one exists.Please don't $session->start();
INFO - 2025-05-30 19:42:43 --> Session: Class initialized using 'CodeIgniter\Session\Handlers\FileHandler' driver.
WARNING - 2025-05-30 19:42:43 --> Session: Sessions is enabled, and one exists.Please don't $session->start();
INFO - 2025-05-30 19:42:48 --> Session: Class initialized using 'CodeIgniter\Session\Handlers\FileHandler' driver.
WARNING - 2025-05-30 19:42:48 --> Session: Sessions is enabled, and one exists.Please don't $session->start();
INFO - 2025-05-30 23:50:42 --> Session: Class initialized using 'CodeIgniter\Session\Handlers\FileHandler' driver.
WARNING - 2025-05-30 23:50:42 --> Session: Sessions is enabled, and one exists.Please don't $session->start();
INFO - 2025-05-30 23:50:42 --> Session: Class initialized using 'CodeIgniter\Session\Handlers\FileHandler' driver.
WARNING - 2025-05-30 23:50:42 --> Session: Sessions is enabled, and one exists.Please don't $session->start();
INFO - 2025-05-30 23:50:47 --> Session: Class initialized using 'CodeIgniter\Session\Handlers\FileHandler' driver.
WARNING - 2025-05-30 23:50:47 --> Session: Sessions is enabled, and one exists.Please don't $session->start();
INFO - 2025-05-30 23:50:49 --> Session: Class initialized using 'CodeIgniter\Session\Handlers\FileHandler' driver.
WARNING - 2025-05-30 23:50:49 --> Session: Sessions is enabled, and one exists.Please don't $session->start();
INFO - 2025-05-30 23:50:52 --> Session: Class initialized using 'CodeIgniter\Session\Handlers\FileHandler' driver.
WARNING - 2025-05-30 23:50:52 --> Session: Sessions is enabled, and one exists.Please don't $session->start();
INFO - 2025-05-30 23:50:54 --> Session: Class initialized using 'CodeIgniter\Session\Handlers\FileHandler' driver.
WARNING - 2025-05-30 23:50:54 --> Session: Sessions is enabled, and one exists.Please don't $session->start();
INFO - 2025-05-30 23:50:56 --> Session: Class initialized using 'CodeIgniter\Session\Handlers\FileHandler' driver.
WARNING - 2025-05-30 23:50:56 --> Session: Sessions is enabled, and one exists.Please don't $session->start();
INFO - 2025-05-30 23:54:15 --> Session: Class initialized using 'CodeIgniter\Session\Handlers\FileHandler' driver.
WARNING - 2025-05-30 23:54:15 --> Session: Sessions is enabled, and one exists.Please don't $session->start();
INFO - 2025-05-30 23:54:17 --> Session: Class initialized using 'CodeIgniter\Session\Handlers\FileHandler' driver.
WARNING - 2025-05-30 23:54:17 --> Session: Sessions is enabled, and one exists.Please don't $session->start();
INFO - 2025-05-30 23:54:18 --> Session: Class initialized using 'CodeIgniter\Session\Handlers\FileHandler' driver.
WARNING - 2025-05-30 23:54:18 --> Session: Sessions is enabled, and one exists.Please don't $session->start();
INFO - 2025-05-30 23:55:05 --> Session: Class initialized using 'CodeIgniter\Session\Handlers\FileHandler' driver.
WARNING - 2025-05-30 23:55:05 --> Session: Sessions is enabled, and one exists.Please don't $session->start();
INFO - 2025-05-30 23:55:07 --> Session: Class initialized using 'CodeIgniter\Session\Handlers\FileHandler' driver.
WARNING - 2025-05-30 23:55:07 --> Session: Sessions is enabled, and one exists.Please don't $session->start();
INFO - 2025-05-30 23:55:09 --> Session: Class initialized using 'CodeIgniter\Session\Handlers\FileHandler' driver.
WARNING - 2025-05-30 23:55:09 --> Session: Sessions is enabled, and one exists.Please don't $session->start();
INFO - 2025-05-30 23:55:16 --> Session: Class initialized using 'CodeIgniter\Session\Handlers\FileHandler' driver.
WARNING - 2025-05-30 23:55:16 --> Session: Sessions is enabled, and one exists.Please don't $session->start();
INFO - 2025-05-30 23:55:17 --> Session: Class initialized using 'CodeIgniter\Session\Handlers\FileHandler' driver.
WARNING - 2025-05-30 23:55:17 --> Session: Sessions is enabled, and one exists.Please don't $session->start();
INFO - 2025-05-30 23:55:19 --> Session: Class initialized using 'CodeIgniter\Session\Handlers\FileHandler' driver.
WARNING - 2025-05-30 23:55:19 --> Session: Sessions is enabled, and one exists.Please don't $session->start();
INFO - 2025-05-30 23:55:23 --> Session: Class initialized using 'CodeIgniter\Session\Handlers\FileHandler' driver.
WARNING - 2025-05-30 23:55:23 --> Session: Sessions is enabled, and one exists.Please don't $session->start();
INFO - 2025-05-30 23:57:50 --> Session: Class initialized using 'CodeIgniter\Session\Handlers\FileHandler' driver.
WARNING - 2025-05-30 23:57:50 --> Session: Sessions is enabled, and one exists.Please don't $session->start();
INFO - 2025-05-30 23:57:51 --> Session: Class initialized using 'CodeIgniter\Session\Handlers\FileHandler' driver.
WARNING - 2025-05-30 23:57:51 --> Session: Sessions is enabled, and one exists.Please don't $session->start();
INFO - 2025-05-30 23:57:53 --> Session: Class initialized using 'CodeIgniter\Session\Handlers\FileHandler' driver.
WARNING - 2025-05-30 23:57:53 --> Session: Sessions is enabled, and one exists.Please don't $session->start();
