INFO - 2025-06-03 03:14:43 --> Session: Class initialized using 'CodeIgniter\Session\Handlers\FileHandler' driver.
WARNING - 2025-06-03 03:14:43 --> Session: Sessions is enabled, and one exists.Please don't $session->start();
INFO - 2025-06-03 03:17:43 --> Session: Class initialized using 'CodeIgniter\Session\Handlers\FileHandler' driver.
WARNING - 2025-06-03 03:17:43 --> Session: Sessions is enabled, and one exists.Please don't $session->start();
INFO - 2025-06-03 03:19:24 --> Session: Class initialized using 'CodeIgniter\Session\Handlers\FileHandler' driver.
WARNING - 2025-06-03 03:19:24 --> Session: Sessions is enabled, and one exists.Please don't $session->start();
INFO - 2025-06-03 03:21:19 --> Session: Class initialized using 'CodeIgniter\Session\Handlers\FileHandler' driver.
WARNING - 2025-06-03 03:21:19 --> Session: Sessions is enabled, and one exists.Please don't $session->start();
INFO - 2025-06-03 03:21:55 --> Session: Class initialized using 'CodeIgniter\Session\Handlers\FileHandler' driver.
WARNING - 2025-06-03 03:21:55 --> Session: Sessions is enabled, and one exists.Please don't $session->start();
INFO - 2025-06-03 03:27:40 --> Session: Class initialized using 'CodeIgniter\Session\Handlers\FileHandler' driver.
WARNING - 2025-06-03 03:27:40 --> Session: Sessions is enabled, and one exists.Please don't $session->start();
INFO - 2025-06-03 03:27:53 --> Session: Class initialized using 'CodeIgniter\Session\Handlers\FileHandler' driver.
WARNING - 2025-06-03 03:27:53 --> Session: Sessions is enabled, and one exists.Please don't $session->start();
INFO - 2025-06-03 03:45:27 --> Session: Class initialized using 'CodeIgniter\Session\Handlers\FileHandler' driver.
WARNING - 2025-06-03 03:45:27 --> Session: Sessions is enabled, and one exists.Please don't $session->start();
INFO - 2025-06-03 03:46:14 --> Session: Class initialized using 'CodeIgniter\Session\Handlers\FileHandler' driver.
WARNING - 2025-06-03 03:46:14 --> Session: Sessions is enabled, and one exists.Please don't $session->start();
INFO - 2025-06-03 03:47:49 --> Session: Class initialized using 'CodeIgniter\Session\Handlers\FileHandler' driver.
WARNING - 2025-06-03 03:47:49 --> Session: Sessions is enabled, and one exists.Please don't $session->start();
INFO - 2025-06-03 03:48:24 --> Session: Class initialized using 'CodeIgniter\Session\Handlers\FileHandler' driver.
WARNING - 2025-06-03 03:48:24 --> Session: Sessions is enabled, and one exists.Please don't $session->start();
INFO - 2025-06-03 03:48:26 --> Session: Class initialized using 'CodeIgniter\Session\Handlers\FileHandler' driver.
WARNING - 2025-06-03 03:48:26 --> Session: Sessions is enabled, and one exists.Please don't $session->start();
INFO - 2025-06-03 03:48:28 --> Session: Class initialized using 'CodeIgniter\Session\Handlers\FileHandler' driver.
WARNING - 2025-06-03 03:48:28 --> Session: Sessions is enabled, and one exists.Please don't $session->start();
INFO - 2025-06-03 03:48:28 --> Session: Class initialized using 'CodeIgniter\Session\Handlers\FileHandler' driver.
WARNING - 2025-06-03 03:48:28 --> Session: Sessions is enabled, and one exists.Please don't $session->start();
INFO - 2025-06-03 04:00:42 --> Session: Class initialized using 'CodeIgniter\Session\Handlers\FileHandler' driver.
WARNING - 2025-06-03 04:00:42 --> Session: Sessions is enabled, and one exists.Please don't $session->start();
INFO - 2025-06-03 04:00:57 --> Session: Class initialized using 'CodeIgniter\Session\Handlers\FileHandler' driver.
WARNING - 2025-06-03 04:00:57 --> Session: Sessions is enabled, and one exists.Please don't $session->start();
INFO - 2025-06-03 04:00:59 --> Session: Class initialized using 'CodeIgniter\Session\Handlers\FileHandler' driver.
WARNING - 2025-06-03 04:00:59 --> Session: Sessions is enabled, and one exists.Please don't $session->start();
INFO - 2025-06-03 04:01:09 --> Session: Class initialized using 'CodeIgniter\Session\Handlers\FileHandler' driver.
WARNING - 2025-06-03 04:01:09 --> Session: Sessions is enabled, and one exists.Please don't $session->start();
INFO - 2025-06-03 04:01:10 --> Session: Class initialized using 'CodeIgniter\Session\Handlers\FileHandler' driver.
WARNING - 2025-06-03 04:01:10 --> Session: Sessions is enabled, and one exists.Please don't $session->start();
INFO - 2025-06-03 04:01:19 --> Session: Class initialized using 'CodeIgniter\Session\Handlers\FileHandler' driver.
WARNING - 2025-06-03 04:01:19 --> Session: Sessions is enabled, and one exists.Please don't $session->start();
INFO - 2025-06-03 04:01:21 --> Session: Class initialized using 'CodeIgniter\Session\Handlers\FileHandler' driver.
WARNING - 2025-06-03 04:01:21 --> Session: Sessions is enabled, and one exists.Please don't $session->start();
INFO - 2025-06-03 04:01:30 --> Session: Class initialized using 'CodeIgniter\Session\Handlers\FileHandler' driver.
WARNING - 2025-06-03 04:01:30 --> Session: Sessions is enabled, and one exists.Please don't $session->start();
INFO - 2025-06-03 04:01:31 --> Session: Class initialized using 'CodeIgniter\Session\Handlers\FileHandler' driver.
WARNING - 2025-06-03 04:01:31 --> Session: Sessions is enabled, and one exists.Please don't $session->start();
INFO - 2025-06-03 04:01:36 --> Session: Class initialized using 'CodeIgniter\Session\Handlers\FileHandler' driver.
WARNING - 2025-06-03 04:01:36 --> Session: Sessions is enabled, and one exists.Please don't $session->start();
INFO - 2025-06-03 04:01:37 --> Session: Class initialized using 'CodeIgniter\Session\Handlers\FileHandler' driver.
WARNING - 2025-06-03 04:01:37 --> Session: Sessions is enabled, and one exists.Please don't $session->start();
INFO - 2025-06-03 04:01:37 --> Session: Class initialized using 'CodeIgniter\Session\Handlers\FileHandler' driver.
WARNING - 2025-06-03 04:01:37 --> Session: Sessions is enabled, and one exists.Please don't $session->start();
INFO - 2025-06-03 04:01:54 --> Session: Class initialized using 'CodeIgniter\Session\Handlers\FileHandler' driver.
WARNING - 2025-06-03 04:01:54 --> Session: Sessions is enabled, and one exists.Please don't $session->start();
INFO - 2025-06-03 04:01:55 --> Session: Class initialized using 'CodeIgniter\Session\Handlers\FileHandler' driver.
WARNING - 2025-06-03 04:01:55 --> Session: Sessions is enabled, and one exists.Please don't $session->start();
INFO - 2025-06-03 04:02:04 --> Session: Class initialized using 'CodeIgniter\Session\Handlers\FileHandler' driver.
WARNING - 2025-06-03 04:02:04 --> Session: Sessions is enabled, and one exists.Please don't $session->start();
INFO - 2025-06-03 04:02:04 --> Session: Class initialized using 'CodeIgniter\Session\Handlers\FileHandler' driver.
WARNING - 2025-06-03 04:02:04 --> Session: Sessions is enabled, and one exists.Please don't $session->start();
INFO - 2025-06-03 04:02:06 --> Session: Class initialized using 'CodeIgniter\Session\Handlers\FileHandler' driver.
WARNING - 2025-06-03 04:02:06 --> Session: Sessions is enabled, and one exists.Please don't $session->start();
INFO - 2025-06-03 04:02:06 --> Session: Class initialized using 'CodeIgniter\Session\Handlers\FileHandler' driver.
WARNING - 2025-06-03 04:02:06 --> Session: Sessions is enabled, and one exists.Please don't $session->start();
INFO - 2025-06-03 04:02:06 --> Session: Class initialized using 'CodeIgniter\Session\Handlers\FileHandler' driver.
WARNING - 2025-06-03 04:02:06 --> Session: Sessions is enabled, and one exists.Please don't $session->start();
INFO - 2025-06-03 04:02:10 --> Session: Class initialized using 'CodeIgniter\Session\Handlers\FileHandler' driver.
WARNING - 2025-06-03 04:02:10 --> Session: Sessions is enabled, and one exists.Please don't $session->start();
INFO - 2025-06-03 04:05:02 --> Session: Class initialized using 'CodeIgniter\Session\Handlers\FileHandler' driver.
WARNING - 2025-06-03 04:05:02 --> Session: Sessions is enabled, and one exists.Please don't $session->start();
INFO - 2025-06-03 04:05:03 --> Session: Class initialized using 'CodeIgniter\Session\Handlers\FileHandler' driver.
WARNING - 2025-06-03 04:05:03 --> Session: Sessions is enabled, and one exists.Please don't $session->start();
INFO - 2025-06-03 04:05:03 --> Session: Class initialized using 'CodeIgniter\Session\Handlers\FileHandler' driver.
WARNING - 2025-06-03 04:05:03 --> Session: Sessions is enabled, and one exists.Please don't $session->start();
INFO - 2025-06-03 04:05:15 --> Session: Class initialized using 'CodeIgniter\Session\Handlers\FileHandler' driver.
WARNING - 2025-06-03 04:05:15 --> Session: Sessions is enabled, and one exists.Please don't $session->start();
INFO - 2025-06-03 04:05:16 --> Session: Class initialized using 'CodeIgniter\Session\Handlers\FileHandler' driver.
WARNING - 2025-06-03 04:05:16 --> Session: Sessions is enabled, and one exists.Please don't $session->start();
INFO - 2025-06-03 04:05:16 --> Session: Class initialized using 'CodeIgniter\Session\Handlers\FileHandler' driver.
WARNING - 2025-06-03 04:05:16 --> Session: Sessions is enabled, and one exists.Please don't $session->start();
INFO - 2025-06-03 04:05:25 --> Session: Class initialized using 'CodeIgniter\Session\Handlers\FileHandler' driver.
WARNING - 2025-06-03 04:05:25 --> Session: Sessions is enabled, and one exists.Please don't $session->start();
INFO - 2025-06-03 04:05:25 --> Session: Class initialized using 'CodeIgniter\Session\Handlers\FileHandler' driver.
WARNING - 2025-06-03 04:05:25 --> Session: Sessions is enabled, and one exists.Please don't $session->start();
INFO - 2025-06-03 04:05:25 --> Session: Class initialized using 'CodeIgniter\Session\Handlers\FileHandler' driver.
WARNING - 2025-06-03 04:05:25 --> Session: Sessions is enabled, and one exists.Please don't $session->start();
INFO - 2025-06-03 04:06:20 --> Session: Class initialized using 'CodeIgniter\Session\Handlers\FileHandler' driver.
WARNING - 2025-06-03 04:06:20 --> Session: Sessions is enabled, and one exists.Please don't $session->start();
INFO - 2025-06-03 04:06:21 --> Session: Class initialized using 'CodeIgniter\Session\Handlers\FileHandler' driver.
WARNING - 2025-06-03 04:06:21 --> Session: Sessions is enabled, and one exists.Please don't $session->start();
INFO - 2025-06-03 04:06:21 --> Session: Class initialized using 'CodeIgniter\Session\Handlers\FileHandler' driver.
WARNING - 2025-06-03 04:06:21 --> Session: Sessions is enabled, and one exists.Please don't $session->start();
INFO - 2025-06-03 04:08:22 --> Session: Class initialized using 'CodeIgniter\Session\Handlers\FileHandler' driver.
WARNING - 2025-06-03 04:08:22 --> Session: Sessions is enabled, and one exists.Please don't $session->start();
INFO - 2025-06-03 04:08:22 --> Session: Class initialized using 'CodeIgniter\Session\Handlers\FileHandler' driver.
WARNING - 2025-06-03 04:08:22 --> Session: Sessions is enabled, and one exists.Please don't $session->start();
INFO - 2025-06-03 04:08:22 --> Session: Class initialized using 'CodeIgniter\Session\Handlers\FileHandler' driver.
WARNING - 2025-06-03 04:08:22 --> Session: Sessions is enabled, and one exists.Please don't $session->start();
INFO - 2025-06-03 04:09:49 --> Session: Class initialized using 'CodeIgniter\Session\Handlers\FileHandler' driver.
WARNING - 2025-06-03 04:09:49 --> Session: Sessions is enabled, and one exists.Please don't $session->start();
INFO - 2025-06-03 04:09:50 --> Session: Class initialized using 'CodeIgniter\Session\Handlers\FileHandler' driver.
WARNING - 2025-06-03 04:09:50 --> Session: Sessions is enabled, and one exists.Please don't $session->start();
INFO - 2025-06-03 04:09:50 --> Session: Class initialized using 'CodeIgniter\Session\Handlers\FileHandler' driver.
WARNING - 2025-06-03 04:09:50 --> Session: Sessions is enabled, and one exists.Please don't $session->start();
INFO - 2025-06-03 04:10:09 --> Session: Class initialized using 'CodeIgniter\Session\Handlers\FileHandler' driver.
WARNING - 2025-06-03 04:10:09 --> Session: Sessions is enabled, and one exists.Please don't $session->start();
INFO - 2025-06-03 04:10:09 --> Session: Class initialized using 'CodeIgniter\Session\Handlers\FileHandler' driver.
WARNING - 2025-06-03 04:10:09 --> Session: Sessions is enabled, and one exists.Please don't $session->start();
INFO - 2025-06-03 04:10:10 --> Session: Class initialized using 'CodeIgniter\Session\Handlers\FileHandler' driver.
WARNING - 2025-06-03 04:10:10 --> Session: Sessions is enabled, and one exists.Please don't $session->start();
INFO - 2025-06-03 04:10:24 --> Session: Class initialized using 'CodeIgniter\Session\Handlers\FileHandler' driver.
WARNING - 2025-06-03 04:10:24 --> Session: Sessions is enabled, and one exists.Please don't $session->start();
INFO - 2025-06-03 04:10:25 --> Session: Class initialized using 'CodeIgniter\Session\Handlers\FileHandler' driver.
WARNING - 2025-06-03 04:10:25 --> Session: Sessions is enabled, and one exists.Please don't $session->start();
INFO - 2025-06-03 04:10:25 --> Session: Class initialized using 'CodeIgniter\Session\Handlers\FileHandler' driver.
WARNING - 2025-06-03 04:10:25 --> Session: Sessions is enabled, and one exists.Please don't $session->start();
INFO - 2025-06-03 04:10:55 --> Session: Class initialized using 'CodeIgniter\Session\Handlers\FileHandler' driver.
WARNING - 2025-06-03 04:10:55 --> Session: Sessions is enabled, and one exists.Please don't $session->start();
INFO - 2025-06-03 04:10:55 --> Session: Class initialized using 'CodeIgniter\Session\Handlers\FileHandler' driver.
WARNING - 2025-06-03 04:10:55 --> Session: Sessions is enabled, and one exists.Please don't $session->start();
INFO - 2025-06-03 04:10:55 --> Session: Class initialized using 'CodeIgniter\Session\Handlers\FileHandler' driver.
WARNING - 2025-06-03 04:10:55 --> Session: Sessions is enabled, and one exists.Please don't $session->start();
INFO - 2025-06-03 04:11:29 --> Session: Class initialized using 'CodeIgniter\Session\Handlers\FileHandler' driver.
WARNING - 2025-06-03 04:11:29 --> Session: Sessions is enabled, and one exists.Please don't $session->start();
INFO - 2025-06-03 04:11:30 --> Session: Class initialized using 'CodeIgniter\Session\Handlers\FileHandler' driver.
WARNING - 2025-06-03 04:11:30 --> Session: Sessions is enabled, and one exists.Please don't $session->start();
INFO - 2025-06-03 04:11:30 --> Session: Class initialized using 'CodeIgniter\Session\Handlers\FileHandler' driver.
WARNING - 2025-06-03 04:11:30 --> Session: Sessions is enabled, and one exists.Please don't $session->start();
INFO - 2025-06-03 04:12:14 --> Session: Class initialized using 'CodeIgniter\Session\Handlers\FileHandler' driver.
WARNING - 2025-06-03 04:12:14 --> Session: Sessions is enabled, and one exists.Please don't $session->start();
INFO - 2025-06-03 04:12:15 --> Session: Class initialized using 'CodeIgniter\Session\Handlers\FileHandler' driver.
WARNING - 2025-06-03 04:12:15 --> Session: Sessions is enabled, and one exists.Please don't $session->start();
INFO - 2025-06-03 04:12:15 --> Session: Class initialized using 'CodeIgniter\Session\Handlers\FileHandler' driver.
WARNING - 2025-06-03 04:12:15 --> Session: Sessions is enabled, and one exists.Please don't $session->start();
INFO - 2025-06-03 04:22:37 --> Session: Class initialized using 'CodeIgniter\Session\Handlers\FileHandler' driver.
WARNING - 2025-06-03 04:22:37 --> Session: Sessions is enabled, and one exists.Please don't $session->start();
INFO - 2025-06-03 04:22:39 --> Session: Class initialized using 'CodeIgniter\Session\Handlers\FileHandler' driver.
WARNING - 2025-06-03 04:22:39 --> Session: Sessions is enabled, and one exists.Please don't $session->start();
INFO - 2025-06-03 04:22:39 --> Session: Class initialized using 'CodeIgniter\Session\Handlers\FileHandler' driver.
WARNING - 2025-06-03 04:22:39 --> Session: Sessions is enabled, and one exists.Please don't $session->start();
INFO - 2025-06-03 04:22:47 --> Session: Class initialized using 'CodeIgniter\Session\Handlers\FileHandler' driver.
WARNING - 2025-06-03 04:22:47 --> Session: Sessions is enabled, and one exists.Please don't $session->start();
INFO - 2025-06-03 04:22:49 --> Session: Class initialized using 'CodeIgniter\Session\Handlers\FileHandler' driver.
WARNING - 2025-06-03 04:22:49 --> Session: Sessions is enabled, and one exists.Please don't $session->start();
INFO - 2025-06-03 04:22:49 --> Session: Class initialized using 'CodeIgniter\Session\Handlers\FileHandler' driver.
WARNING - 2025-06-03 04:22:49 --> Session: Sessions is enabled, and one exists.Please don't $session->start();
INFO - 2025-06-03 04:23:05 --> Session: Class initialized using 'CodeIgniter\Session\Handlers\FileHandler' driver.
WARNING - 2025-06-03 04:23:05 --> Session: Sessions is enabled, and one exists.Please don't $session->start();
INFO - 2025-06-03 04:23:06 --> Session: Class initialized using 'CodeIgniter\Session\Handlers\FileHandler' driver.
WARNING - 2025-06-03 04:23:06 --> Session: Sessions is enabled, and one exists.Please don't $session->start();
INFO - 2025-06-03 04:23:06 --> Session: Class initialized using 'CodeIgniter\Session\Handlers\FileHandler' driver.
WARNING - 2025-06-03 04:23:06 --> Session: Sessions is enabled, and one exists.Please don't $session->start();
INFO - 2025-06-03 04:23:19 --> Session: Class initialized using 'CodeIgniter\Session\Handlers\FileHandler' driver.
WARNING - 2025-06-03 04:23:19 --> Session: Sessions is enabled, and one exists.Please don't $session->start();
INFO - 2025-06-03 04:23:19 --> Session: Class initialized using 'CodeIgniter\Session\Handlers\FileHandler' driver.
WARNING - 2025-06-03 04:23:19 --> Session: Sessions is enabled, and one exists.Please don't $session->start();
INFO - 2025-06-03 04:23:19 --> Session: Class initialized using 'CodeIgniter\Session\Handlers\FileHandler' driver.
WARNING - 2025-06-03 04:23:19 --> Session: Sessions is enabled, and one exists.Please don't $session->start();
INFO - 2025-06-03 04:23:43 --> Session: Class initialized using 'CodeIgniter\Session\Handlers\FileHandler' driver.
WARNING - 2025-06-03 04:23:43 --> Session: Sessions is enabled, and one exists.Please don't $session->start();
INFO - 2025-06-03 04:23:44 --> Session: Class initialized using 'CodeIgniter\Session\Handlers\FileHandler' driver.
WARNING - 2025-06-03 04:23:44 --> Session: Sessions is enabled, and one exists.Please don't $session->start();
INFO - 2025-06-03 04:23:44 --> Session: Class initialized using 'CodeIgniter\Session\Handlers\FileHandler' driver.
WARNING - 2025-06-03 04:23:44 --> Session: Sessions is enabled, and one exists.Please don't $session->start();
INFO - 2025-06-03 04:23:52 --> Session: Class initialized using 'CodeIgniter\Session\Handlers\FileHandler' driver.
WARNING - 2025-06-03 04:23:52 --> Session: Sessions is enabled, and one exists.Please don't $session->start();
INFO - 2025-06-03 04:23:53 --> Session: Class initialized using 'CodeIgniter\Session\Handlers\FileHandler' driver.
WARNING - 2025-06-03 04:23:53 --> Session: Sessions is enabled, and one exists.Please don't $session->start();
INFO - 2025-06-03 04:23:53 --> Session: Class initialized using 'CodeIgniter\Session\Handlers\FileHandler' driver.
WARNING - 2025-06-03 04:23:53 --> Session: Sessions is enabled, and one exists.Please don't $session->start();
INFO - 2025-06-03 04:24:15 --> Session: Class initialized using 'CodeIgniter\Session\Handlers\FileHandler' driver.
WARNING - 2025-06-03 04:24:15 --> Session: Sessions is enabled, and one exists.Please don't $session->start();
INFO - 2025-06-03 04:25:19 --> Session: Class initialized using 'CodeIgniter\Session\Handlers\FileHandler' driver.
WARNING - 2025-06-03 04:25:19 --> Session: Sessions is enabled, and one exists.Please don't $session->start();
INFO - 2025-06-03 04:25:29 --> Session: Class initialized using 'CodeIgniter\Session\Handlers\FileHandler' driver.
WARNING - 2025-06-03 04:25:29 --> Session: Sessions is enabled, and one exists.Please don't $session->start();
INFO - 2025-06-03 04:25:40 --> Session: Class initialized using 'CodeIgniter\Session\Handlers\FileHandler' driver.
WARNING - 2025-06-03 04:25:40 --> Session: Sessions is enabled, and one exists.Please don't $session->start();
INFO - 2025-06-03 04:25:58 --> Session: Class initialized using 'CodeIgniter\Session\Handlers\FileHandler' driver.
WARNING - 2025-06-03 04:25:58 --> Session: Sessions is enabled, and one exists.Please don't $session->start();
INFO - 2025-06-03 04:26:42 --> Session: Class initialized using 'CodeIgniter\Session\Handlers\FileHandler' driver.
WARNING - 2025-06-03 04:26:42 --> Session: Sessions is enabled, and one exists.Please don't $session->start();
INFO - 2025-06-03 04:26:53 --> Session: Class initialized using 'CodeIgniter\Session\Handlers\FileHandler' driver.
WARNING - 2025-06-03 04:26:53 --> Session: Sessions is enabled, and one exists.Please don't $session->start();
INFO - 2025-06-03 04:27:10 --> Session: Class initialized using 'CodeIgniter\Session\Handlers\FileHandler' driver.
WARNING - 2025-06-03 04:27:10 --> Session: Sessions is enabled, and one exists.Please don't $session->start();
INFO - 2025-06-03 05:40:52 --> Session: Class initialized using 'CodeIgniter\Session\Handlers\FileHandler' driver.
WARNING - 2025-06-03 05:40:52 --> Session: Sessions is enabled, and one exists.Please don't $session->start();
INFO - 2025-06-03 05:40:53 --> Session: Class initialized using 'CodeIgniter\Session\Handlers\FileHandler' driver.
WARNING - 2025-06-03 05:40:53 --> Session: Sessions is enabled, and one exists.Please don't $session->start();
INFO - 2025-06-03 05:45:35 --> Session: Class initialized using 'CodeIgniter\Session\Handlers\FileHandler' driver.
WARNING - 2025-06-03 05:45:35 --> Session: Sessions is enabled, and one exists.Please don't $session->start();
INFO - 2025-06-03 05:45:36 --> Session: Class initialized using 'CodeIgniter\Session\Handlers\FileHandler' driver.
WARNING - 2025-06-03 05:45:36 --> Session: Sessions is enabled, and one exists.Please don't $session->start();
INFO - 2025-06-03 06:00:18 --> Session: Class initialized using 'CodeIgniter\Session\Handlers\FileHandler' driver.
WARNING - 2025-06-03 06:00:18 --> Session: Sessions is enabled, and one exists.Please don't $session->start();
INFO - 2025-06-03 06:00:18 --> Session: Class initialized using 'CodeIgniter\Session\Handlers\FileHandler' driver.
WARNING - 2025-06-03 06:00:18 --> Session: Sessions is enabled, and one exists.Please don't $session->start();
INFO - 2025-06-03 06:04:44 --> Session: Class initialized using 'CodeIgniter\Session\Handlers\FileHandler' driver.
WARNING - 2025-06-03 06:04:44 --> Session: Sessions is enabled, and one exists.Please don't $session->start();
CRITICAL - 2025-06-03 06:04:44 --> Invalid file: admin/pengaturan/js.php
#0 /Users/redhorivai/Documents/sribertech/framework codeigniter/Sistem Informasi Manajemen Sekolah Terintegrasi - SiMaKora/system/View/View.php(228): CodeIgniter\Exceptions\FrameworkException::forInvalidFile('admin/pengatura...')
#1 /Users/redhorivai/Documents/sribertech/framework codeigniter/Sistem Informasi Manajemen Sekolah Terintegrasi - SiMaKora/system/Common.php(1119): CodeIgniter\View\View->render('admin/pengatura...', Array, true)
#2 /Users/redhorivai/Documents/sribertech/framework codeigniter/Sistem Informasi Manajemen Sekolah Terintegrasi - SiMaKora/app/Views/admin/layout/script.php(54): view('admin/pengatura...')
#3 /Users/redhorivai/Documents/sribertech/framework codeigniter/Sistem Informasi Manajemen Sekolah Terintegrasi - SiMaKora/system/View/View.php(246): include('/Users/redhoriv...')
#4 /Users/redhorivai/Documents/sribertech/framework codeigniter/Sistem Informasi Manajemen Sekolah Terintegrasi - SiMaKora/system/View/View.php(525): CodeIgniter\View\View->render('admin/layout/sc...', NULL, true)
#5 /Users/redhorivai/Documents/sribertech/framework codeigniter/Sistem Informasi Manajemen Sekolah Terintegrasi - SiMaKora/app/Views/admin/layout/main_layout.php(51): CodeIgniter\View\View->include('admin/layout/sc...')
#6 /Users/redhorivai/Documents/sribertech/framework codeigniter/Sistem Informasi Manajemen Sekolah Terintegrasi - SiMaKora/system/View/View.php(246): include('/Users/redhoriv...')
#7 /Users/redhorivai/Documents/sribertech/framework codeigniter/Sistem Informasi Manajemen Sekolah Terintegrasi - SiMaKora/system/View/View.php(257): CodeIgniter\View\View->render('admin/layout/ma...', Array, true)
#8 /Users/redhorivai/Documents/sribertech/framework codeigniter/Sistem Informasi Manajemen Sekolah Terintegrasi - SiMaKora/system/Common.php(1119): CodeIgniter\View\View->render('admin/pengatura...', Array, true)
#9 /Users/redhorivai/Documents/sribertech/framework codeigniter/Sistem Informasi Manajemen Sekolah Terintegrasi - SiMaKora/app/Controllers/PengaturanSekolah.php(28): view('admin/pengatura...', Array)
#10 /Users/redhorivai/Documents/sribertech/framework codeigniter/Sistem Informasi Manajemen Sekolah Terintegrasi - SiMaKora/system/CodeIgniter.php(918): App\Controllers\PengaturanSekolah->index()
#11 /Users/redhorivai/Documents/sribertech/framework codeigniter/Sistem Informasi Manajemen Sekolah Terintegrasi - SiMaKora/system/CodeIgniter.php(404): CodeIgniter\CodeIgniter->runController(Object(App\Controllers\PengaturanSekolah))
#12 /Users/redhorivai/Documents/sribertech/framework codeigniter/Sistem Informasi Manajemen Sekolah Terintegrasi - SiMaKora/system/CodeIgniter.php(312): CodeIgniter\CodeIgniter->handleRequest(NULL, Object(Config\Cache), false)
#13 /Users/redhorivai/Documents/sribertech/framework codeigniter/Sistem Informasi Manajemen Sekolah Terintegrasi - SiMaKora/public/index.php(45): CodeIgniter\CodeIgniter->run()
#14 /Users/redhorivai/Documents/sribertech/framework codeigniter/Sistem Informasi Manajemen Sekolah Terintegrasi - SiMaKora/system/Commands/Server/rewrite.php(34): require_once('/Users/redhoriv...')
#15 {main}
INFO - 2025-06-03 06:05:12 --> Session: Class initialized using 'CodeIgniter\Session\Handlers\FileHandler' driver.
WARNING - 2025-06-03 06:05:12 --> Session: Sessions is enabled, and one exists.Please don't $session->start();
INFO - 2025-06-03 06:05:14 --> Session: Class initialized using 'CodeIgniter\Session\Handlers\FileHandler' driver.
WARNING - 2025-06-03 06:05:14 --> Session: Sessions is enabled, and one exists.Please don't $session->start();
INFO - 2025-06-03 06:15:42 --> Session: Class initialized using 'CodeIgniter\Session\Handlers\FileHandler' driver.
WARNING - 2025-06-03 06:15:42 --> Session: Sessions is enabled, and one exists.Please don't $session->start();
INFO - 2025-06-03 06:23:41 --> Session: Class initialized using 'CodeIgniter\Session\Handlers\FileHandler' driver.
WARNING - 2025-06-03 06:23:41 --> Session: Sessions is enabled, and one exists.Please don't $session->start();
INFO - 2025-06-03 06:33:15 --> Session: Class initialized using 'CodeIgniter\Session\Handlers\FileHandler' driver.
WARNING - 2025-06-03 06:33:15 --> Session: Sessions is enabled, and one exists.Please don't $session->start();
CRITICAL - 2025-06-03 06:33:15 --> Trying to get property 'id' of non-object
#0 /Users/redhorivai/Documents/sribertech/framework codeigniter/Sistem Informasi Manajemen Sekolah Terintegrasi - SiMaKora/app/Views/admin/pengaturansekolah/index.php(23): CodeIgniter\Debug\Exceptions->errorHandler(8, 'Trying to get p...', '/Users/redhoriv...', 23, Array)
#1 /Users/redhorivai/Documents/sribertech/framework codeigniter/Sistem Informasi Manajemen Sekolah Terintegrasi - SiMaKora/system/View/View.php(246): include('/Users/redhoriv...')
#2 /Users/redhorivai/Documents/sribertech/framework codeigniter/Sistem Informasi Manajemen Sekolah Terintegrasi - SiMaKora/system/Common.php(1119): CodeIgniter\View\View->render('admin/pengatura...', Array, true)
#3 /Users/redhorivai/Documents/sribertech/framework codeigniter/Sistem Informasi Manajemen Sekolah Terintegrasi - SiMaKora/app/Controllers/PengaturanSekolah.php(28): view('admin/pengatura...', Array)
#4 /Users/redhorivai/Documents/sribertech/framework codeigniter/Sistem Informasi Manajemen Sekolah Terintegrasi - SiMaKora/system/CodeIgniter.php(918): App\Controllers\PengaturanSekolah->index()
#5 /Users/redhorivai/Documents/sribertech/framework codeigniter/Sistem Informasi Manajemen Sekolah Terintegrasi - SiMaKora/system/CodeIgniter.php(404): CodeIgniter\CodeIgniter->runController(Object(App\Controllers\PengaturanSekolah))
#6 /Users/redhorivai/Documents/sribertech/framework codeigniter/Sistem Informasi Manajemen Sekolah Terintegrasi - SiMaKora/system/CodeIgniter.php(312): CodeIgniter\CodeIgniter->handleRequest(NULL, Object(Config\Cache), false)
#7 /Users/redhorivai/Documents/sribertech/framework codeigniter/Sistem Informasi Manajemen Sekolah Terintegrasi - SiMaKora/public/index.php(45): CodeIgniter\CodeIgniter->run()
#8 /Users/redhorivai/Documents/sribertech/framework codeigniter/Sistem Informasi Manajemen Sekolah Terintegrasi - SiMaKora/system/Commands/Server/rewrite.php(34): require_once('/Users/redhoriv...')
#9 {main}
INFO - 2025-06-03 06:36:04 --> Session: Class initialized using 'CodeIgniter\Session\Handlers\FileHandler' driver.
WARNING - 2025-06-03 06:36:04 --> Session: Sessions is enabled, and one exists.Please don't $session->start();
CRITICAL - 2025-06-03 06:36:04 --> Trying to get property 'id' of non-object
#0 /Users/redhorivai/Documents/sribertech/framework codeigniter/Sistem Informasi Manajemen Sekolah Terintegrasi - SiMaKora/app/Views/admin/pengaturansekolah/index.php(23): CodeIgniter\Debug\Exceptions->errorHandler(8, 'Trying to get p...', '/Users/redhoriv...', 23, Array)
#1 /Users/redhorivai/Documents/sribertech/framework codeigniter/Sistem Informasi Manajemen Sekolah Terintegrasi - SiMaKora/system/View/View.php(246): include('/Users/redhoriv...')
#2 /Users/redhorivai/Documents/sribertech/framework codeigniter/Sistem Informasi Manajemen Sekolah Terintegrasi - SiMaKora/system/Common.php(1119): CodeIgniter\View\View->render('admin/pengatura...', Array, true)
#3 /Users/redhorivai/Documents/sribertech/framework codeigniter/Sistem Informasi Manajemen Sekolah Terintegrasi - SiMaKora/app/Controllers/PengaturanSekolah.php(28): view('admin/pengatura...', Array)
#4 /Users/redhorivai/Documents/sribertech/framework codeigniter/Sistem Informasi Manajemen Sekolah Terintegrasi - SiMaKora/system/CodeIgniter.php(918): App\Controllers\PengaturanSekolah->index()
#5 /Users/redhorivai/Documents/sribertech/framework codeigniter/Sistem Informasi Manajemen Sekolah Terintegrasi - SiMaKora/system/CodeIgniter.php(404): CodeIgniter\CodeIgniter->runController(Object(App\Controllers\PengaturanSekolah))
#6 /Users/redhorivai/Documents/sribertech/framework codeigniter/Sistem Informasi Manajemen Sekolah Terintegrasi - SiMaKora/system/CodeIgniter.php(312): CodeIgniter\CodeIgniter->handleRequest(NULL, Object(Config\Cache), false)
#7 /Users/redhorivai/Documents/sribertech/framework codeigniter/Sistem Informasi Manajemen Sekolah Terintegrasi - SiMaKora/public/index.php(45): CodeIgniter\CodeIgniter->run()
#8 /Users/redhorivai/Documents/sribertech/framework codeigniter/Sistem Informasi Manajemen Sekolah Terintegrasi - SiMaKora/system/Commands/Server/rewrite.php(34): require_once('/Users/redhoriv...')
#9 {main}
INFO - 2025-06-03 06:37:48 --> Session: Class initialized using 'CodeIgniter\Session\Handlers\FileHandler' driver.
WARNING - 2025-06-03 06:37:48 --> Session: Sessions is enabled, and one exists.Please don't $session->start();
INFO - 2025-06-03 06:38:27 --> Session: Class initialized using 'CodeIgniter\Session\Handlers\FileHandler' driver.
WARNING - 2025-06-03 06:38:27 --> Session: Sessions is enabled, and one exists.Please don't $session->start();
INFO - 2025-06-03 06:38:34 --> Session: Class initialized using 'CodeIgniter\Session\Handlers\FileHandler' driver.
WARNING - 2025-06-03 06:38:34 --> Session: Sessions is enabled, and one exists.Please don't $session->start();
INFO - 2025-06-03 06:40:13 --> Session: Class initialized using 'CodeIgniter\Session\Handlers\FileHandler' driver.
WARNING - 2025-06-03 06:40:13 --> Session: Sessions is enabled, and one exists.Please don't $session->start();
INFO - 2025-06-03 06:40:15 --> Session: Class initialized using 'CodeIgniter\Session\Handlers\FileHandler' driver.
WARNING - 2025-06-03 06:40:15 --> Session: Sessions is enabled, and one exists.Please don't $session->start();
INFO - 2025-06-03 06:40:24 --> Session: Class initialized using 'CodeIgniter\Session\Handlers\FileHandler' driver.
WARNING - 2025-06-03 06:40:24 --> Session: Sessions is enabled, and one exists.Please don't $session->start();
INFO - 2025-06-03 06:40:25 --> Session: Class initialized using 'CodeIgniter\Session\Handlers\FileHandler' driver.
WARNING - 2025-06-03 06:40:25 --> Session: Sessions is enabled, and one exists.Please don't $session->start();
INFO - 2025-06-03 06:40:36 --> Session: Class initialized using 'CodeIgniter\Session\Handlers\FileHandler' driver.
WARNING - 2025-06-03 06:40:36 --> Session: Sessions is enabled, and one exists.Please don't $session->start();
INFO - 2025-06-03 06:40:37 --> Session: Class initialized using 'CodeIgniter\Session\Handlers\FileHandler' driver.
WARNING - 2025-06-03 06:40:37 --> Session: Sessions is enabled, and one exists.Please don't $session->start();
INFO - 2025-06-03 06:40:38 --> Session: Class initialized using 'CodeIgniter\Session\Handlers\FileHandler' driver.
WARNING - 2025-06-03 06:40:38 --> Session: Sessions is enabled, and one exists.Please don't $session->start();
INFO - 2025-06-03 06:40:43 --> Session: Class initialized using 'CodeIgniter\Session\Handlers\FileHandler' driver.
WARNING - 2025-06-03 06:40:43 --> Session: Sessions is enabled, and one exists.Please don't $session->start();
INFO - 2025-06-03 06:41:44 --> Session: Class initialized using 'CodeIgniter\Session\Handlers\FileHandler' driver.
WARNING - 2025-06-03 06:41:44 --> Session: Sessions is enabled, and one exists.Please don't $session->start();
INFO - 2025-06-03 06:41:45 --> Session: Class initialized using 'CodeIgniter\Session\Handlers\FileHandler' driver.
WARNING - 2025-06-03 06:41:45 --> Session: Sessions is enabled, and one exists.Please don't $session->start();
INFO - 2025-06-03 06:41:46 --> Session: Class initialized using 'CodeIgniter\Session\Handlers\FileHandler' driver.
WARNING - 2025-06-03 06:41:46 --> Session: Sessions is enabled, and one exists.Please don't $session->start();
INFO - 2025-06-03 06:41:57 --> Session: Class initialized using 'CodeIgniter\Session\Handlers\FileHandler' driver.
WARNING - 2025-06-03 06:41:57 --> Session: Sessions is enabled, and one exists.Please don't $session->start();
INFO - 2025-06-03 06:42:00 --> Session: Class initialized using 'CodeIgniter\Session\Handlers\FileHandler' driver.
WARNING - 2025-06-03 06:42:00 --> Session: Sessions is enabled, and one exists.Please don't $session->start();
INFO - 2025-06-03 06:42:00 --> Session: Class initialized using 'CodeIgniter\Session\Handlers\FileHandler' driver.
WARNING - 2025-06-03 06:42:00 --> Session: Sessions is enabled, and one exists.Please don't $session->start();
INFO - 2025-06-03 06:42:06 --> Session: Class initialized using 'CodeIgniter\Session\Handlers\FileHandler' driver.
WARNING - 2025-06-03 06:42:06 --> Session: Sessions is enabled, and one exists.Please don't $session->start();
INFO - 2025-06-03 06:42:22 --> Session: Class initialized using 'CodeIgniter\Session\Handlers\FileHandler' driver.
WARNING - 2025-06-03 06:42:22 --> Session: Sessions is enabled, and one exists.Please don't $session->start();
INFO - 2025-06-03 06:42:34 --> Session: Class initialized using 'CodeIgniter\Session\Handlers\FileHandler' driver.
WARNING - 2025-06-03 06:42:34 --> Session: Sessions is enabled, and one exists.Please don't $session->start();
INFO - 2025-06-03 06:42:35 --> Session: Class initialized using 'CodeIgniter\Session\Handlers\FileHandler' driver.
WARNING - 2025-06-03 06:42:35 --> Session: Sessions is enabled, and one exists.Please don't $session->start();
INFO - 2025-06-03 06:42:35 --> Session: Class initialized using 'CodeIgniter\Session\Handlers\FileHandler' driver.
WARNING - 2025-06-03 06:42:35 --> Session: Sessions is enabled, and one exists.Please don't $session->start();
INFO - 2025-06-03 06:42:37 --> Session: Class initialized using 'CodeIgniter\Session\Handlers\FileHandler' driver.
WARNING - 2025-06-03 06:42:37 --> Session: Sessions is enabled, and one exists.Please don't $session->start();
INFO - 2025-06-03 06:42:40 --> Session: Class initialized using 'CodeIgniter\Session\Handlers\FileHandler' driver.
WARNING - 2025-06-03 06:42:40 --> Session: Sessions is enabled, and one exists.Please don't $session->start();
INFO - 2025-06-03 06:42:41 --> Session: Class initialized using 'CodeIgniter\Session\Handlers\FileHandler' driver.
WARNING - 2025-06-03 06:42:41 --> Session: Sessions is enabled, and one exists.Please don't $session->start();
INFO - 2025-06-03 06:42:42 --> Session: Class initialized using 'CodeIgniter\Session\Handlers\FileHandler' driver.
WARNING - 2025-06-03 06:42:42 --> Session: Sessions is enabled, and one exists.Please don't $session->start();
INFO - 2025-06-03 06:42:43 --> Session: Class initialized using 'CodeIgniter\Session\Handlers\FileHandler' driver.
WARNING - 2025-06-03 06:42:43 --> Session: Sessions is enabled, and one exists.Please don't $session->start();
INFO - 2025-06-03 06:42:51 --> Session: Class initialized using 'CodeIgniter\Session\Handlers\FileHandler' driver.
WARNING - 2025-06-03 06:42:51 --> Session: Sessions is enabled, and one exists.Please don't $session->start();
INFO - 2025-06-03 06:43:57 --> Session: Class initialized using 'CodeIgniter\Session\Handlers\FileHandler' driver.
WARNING - 2025-06-03 06:43:57 --> Session: Sessions is enabled, and one exists.Please don't $session->start();
INFO - 2025-06-03 06:45:48 --> Session: Class initialized using 'CodeIgniter\Session\Handlers\FileHandler' driver.
WARNING - 2025-06-03 06:45:48 --> Session: Sessions is enabled, and one exists.Please don't $session->start();
CRITICAL - 2025-06-03 06:45:48 --> Undefined variable: akun
#0 /Users/redhorivai/Documents/sribertech/framework codeigniter/Sistem Informasi Manajemen Sekolah Terintegrasi - SiMaKora/app/Views/admin/pengaturansekolah/index.php(32): CodeIgniter\Debug\Exceptions->errorHandler(8, 'Undefined varia...', '/Users/redhoriv...', 32, Array)
#1 /Users/redhorivai/Documents/sribertech/framework codeigniter/Sistem Informasi Manajemen Sekolah Terintegrasi - SiMaKora/system/View/View.php(246): include('/Users/redhoriv...')
#2 /Users/redhorivai/Documents/sribertech/framework codeigniter/Sistem Informasi Manajemen Sekolah Terintegrasi - SiMaKora/system/Common.php(1119): CodeIgniter\View\View->render('admin/pengatura...', Array, true)
#3 /Users/redhorivai/Documents/sribertech/framework codeigniter/Sistem Informasi Manajemen Sekolah Terintegrasi - SiMaKora/app/Controllers/PengaturanSekolah.php(28): view('admin/pengatura...', Array)
#4 /Users/redhorivai/Documents/sribertech/framework codeigniter/Sistem Informasi Manajemen Sekolah Terintegrasi - SiMaKora/system/CodeIgniter.php(918): App\Controllers\PengaturanSekolah->index()
#5 /Users/redhorivai/Documents/sribertech/framework codeigniter/Sistem Informasi Manajemen Sekolah Terintegrasi - SiMaKora/system/CodeIgniter.php(404): CodeIgniter\CodeIgniter->runController(Object(App\Controllers\PengaturanSekolah))
#6 /Users/redhorivai/Documents/sribertech/framework codeigniter/Sistem Informasi Manajemen Sekolah Terintegrasi - SiMaKora/system/CodeIgniter.php(312): CodeIgniter\CodeIgniter->handleRequest(NULL, Object(Config\Cache), false)
#7 /Users/redhorivai/Documents/sribertech/framework codeigniter/Sistem Informasi Manajemen Sekolah Terintegrasi - SiMaKora/public/index.php(45): CodeIgniter\CodeIgniter->run()
#8 /Users/redhorivai/Documents/sribertech/framework codeigniter/Sistem Informasi Manajemen Sekolah Terintegrasi - SiMaKora/system/Commands/Server/rewrite.php(34): require_once('/Users/redhoriv...')
#9 {main}
INFO - 2025-06-03 06:45:58 --> Session: Class initialized using 'CodeIgniter\Session\Handlers\FileHandler' driver.
WARNING - 2025-06-03 06:45:58 --> Session: Sessions is enabled, and one exists.Please don't $session->start();
INFO - 2025-06-03 06:46:26 --> Session: Class initialized using 'CodeIgniter\Session\Handlers\FileHandler' driver.
WARNING - 2025-06-03 06:46:26 --> Session: Sessions is enabled, and one exists.Please don't $session->start();
INFO - 2025-06-03 06:49:21 --> Session: Class initialized using 'CodeIgniter\Session\Handlers\FileHandler' driver.
WARNING - 2025-06-03 06:49:21 --> Session: Sessions is enabled, and one exists.Please don't $session->start();
INFO - 2025-06-03 06:50:07 --> Session: Class initialized using 'CodeIgniter\Session\Handlers\FileHandler' driver.
WARNING - 2025-06-03 06:50:07 --> Session: Sessions is enabled, and one exists.Please don't $session->start();
INFO - 2025-06-03 06:50:19 --> Session: Class initialized using 'CodeIgniter\Session\Handlers\FileHandler' driver.
WARNING - 2025-06-03 06:50:19 --> Session: Sessions is enabled, and one exists.Please don't $session->start();
INFO - 2025-06-03 06:51:40 --> Session: Class initialized using 'CodeIgniter\Session\Handlers\FileHandler' driver.
WARNING - 2025-06-03 06:51:40 --> Session: Sessions is enabled, and one exists.Please don't $session->start();
INFO - 2025-06-03 06:52:30 --> Session: Class initialized using 'CodeIgniter\Session\Handlers\FileHandler' driver.
WARNING - 2025-06-03 06:52:30 --> Session: Sessions is enabled, and one exists.Please don't $session->start();
INFO - 2025-06-03 06:53:00 --> Session: Class initialized using 'CodeIgniter\Session\Handlers\FileHandler' driver.
WARNING - 2025-06-03 06:53:00 --> Session: Sessions is enabled, and one exists.Please don't $session->start();
INFO - 2025-06-03 06:55:39 --> Session: Class initialized using 'CodeIgniter\Session\Handlers\FileHandler' driver.
WARNING - 2025-06-03 06:55:39 --> Session: Sessions is enabled, and one exists.Please don't $session->start();
INFO - 2025-06-03 06:55:55 --> Session: Class initialized using 'CodeIgniter\Session\Handlers\FileHandler' driver.
WARNING - 2025-06-03 06:55:55 --> Session: Sessions is enabled, and one exists.Please don't $session->start();
INFO - 2025-06-03 07:00:37 --> Session: Class initialized using 'CodeIgniter\Session\Handlers\FileHandler' driver.
WARNING - 2025-06-03 07:00:37 --> Session: Sessions is enabled, and one exists.Please don't $session->start();
INFO - 2025-06-03 07:02:39 --> Session: Class initialized using 'CodeIgniter\Session\Handlers\FileHandler' driver.
WARNING - 2025-06-03 07:02:39 --> Session: Sessions is enabled, and one exists.Please don't $session->start();
INFO - 2025-06-03 07:02:56 --> Session: Class initialized using 'CodeIgniter\Session\Handlers\FileHandler' driver.
WARNING - 2025-06-03 07:02:56 --> Session: Sessions is enabled, and one exists.Please don't $session->start();
INFO - 2025-06-03 07:03:08 --> Session: Class initialized using 'CodeIgniter\Session\Handlers\FileHandler' driver.
WARNING - 2025-06-03 07:03:08 --> Session: Sessions is enabled, and one exists.Please don't $session->start();
INFO - 2025-06-03 07:06:51 --> Session: Class initialized using 'CodeIgniter\Session\Handlers\FileHandler' driver.
WARNING - 2025-06-03 07:06:51 --> Session: Sessions is enabled, and one exists.Please don't $session->start();
INFO - 2025-06-03 07:07:06 --> Session: Class initialized using 'CodeIgniter\Session\Handlers\FileHandler' driver.
WARNING - 2025-06-03 07:07:06 --> Session: Sessions is enabled, and one exists.Please don't $session->start();
INFO - 2025-06-03 07:09:45 --> Session: Class initialized using 'CodeIgniter\Session\Handlers\FileHandler' driver.
WARNING - 2025-06-03 07:09:45 --> Session: Sessions is enabled, and one exists.Please don't $session->start();
INFO - 2025-06-03 07:10:22 --> Session: Class initialized using 'CodeIgniter\Session\Handlers\FileHandler' driver.
WARNING - 2025-06-03 07:10:22 --> Session: Sessions is enabled, and one exists.Please don't $session->start();
INFO - 2025-06-03 07:11:57 --> Session: Class initialized using 'CodeIgniter\Session\Handlers\FileHandler' driver.
WARNING - 2025-06-03 07:11:57 --> Session: Sessions is enabled, and one exists.Please don't $session->start();
INFO - 2025-06-03 07:12:43 --> Session: Class initialized using 'CodeIgniter\Session\Handlers\FileHandler' driver.
WARNING - 2025-06-03 07:12:43 --> Session: Sessions is enabled, and one exists.Please don't $session->start();
INFO - 2025-06-03 07:12:55 --> Session: Class initialized using 'CodeIgniter\Session\Handlers\FileHandler' driver.
WARNING - 2025-06-03 07:12:55 --> Session: Sessions is enabled, and one exists.Please don't $session->start();
INFO - 2025-06-03 07:13:05 --> Session: Class initialized using 'CodeIgniter\Session\Handlers\FileHandler' driver.
WARNING - 2025-06-03 07:13:05 --> Session: Sessions is enabled, and one exists.Please don't $session->start();
INFO - 2025-06-03 07:13:57 --> Session: Class initialized using 'CodeIgniter\Session\Handlers\FileHandler' driver.
WARNING - 2025-06-03 07:13:57 --> Session: Sessions is enabled, and one exists.Please don't $session->start();
INFO - 2025-06-03 07:14:21 --> Session: Class initialized using 'CodeIgniter\Session\Handlers\FileHandler' driver.
WARNING - 2025-06-03 07:14:21 --> Session: Sessions is enabled, and one exists.Please don't $session->start();
INFO - 2025-06-03 07:16:04 --> Session: Class initialized using 'CodeIgniter\Session\Handlers\FileHandler' driver.
WARNING - 2025-06-03 07:16:04 --> Session: Sessions is enabled, and one exists.Please don't $session->start();
INFO - 2025-06-03 07:17:28 --> Session: Class initialized using 'CodeIgniter\Session\Handlers\FileHandler' driver.
WARNING - 2025-06-03 07:17:28 --> Session: Sessions is enabled, and one exists.Please don't $session->start();
INFO - 2025-06-03 07:17:49 --> Session: Class initialized using 'CodeIgniter\Session\Handlers\FileHandler' driver.
WARNING - 2025-06-03 07:17:49 --> Session: Sessions is enabled, and one exists.Please don't $session->start();
INFO - 2025-06-03 07:18:04 --> Session: Class initialized using 'CodeIgniter\Session\Handlers\FileHandler' driver.
WARNING - 2025-06-03 07:18:04 --> Session: Sessions is enabled, and one exists.Please don't $session->start();
INFO - 2025-06-03 07:22:57 --> Session: Class initialized using 'CodeIgniter\Session\Handlers\FileHandler' driver.
WARNING - 2025-06-03 07:22:57 --> Session: Sessions is enabled, and one exists.Please don't $session->start();
INFO - 2025-06-03 07:23:21 --> Session: Class initialized using 'CodeIgniter\Session\Handlers\FileHandler' driver.
WARNING - 2025-06-03 07:23:21 --> Session: Sessions is enabled, and one exists.Please don't $session->start();
INFO - 2025-06-03 07:24:50 --> Session: Class initialized using 'CodeIgniter\Session\Handlers\FileHandler' driver.
WARNING - 2025-06-03 07:24:50 --> Session: Sessions is enabled, and one exists.Please don't $session->start();
INFO - 2025-06-03 16:03:01 --> Session: Class initialized using 'CodeIgniter\Session\Handlers\FileHandler' driver.
WARNING - 2025-06-03 16:03:01 --> Session: Sessions is enabled, and one exists.Please don't $session->start();
INFO - 2025-06-03 16:03:12 --> Session: Class initialized using 'CodeIgniter\Session\Handlers\FileHandler' driver.
WARNING - 2025-06-03 16:03:12 --> Session: Sessions is enabled, and one exists.Please don't $session->start();
INFO - 2025-06-03 16:03:14 --> Session: Class initialized using 'CodeIgniter\Session\Handlers\FileHandler' driver.
WARNING - 2025-06-03 16:03:14 --> Session: Sessions is enabled, and one exists.Please don't $session->start();
INFO - 2025-06-03 16:03:18 --> Session: Class initialized using 'CodeIgniter\Session\Handlers\FileHandler' driver.
WARNING - 2025-06-03 16:03:18 --> Session: Sessions is enabled, and one exists.Please don't $session->start();
INFO - 2025-06-03 16:03:19 --> Session: Class initialized using 'CodeIgniter\Session\Handlers\FileHandler' driver.
WARNING - 2025-06-03 16:03:19 --> Session: Sessions is enabled, and one exists.Please don't $session->start();
INFO - 2025-06-03 16:03:21 --> Session: Class initialized using 'CodeIgniter\Session\Handlers\FileHandler' driver.
WARNING - 2025-06-03 16:03:21 --> Session: Sessions is enabled, and one exists.Please don't $session->start();
INFO - 2025-06-03 16:13:03 --> Session: Class initialized using 'CodeIgniter\Session\Handlers\FileHandler' driver.
WARNING - 2025-06-03 16:13:03 --> Session: Sessions is enabled, and one exists.Please don't $session->start();
INFO - 2025-06-03 16:19:08 --> Session: Class initialized using 'CodeIgniter\Session\Handlers\FileHandler' driver.
WARNING - 2025-06-03 16:19:08 --> Session: Sessions is enabled, and one exists.Please don't $session->start();
INFO - 2025-06-03 16:20:43 --> Session: Class initialized using 'CodeIgniter\Session\Handlers\FileHandler' driver.
WARNING - 2025-06-03 16:20:43 --> Session: Sessions is enabled, and one exists.Please don't $session->start();
INFO - 2025-06-03 16:21:30 --> Session: Class initialized using 'CodeIgniter\Session\Handlers\FileHandler' driver.
WARNING - 2025-06-03 16:21:30 --> Session: Sessions is enabled, and one exists.Please don't $session->start();
INFO - 2025-06-03 16:22:37 --> Session: Class initialized using 'CodeIgniter\Session\Handlers\FileHandler' driver.
WARNING - 2025-06-03 16:22:37 --> Session: Sessions is enabled, and one exists.Please don't $session->start();
INFO - 2025-06-03 16:24:13 --> Session: Class initialized using 'CodeIgniter\Session\Handlers\FileHandler' driver.
WARNING - 2025-06-03 16:24:13 --> Session: Sessions is enabled, and one exists.Please don't $session->start();
INFO - 2025-06-03 16:35:49 --> Session: Class initialized using 'CodeIgniter\Session\Handlers\FileHandler' driver.
WARNING - 2025-06-03 16:35:49 --> Session: Sessions is enabled, and one exists.Please don't $session->start();
INFO - 2025-06-03 16:41:35 --> Session: Class initialized using 'CodeIgniter\Session\Handlers\FileHandler' driver.
WARNING - 2025-06-03 16:41:35 --> Session: Sessions is enabled, and one exists.Please don't $session->start();
